#
# There is insufficient memory for the Java Runtime Environment to continue.
# Native memory allocation (malloc) failed to allocate 32744 bytes for ChunkPool::allocate
# Possible reasons:
#   The system is out of physical RAM or swap space
#   The process is running with CompressedOops enabled, and the Java Heap may be blocking the growth of the native heap
# Possible solutions:
#   Reduce memory load on the system
#   Increase physical memory or swap space
#   Check if swap backing store is full
#   Decrease Java heap size (-Xmx/-Xms)
#   Decrease number of Java threads
#   Decrease Java thread stack sizes (-Xss)
#   Set larger code cache with -XX:ReservedCodeCacheSize=
#   JVM is running with Unscaled Compressed Oops mode in which the Java heap is
#     placed in the first 4GB address space. The Java Heap base address is the
#     maximum limit for the native heap growth. Please use -XX:HeapBaseMinAddress
#     to set the Java Heap base and to place the Java Heap above 4GB virtual address.
# This output file may be truncated or incomplete.
#
#  Out of Memory Error (allocation.cpp:272), pid=6076, tid=0x0000000000001520
#
# JRE version: OpenJDK Runtime Environment (8.0_212-b04) (build 1.8.0_212-release-1586-b04)
# Java VM: OpenJDK 64-Bit Server VM (25.212-b04 mixed mode windows-amd64 compressed oops)
# Failed to write core dump. Minidumps are not enabled by default on client versions of Windows
#

---------------  T H R E A D  ---------------

Current thread (0x000000005746f000):  JavaThread "C1 CompilerThread2" daemon [_thread_in_native, id=5408, stack(0x0000000057db0000,0x0000000057eb0000)]

Stack: [0x0000000057db0000,0x0000000057eb0000]
[error occurred during error reporting (printing stack bounds), id 0xc0000005]

Native frames: (J=compiled Java code, j=interpreted, Vv=VM code, C=native code)


Current CompileTask:
C1:  27875 5060       3      
[error occurred during error reporting (printing current compile task), id 0xe0000001]


---------------  P R O C E S S  ---------------

Java Threads: ( => current thread )
  0x0000000059870800 JavaThread "Cache worker for Build Output Cleanup Cache (C:\Users\hisham kilany\myappliction\.gradle\buildOutputCleanup)" [_thread_blocked, id=6128, stack(0x0000000061880000,0x0000000061980000)]
  0x0000000059870000 JavaThread "Build operations Thread 4" [_thread_blocked, id=2940, stack(0x00000000610b0000,0x00000000611b0000)]
  0x000000005986f000 JavaThread "Build operations Thread 3" [_thread_blocked, id=4724, stack(0x0000000060f70000,0x0000000061070000)]
  0x000000005986e800 JavaThread "Build operations Thread 2" [_thread_blocked, id=5636, stack(0x000000005be40000,0x000000005bf40000)]
  0x000000005986d800 JavaThread "Build operations" [_thread_blocked, id=4676, stack(0x0000000060d60000,0x0000000060e60000)]
  0x000000005986c000 JavaThread "Cache worker for execution history cache (C:\Users\hisham kilany\.gradle\caches\5.6.4\executionHistory)" [_thread_blocked, id=4396, stack(0x000000005c150000,0x000000005c250000)]
  0x000000005986b800 JavaThread "Cache worker for cache directory md-rule (C:\Users\hisham kilany\.gradle\caches\5.6.4\md-rule)" [_thread_blocked, id=5880, stack(0x0000000060120000,0x0000000060220000)]
  0x000000005986a800 JavaThread "Cache worker for cache directory md-supplier (C:\Users\hisham kilany\.gradle\caches\5.6.4\md-supplier)" [_thread_blocked, id=4892, stack(0x000000005ff60000,0x0000000060060000)]
  0x0000000059866800 JavaThread "Cache worker for file hash cache (C:\Users\hisham kilany\myappliction\.gradle\5.6.4\fileHashes)" [_thread_blocked, id=3000, stack(0x000000005ea00000,0x000000005eb00000)]
  0x0000000059866000 JavaThread "Cache worker for journal cache (C:\Users\hisham kilany\.gradle\caches\journal-1)" [_thread_blocked, id=4796, stack(0x000000005c260000,0x000000005c360000)]
  0x0000000059865000 JavaThread "File lock request listener" [_thread_in_native, id=5768, stack(0x000000005c050000,0x000000005c150000)]
  0x0000000059864800 JavaThread "Cache worker for file hash cache (C:\Users\hisham kilany\.gradle\caches\5.6.4\fileHashes)" [_thread_blocked, id=3180, stack(0x000000005bf40000,0x000000005c040000)]
  0x000000005780d800 JavaThread "Thread-9" [_thread_blocked, id=5788, stack(0x000000005bae0000,0x000000005bbe0000)]
  0x0000000057808000 JavaThread "Stdin handler" [_thread_blocked, id=4644, stack(0x000000005b8f0000,0x000000005b9f0000)]
  0x0000000057807800 JavaThread "Asynchronous log dispatcher for DefaultDaemonConnection: socket connection from /127.0.0.1:51359 to /127.0.0.1:51360" [_thread_blocked, id=736, stack(0x000000005b7d0000,0x000000005b8d0000)]
  0x0000000057789000 JavaThread "Daemon worker" [_thread_in_native, id=5828, stack(0x000000005ae80000,0x000000005af80000)]
  0x0000000059b18000 JavaThread "Cancel handler" [_thread_blocked, id=792, stack(0x000000005b5f0000,0x000000005b6f0000)]
  0x0000000059c4c800 JavaThread "Handler for socket connection from /127.0.0.1:51359 to /127.0.0.1:51360" [_thread_in_native, id=1784, stack(0x000000005b2c0000,0x000000005b3c0000)]
  0x0000000059c2b800 JavaThread "Daemon" [_thread_blocked, id=4468, stack(0x000000005b0f0000,0x000000005b1f0000)]
  0x00000000596c7800 JavaThread "Daemon periodic checks" [_thread_blocked, id=3828, stack(0x0000000057ec0000,0x0000000057fc0000)]
  0x00000000596c5000 JavaThread "Incoming local TCP Connector on port 51359" [_thread_in_native, id=5592, stack(0x000000005af90000,0x000000005b090000)]
  0x000000005969a000 JavaThread "Daemon health stats" [_thread_blocked, id=5800, stack(0x0000000059910000,0x0000000059a10000)]
  0x00000000574cf800 JavaThread "Service Thread" daemon [_thread_blocked, id=5176, stack(0x0000000057fe0000,0x00000000580e0000)]
=>0x000000005746f000 JavaThread "C1 CompilerThread2" daemon [_thread_in_native, id=5408, stack(0x0000000057db0000,0x0000000057eb0000)]
  0x000000005746c000 JavaThread "C2 CompilerThread1" daemon [_thread_in_native, id=5652, stack(0x0000000057230000,0x0000000057330000)]
  0x0000000057464800 JavaThread "C2 CompilerThread0" daemon [_thread_in_native, id=4508, stack(0x0000000057c30000,0x0000000057d30000)]
  0x00000000561dd800 JavaThread "Attach Listener" daemon [_thread_blocked, id=5508, stack(0x0000000057b20000,0x0000000057c20000)]
  0x00000000561dd000 JavaThread "Signal Dispatcher" daemon [_thread_blocked, id=5256, stack(0x0000000057950000,0x0000000057a50000)]
  0x00000000561bc000 JavaThread "Finalizer" daemon [_thread_blocked, id=1840, stack(0x0000000057360000,0x0000000057460000)]
  0x00000000561b5000 JavaThread "Reference Handler" daemon [_thread_blocked, id=4504, stack(0x0000000056fc0000,0x00000000570c0000)]
  0x0000000001eee800 JavaThread "main" [_thread_blocked, id=1936, stack(0x00000000021e0000,0x00000000022e0000)]

Other Threads:
  0x0000000056169800 VMThread [stack: 0x00000000570f0000,0x00000000571f0000] [id=5772]
  0x00000000574db000 WatcherThread [stack: 0x0000000012040000,0x0000000012140000] [id=6132]

VM state:not at safepoint (normal execution)

VM Mutex/Monitor currently owned by a thread: None

heap address: 0x00000000a0000000, size: 1536 MB, Compressed Oops mode: 32-bit
Narrow klass base: 0x0000000000000000, Narrow klass shift: 0
Compressed class space size: 1073741824 Address: 0x00000000157e0000

Heap:
 PSYoungGen      total 188928K, used 88635K [0x00000000e0000000, 0x00000000ec500000, 0x0000000100000000)
  eden space 176128K, 43% used [0x00000000e0000000,0x00000000e4a0f940,0x00000000eac00000)
  from space 12800K, 99% used [0x00000000eac00000,0x00000000eb87f4b8,0x00000000eb880000)
  to   space 12288K, 0% used [0x00000000eb900000,0x00000000eb900000,0x00000000ec500000)
 ParOldGen       total 49152K, used 23322K [0x00000000a0000000, 0x00000000a3000000, 0x00000000e0000000)
  object space 49152K, 47% used [0x00000000a0000000,0x00000000a16c68c0,0x00000000a3000000)
 Metaspace       used 53534K, capacity 55174K, committed 55424K, reserved 1097728K
  class space    used 7080K, capacity 7479K, committed 7552K, reserved 1048576K

Card table byte_map: [0x0000000011970000,0x0000000011c80000] byte_map_base: 0x0000000011470000

Marking Bits: (ParMarkBitMap*) 0x000000006b9a9f30
 Begin Bits: [0x00000000124e0000, 0x0000000013ce0000)
 End Bits:   [0x0000000013ce0000, 0x00000000154e0000)

Polling page: 0x0000000000210000

CodeCache: size=245760Kb used=16382Kb max_used=16382Kb free=229377Kb
 bounds [0x00000000025b0000, 0x00000000035c0000, 0x00000000115b0000]
 total_blobs=5448 nmethods=4654 adapters=706
 compilation: enabled

Compilation events (10 events):
Event: 27.748 Thread 0x000000005746f000 nmethod 5054 0x00000000035b7bd0 code [0x00000000035b7d60, 0x00000000035b8028]
Event: 27.752 Thread 0x000000005746f000 5055       3       org.gradle.api.internal.tasks.DefaultTaskContainer_Decorated::getMutationGuard (37 bytes)
Event: 27.753 Thread 0x000000005746f000 nmethod 5055 0x00000000035b8150 code [0x00000000035b8340, 0x00000000035b8cc8]
Event: 27.754 Thread 0x000000005746f000 5056       3       org.gradle.internal.ImmutableActionSet$EmptySet::execute (1 bytes)
Event: 27.754 Thread 0x000000005746f000 nmethod 5056 0x00000000035b9090 code [0x00000000035b91e0, 0x00000000035b9330]
Event: 27.756 Thread 0x000000005746f000 5057       1       java.lang.invoke.MethodHandleImpl$IntrinsicMethodHandle::getTarget (5 bytes)
Event: 27.757 Thread 0x000000005746f000 nmethod 5057 0x00000000035b93d0 code [0x00000000035b9520, 0x00000000035b9630]
Event: 27.758 Thread 0x000000005746f000 5058       3       java.lang.invoke.MethodHandles$Lookup::getDirectMethodCommon (271 bytes)
Event: 27.835 Thread 0x000000005746f000 nmethod 5058 0x00000000035b9690 code [0x00000000035b99a0, 0x00000000035bb3d8]
Event: 27.867 Thread 0x000000005746f000 5060       3       org.gradle.internal.logging.progress.DefaultProgressLoggerFactory$ProgressLoggerImpl::assertNotStarted (63 bytes)

GC Heap History (10 events):
Event: 6.052 GC heap before
{Heap before GC invocations=9 (full 1):
 PSYoungGen      total 134656K, used 5544K [0x00000000e0000000, 0x00000000e8d00000, 0x0000000100000000)
  eden space 124928K, 0% used [0x00000000e0000000,0x00000000e0000000,0x00000000e7a00000)
  from space 9728K, 56% used [0x00000000e8380000,0x00000000e88ea240,0x00000000e8d00000)
  to   space 9728K, 0% used [0x00000000e7a00000,0x00000000e7a00000,0x00000000e8380000)
 ParOldGen       total 42496K, used 8397K [0x00000000a0000000, 0x00000000a2980000, 0x00000000e0000000)
  object space 42496K, 19% used [0x00000000a0000000,0x00000000a08335c0,0x00000000a2980000)
 Metaspace       used 20752K, capacity 21234K, committed 21296K, reserved 1067008K
  class space    used 3005K, capacity 3168K, committed 3200K, reserved 1048576K
Event: 6.135 GC heap after
Heap after GC invocations=9 (full 1):
 PSYoungGen      total 134656K, used 0K [0x00000000e0000000, 0x00000000e8d00000, 0x0000000100000000)
  eden space 124928K, 0% used [0x00000000e0000000,0x00000000e0000000,0x00000000e7a00000)
  from space 9728K, 0% used [0x00000000e8380000,0x00000000e8380000,0x00000000e8d00000)
  to   space 9728K, 0% used [0x00000000e7a00000,0x00000000e7a00000,0x00000000e8380000)
 ParOldGen       total 32768K, used 8581K [0x00000000a0000000, 0x00000000a2000000, 0x00000000e0000000)
  object space 32768K, 26% used [0x00000000a0000000,0x00000000a0861640,0x00000000a2000000)
 Metaspace       used 20752K, capacity 21234K, committed 21296K, reserved 1067008K
  class space    used 3005K, capacity 3168K, committed 3200K, reserved 1048576K
}
Event: 10.092 GC heap before
{Heap before GC invocations=10 (full 1):
 PSYoungGen      total 134656K, used 124928K [0x00000000e0000000, 0x00000000e8d00000, 0x0000000100000000)
  eden space 124928K, 100% used [0x00000000e0000000,0x00000000e7a00000,0x00000000e7a00000)
  from space 9728K, 0% used [0x00000000e8380000,0x00000000e8380000,0x00000000e8d00000)
  to   space 9728K, 0% used [0x00000000e7a00000,0x00000000e7a00000,0x00000000e8380000)
 ParOldGen       total 32768K, used 8581K [0x00000000a0000000, 0x00000000a2000000, 0x00000000e0000000)
  object space 32768K, 26% used [0x00000000a0000000,0x00000000a0861640,0x00000000a2000000)
 Metaspace       used 33041K, capacity 33698K, committed 33920K, reserved 1079296K
  class space    used 4469K, capacity 4686K, committed 4736K, reserved 1048576K
Event: 10.166 GC heap after
Heap after GC invocations=10 (full 1):
 PSYoungGen      total 134656K, used 9717K [0x00000000e0000000, 0x00000000ec580000, 0x0000000100000000)
  eden space 124928K, 0% used [0x00000000e0000000,0x00000000e0000000,0x00000000e7a00000)
  from space 9728K, 99% used [0x00000000e7a00000,0x00000000e837d6d0,0x00000000e8380000)
  to   space 12800K, 0% used [0x00000000eb900000,0x00000000eb900000,0x00000000ec580000)
 ParOldGen       total 32768K, used 12576K [0x00000000a0000000, 0x00000000a2000000, 0x00000000e0000000)
  object space 32768K, 38% used [0x00000000a0000000,0x00000000a0c48010,0x00000000a2000000)
 Metaspace       used 33041K, capacity 33698K, committed 33920K, reserved 1079296K
  class space    used 4469K, capacity 4686K, committed 4736K, reserved 1048576K
}
Event: 11.839 GC heap before
{Heap before GC invocations=11 (full 1):
 PSYoungGen      total 134656K, used 38140K [0x00000000e0000000, 0x00000000ec580000, 0x0000000100000000)
  eden space 124928K, 22% used [0x00000000e0000000,0x00000000e1bc1ac0,0x00000000e7a00000)
  from space 9728K, 99% used [0x00000000e7a00000,0x00000000e837d6d0,0x00000000e8380000)
  to   space 12800K, 0% used [0x00000000eb900000,0x00000000eb900000,0x00000000ec580000)
 ParOldGen       total 32768K, used 12576K [0x00000000a0000000, 0x00000000a2000000, 0x00000000e0000000)
  object space 32768K, 38% used [0x00000000a0000000,0x00000000a0c48010,0x00000000a2000000)
 Metaspace       used 34670K, capacity 35432K, committed 35496K, reserved 1079296K
  class space    used 4583K, capacity 4811K, committed 4864K, reserved 1048576K
Event: 11.881 GC heap after
Heap after GC invocations=11 (full 1):
 PSYoungGen      total 188416K, used 7654K [0x00000000e0000000, 0x00000000ec500000, 0x0000000100000000)
  eden space 176128K, 0% used [0x00000000e0000000,0x00000000e0000000,0x00000000eac00000)
  from space 12288K, 62% used [0x00000000eb900000,0x00000000ec079bc8,0x00000000ec500000)
  to   space 12800K, 0% used [0x00000000eac00000,0x00000000eac00000,0x00000000eb880000)
 ParOldGen       total 32768K, used 12584K [0x00000000a0000000, 0x00000000a2000000, 0x00000000e0000000)
  object space 32768K, 38% used [0x00000000a0000000,0x00000000a0c4a010,0x00000000a2000000)
 Metaspace       used 34670K, capacity 35432K, committed 35496K, reserved 1079296K
  class space    used 4583K, capacity 4811K, committed 4864K, reserved 1048576K
}
Event: 11.881 GC heap before
{Heap before GC invocations=12 (full 2):
 PSYoungGen      total 188416K, used 7654K [0x00000000e0000000, 0x00000000ec500000, 0x0000000100000000)
  eden space 176128K, 0% used [0x00000000e0000000,0x00000000e0000000,0x00000000eac00000)
  from space 12288K, 62% used [0x00000000eb900000,0x00000000ec079bc8,0x00000000ec500000)
  to   space 12800K, 0% used [0x00000000eac00000,0x00000000eac00000,0x00000000eb880000)
 ParOldGen       total 32768K, used 12584K [0x00000000a0000000, 0x00000000a2000000, 0x00000000e0000000)
  object space 32768K, 38% used [0x00000000a0000000,0x00000000a0c4a010,0x00000000a2000000)
 Metaspace       used 34670K, capacity 35432K, committed 35496K, reserved 1079296K
  class space    used 4583K, capacity 4811K, committed 4864K, reserved 1048576K
Event: 12.068 GC heap after
Heap after GC invocations=12 (full 2):
 PSYoungGen      total 188416K, used 0K [0x00000000e0000000, 0x00000000ec500000, 0x0000000100000000)
  eden space 176128K, 0% used [0x00000000e0000000,0x00000000e0000000,0x00000000eac00000)
  from space 12288K, 0% used [0x00000000eb900000,0x00000000eb900000,0x00000000ec500000)
  to   space 12800K, 0% used [0x00000000eac00000,0x00000000eac00000,0x00000000eb880000)
 ParOldGen       total 49152K, used 14920K [0x00000000a0000000, 0x00000000a3000000, 0x00000000e0000000)
  object space 49152K, 30% used [0x00000000a0000000,0x00000000a0e923f0,0x00000000a3000000)
 Metaspace       used 34624K, capacity 35328K, committed 35496K, reserved 1079296K
  class space    used 4572K, capacity 4799K, committed 4864K, reserved 1048576K
}
Event: 24.028 GC heap before
{Heap before GC invocations=13 (full 2):
 PSYoungGen      total 188416K, used 176128K [0x00000000e0000000, 0x00000000ec500000, 0x0000000100000000)
  eden space 176128K, 100% used [0x00000000e0000000,0x00000000eac00000,0x00000000eac00000)
  from space 12288K, 0% used [0x00000000eb900000,0x00000000eb900000,0x00000000ec500000)
  to   space 12800K, 0% used [0x00000000eac00000,0x00000000eac00000,0x00000000eb880000)
 ParOldGen       total 49152K, used 14920K [0x00000000a0000000, 0x00000000a3000000, 0x00000000e0000000)
  object space 49152K, 30% used [0x00000000a0000000,0x00000000a0e923f0,0x00000000a3000000)
 Metaspace       used 47111K, capacity 48326K, committed 48640K, reserved 1091584K
  class space    used 6251K, capacity 6568K, committed 6656K, reserved 1048576K
Event: 24.104 GC heap after
Heap after GC invocations=13 (full 2):
 PSYoungGen      total 188928K, used 12797K [0x00000000e0000000, 0x00000000ec500000, 0x0000000100000000)
  eden space 176128K, 0% used [0x00000000e0000000,0x00000000e0000000,0x00000000eac00000)
  from space 12800K, 99% used [0x00000000eac00000,0x00000000eb87f4b8,0x00000000eb880000)
  to   space 12288K, 0% used [0x00000000eb900000,0x00000000eb900000,0x00000000ec500000)
 ParOldGen       total 49152K, used 23322K [0x00000000a0000000, 0x00000000a3000000, 0x00000000e0000000)
  object space 49152K, 47% used [0x00000000a0000000,0x00000000a16c68c0,0x00000000a3000000)
 Metaspace       used 47111K, capacity 48326K, committed 48640K, reserved 1091584K
  class space    used 6251K, capacity 6568K, committed 6656K, reserved 1048576K
}

Deoptimization events (10 events):
Event: 23.858 Thread 0x0000000057789000 Uncommon trap: reason=unstable_if action=reinterpret pc=0x00000000031e0bb0 method=java.util.LinkedHashMap.get(Ljava/lang/Object;)Ljava/lang/Object; @ 20
Event: 24.283 Thread 0x0000000057789000 Uncommon trap: reason=unstable_if action=reinterpret pc=0x0000000002e65254 method=org.objectweb.asm.ByteVector.putUTF8(Ljava/lang/String;)Lorg/objectweb/asm/ByteVector; @ 93
Event: 24.513 Thread 0x0000000057789000 Uncommon trap: reason=unstable_if action=reinterpret pc=0x0000000002de8e20 method=org.objectweb.asm.ByteVector.putUTF8(Ljava/lang/String;)Lorg/objectweb/asm/ByteVector; @ 93
Event: 25.388 Thread 0x0000000057789000 Uncommon trap: reason=unstable_if action=reinterpret pc=0x00000000033f4948 method=com.google.gson.stream.JsonReader.doPeek()I @ 315
Event: 25.758 Thread 0x0000000057789000 Uncommon trap: reason=unstable_if action=reinterpret pc=0x0000000003313630 method=org.gradle.internal.reflect.PropertyAccessorType.of(Ljava/lang/reflect/Method;)Lorg/gradle/internal/reflect/PropertyAccessorType; @ 56
Event: 25.829 Thread 0x0000000057789000 Uncommon trap: reason=unstable_if action=reinterpret pc=0x00000000033b2964 method=groovy.lang.MetaClassImpl.filterPropertyMethod(Ljava/lang/Object;ZZ)Ljava/lang/Object; @ 72
Event: 26.364 Thread 0x0000000057789000 Uncommon trap: reason=speculate_class_check action=maybe_recompile pc=0x00000000031c8fd8 method=com.google.common.collect.AbstractIndexedListIterator.next()Ljava/lang/Object; @ 27
Event: 26.364 Thread 0x0000000057789000 Uncommon trap: reason=speculate_class_check action=maybe_recompile pc=0x00000000031c8fd8 method=com.google.common.collect.AbstractIndexedListIterator.next()Ljava/lang/Object; @ 27
Event: 26.364 Thread 0x0000000057789000 Uncommon trap: reason=speculate_class_check action=maybe_recompile pc=0x00000000031c8fd8 method=com.google.common.collect.AbstractIndexedListIterator.next()Ljava/lang/Object; @ 27
Event: 26.364 Thread 0x0000000057789000 Uncommon trap: reason=speculate_class_check action=maybe_recompile pc=0x00000000031c8fd8 method=com.google.common.collect.AbstractIndexedListIterator.next()Ljava/lang/Object; @ 27

Classes redefined (0 events):
No events

Internal exceptions (10 events):
Event: 26.691 Thread 0x0000000057789000 Exception <a 'java/lang/ClassNotFoundException': org/gradle/api/internal/file/AbstractFileCollectionBeanInfo> (0x00000000e3881380) thrown at [D:\src\AOSP-openjdk-cygwin\jdk8u\hotspot\src\share\vm\classfile\systemDictionary.cpp, line 210]
Event: 26.693 Thread 0x0000000057789000 Exception <a 'java/lang/ClassNotFoundException': org/gradle/api/internal/file/AbstractFileCollectionCustomizer> (0x00000000e38bec10) thrown at [D:\src\AOSP-openjdk-cygwin\jdk8u\hotspot\src\share\vm\classfile\systemDictionary.cpp, line 210]
Event: 26.697 Thread 0x0000000057789000 Exception <a 'java/lang/ClassNotFoundException': org/gradle/api/internal/file/CompositeFileCollectionCustomizer> (0x00000000e390c580) thrown at [D:\src\AOSP-openjdk-cygwin\jdk8u\hotspot\src\share\vm\classfile\systemDictionary.cpp, line 210]
Event: 26.699 Thread 0x0000000057789000 Exception <a 'java/lang/ClassNotFoundException': org/gradle/api/internal/file/CompositeFileTreeCustomizer> (0x00000000e3956e10) thrown at [D:\src\AOSP-openjdk-cygwin\jdk8u\hotspot\src\share\vm\classfile\systemDictionary.cpp, line 210]
Event: 26.702 Thread 0x0000000057789000 Exception <a 'java/lang/ClassNotFoundException': org/gradle/api/internal/file/collections/DefaultConfigurableFileTreeCustomizer> (0x00000000e39abc78) thrown at [D:\src\AOSP-openjdk-cygwin\jdk8u\hotspot\src\share\vm\classfile\systemDictionary.cpp, line 210
Event: 27.353 Thread 0x0000000057789000 Exception <a 'java/lang/ClassNotFoundException': org/gradle/api/plugins/internal/DefaultBasePluginConventionBeanInfo> (0x00000000e43c4908) thrown at [D:\src\AOSP-openjdk-cygwin\jdk8u\hotspot\src\share\vm\classfile\systemDictionary.cpp, line 210]
Event: 27.357 Thread 0x0000000057789000 Exception <a 'java/lang/ClassNotFoundException': org/gradle/api/plugins/BasePluginConventionBeanInfo> (0x00000000e43eefc8) thrown at [D:\src\AOSP-openjdk-cygwin\jdk8u\hotspot\src\share\vm\classfile\systemDictionary.cpp, line 210]
Event: 27.358 Thread 0x0000000057789000 Exception <a 'java/lang/ClassNotFoundException': org/gradle/api/plugins/BasePluginConventionCustomizer> (0x00000000e4419d68) thrown at [D:\src\AOSP-openjdk-cygwin\jdk8u\hotspot\src\share\vm\classfile\systemDictionary.cpp, line 210]
Event: 27.360 Thread 0x0000000057789000 Exception <a 'java/lang/ClassNotFoundException': org/gradle/api/plugins/internal/DefaultBasePluginConventionCustomizer> (0x00000000e445eb08) thrown at [D:\src\AOSP-openjdk-cygwin\jdk8u\hotspot\src\share\vm\classfile\systemDictionary.cpp, line 210]
Event: 27.385 Thread 0x0000000057789000 Exception <a 'java/lang/NoSuchMethodError': java.lang.Object.lambda$comparingInt$7b0bb60$1(Ljava/util/function/ToIntFunction;Ljava/lang/Object;Ljava/lang/Object;)I> (0x00000000e44e5ad0) thrown at [D:\src\AOSP-openjdk-cygwin\jdk8u\hotspot\src\share\vm\inte

Events (10 events):
Event: 27.865 loading class com/android/build/gradle/internal/variant/BaseVariantData
Event: 27.865 loading class com/android/build/gradle/internal/variant/BaseVariantData done
Event: 27.867 loading class org/gradle/api/Task
Event: 27.867 loading class org/gradle/api/Task done
Event: 27.867 loading class org/gradle/api/Action
Event: 27.867 loading class org/gradle/api/Action done
Event: 27.868 loading class com/android/build/gradle/internal/tasks/factory/TaskFactoryUtils$dependsOn$1$1$1
Event: 27.868 loading class com/android/build/gradle/internal/tasks/factory/TaskFactoryUtils$dependsOn$1$1$1 done
Event: 27.869 loading class com/android/build/gradle/tasks/ExtractDeepLinksTask
Event: 27.869 loading class com/android/build/gradle/tasks/ExtractDeepLinksTask done


Dynamic libraries:
0x000000013f9b0000 - 0x000000013f9e1000 	C:\Program Files\Android\Android Studio\jre\bin\java.exe
0x0000000077af0000 - 0x0000000077c9b000 	C:\Windows\SYSTEM32\ntdll.dll
0x00000000778d0000 - 0x00000000779ef000 	C:\Windows\system32\kernel32.dll
0x000007fefdc20000 - 0x000007fefdc8b000 	C:\Windows\system32\KERNELBASE.dll
0x000007fefe8a0000 - 0x000007fefe97b000 	C:\Windows\system32\ADVAPI32.dll
0x000007fefe260000 - 0x000007fefe2ff000 	C:\Windows\system32\msvcrt.dll
0x000007feff930000 - 0x000007feff94f000 	C:\Windows\SYSTEM32\sechost.dll
0x000007feffba0000 - 0x000007feffcce000 	C:\Windows\system32\RPCRT4.dll
0x00000000779f0000 - 0x0000000077aea000 	C:\Windows\system32\USER32.dll
0x000007feff8c0000 - 0x000007feff927000 	C:\Windows\system32\GDI32.dll
0x000007fefe980000 - 0x000007fefe98e000 	C:\Windows\system32\LPK.dll
0x000007feffad0000 - 0x000007feffb9a000 	C:\Windows\system32\USP10.dll
0x000007fefc2c0000 - 0x000007fefc4b4000 	C:\Windows\WinSxS\amd64_microsoft.windows.common-controls_6595b64144ccf1df_6.0.7600.16385_none_fa645303170382f6\COMCTL32.dll
0x000007fefe760000 - 0x000007fefe7d1000 	C:\Windows\system32\SHLWAPI.dll
0x000007fefe7e0000 - 0x000007fefe80e000 	C:\Windows\system32\IMM32.DLL
0x000007fefe300000 - 0x000007fefe409000 	C:\Windows\system32\MSCTF.dll
0x0000000072eb0000 - 0x0000000072f82000 	C:\Program Files\Android\Android Studio\jre\jre\bin\msvcr100.dll
0x000000006b1e0000 - 0x000000006ba26000 	C:\Program Files\Android\Android Studio\jre\jre\bin\server\jvm.dll
0x000007fefd7e0000 - 0x000007fefd7e9000 	C:\Windows\system32\WSOCK32.dll
0x000007fefe710000 - 0x000007fefe75d000 	C:\Windows\system32\WS2_32.dll
0x000007fefe890000 - 0x000007fefe898000 	C:\Windows\system32\NSI.dll
0x000007fefbe50000 - 0x000007fefbe8b000 	C:\Windows\system32\WINMM.dll
0x000007fefc980000 - 0x000007fefc98c000 	C:\Windows\system32\VERSION.dll
0x0000000077cc0000 - 0x0000000077cc7000 	C:\Windows\system32\PSAPI.DLL
0x000007fefc000000 - 0x000007fefc00f000 	C:\Program Files\Android\Android Studio\jre\jre\bin\verify.dll
0x000007fef2d30000 - 0x000007fef2d59000 	C:\Program Files\Android\Android Studio\jre\jre\bin\java.dll
0x000007fefb670000 - 0x000007fefb686000 	C:\Program Files\Android\Android Studio\jre\jre\bin\zip.dll
0x000007fefe990000 - 0x000007feff716000 	C:\Windows\system32\SHELL32.dll
0x000007fefe4b0000 - 0x000007fefe6b1000 	C:\Windows\system32\ole32.dll
0x000007fefd920000 - 0x000007fefd92f000 	C:\Windows\system32\profapi.dll
0x000007fef2aa0000 - 0x000007fef2aba000 	C:\Program Files\Android\Android Studio\jre\jre\bin\net.dll
0x000007feff950000 - 0x000007feffac8000 	C:\Windows\system32\urlmon.dll
0x000007feff740000 - 0x000007feff817000 	C:\Windows\system32\OLEAUT32.dll
0x000007fefdcb0000 - 0x000007fefde16000 	C:\Windows\system32\CRYPT32.dll
0x000007fefdaf0000 - 0x000007fefdaff000 	C:\Windows\system32\MSASN1.dll
0x000007fefde20000 - 0x000007fefe078000 	C:\Windows\system32\iertutil.dll
0x000007fefd000000 - 0x000007fefd054000 	C:\Windows\system32\mswsock.dll
0x000007fefd200000 - 0x000007fefd207000 	C:\Windows\System32\wship6.dll
0x000007fef25c0000 - 0x000007fef25d3000 	C:\Program Files\Android\Android Studio\jre\jre\bin\nio.dll
0x000007feef380000 - 0x000007feef3a6000 	C:\Users\hisham kilany\.gradle\native\30\windows-amd64\native-platform.dll
0x000007fef5800000 - 0x000007fef580d000 	C:\Program Files\Android\Android Studio\jre\jre\bin\management.dll
0x000007fefd1b0000 - 0x000007fefd1c7000 	C:\Windows\system32\CRYPTSP.dll
0x000007fefcd30000 - 0x000007fefcd77000 	C:\Windows\system32\rsaenh.dll
0x000007fefd930000 - 0x000007fefd94e000 	C:\Windows\system32\USERENV.dll
0x000007fefd6c0000 - 0x000007fefd6cf000 	C:\Windows\system32\CRYPTBASE.dll
0x000007fefd7b0000 - 0x000007fefd7d7000 	C:\Windows\system32\IPHLPAPI.DLL
0x000007fefd7a0000 - 0x000007fefd7ab000 	C:\Windows\system32\WINNSI.DLL
0x000007fefa890000 - 0x000007fefa8a8000 	C:\Windows\system32\dhcpcsvc.DLL
0x000007fefa870000 - 0x000007fefa881000 	C:\Windows\system32\dhcpcsvc6.DLL

VM Arguments:
jvm_args: -Xmx1536m -Dfile.encoding=windows-1256 -Duser.country=US -Duser.language=en -Duser.variant 
java_command: org.gradle.launcher.daemon.bootstrap.GradleDaemon 5.6.4
java_class_path (initial): C:\Users\hisham kilany\.gradle\wrapper\dists\gradle-5.6.4-all\ankdp27end7byghfw1q2sw75f\gradle-5.6.4\lib\gradle-launcher-5.6.4.jar
Launcher Type: SUN_STANDARD

Environment Variables:
PATH=C:\Windows\system32;C:\Windows;C:\Windows\System32\Wbem;C:\Windows\System32\WindowsPowerShell\v1.0\;C:\Program Files\Git\cmd
USERNAME=hisham kilany
OS=Windows_NT
PROCESSOR_IDENTIFIER=Intel64 Family 6 Model 58 Stepping 9, GenuineIntel



---------------  S Y S T E M  ---------------

OS: Windows 7 , 64 bit Build 7600 (6.1.7600.16385)

CPU:total 4 (initial active 4) (2 cores per cpu, 2 threads per core) family 6 model 58 stepping 9, cmov, cx8, fxsr, mmx, sse, sse2, sse3, ssse3, sse4.1, sse4.2, popcnt, aes, clmul, erms, ht, tsc, tscinvbit, tscinv

Memory: 4k page, physical 4056580k(444548k free), swap 4054676k(5112k free)

vm_info: OpenJDK 64-Bit Server VM (25.212-b04) for windows-amd64 JRE (1.8.0_212-release-1586-b04), built by "builder" with MS VC++ 10.0 (VS2010)

time: Sat Apr 25 18:28:29 2020
timezone: Egypt Standard Time
elapsed time: 27 seconds (0d 0h 0m 27s)

