#
# There is insufficient memory for the Java Runtime Environment to continue.
# Native memory allocation (malloc) failed to allocate 1363696 bytes for Chunk::new
# Possible reasons:
#   The system is out of physical RAM or swap space
#   The process is running with CompressedOops enabled, and the Java Heap may be blocking the growth of the native heap
# Possible solutions:
#   Reduce memory load on the system
#   Increase physical memory or swap space
#   Check if swap backing store is full
#   Decrease Java heap size (-Xmx/-Xms)
#   Decrease number of Java threads
#   Decrease Java thread stack sizes (-Xss)
#   Set larger code cache with -XX:ReservedCodeCacheSize=
#   JVM is running with Unscaled Compressed Oops mode in which the Java heap is
#     placed in the first 4GB address space. The Java Heap base address is the
#     maximum limit for the native heap growth. Please use -XX:HeapBaseMinAddress
#     to set the Java Heap base and to place the Java Heap above 4GB virtual address.
# This output file may be truncated or incomplete.
#
#  Out of Memory Error (allocation.cpp:389), pid=5160, tid=0x0000000000001718
#
# JRE version: OpenJDK Runtime Environment (8.0_212-b04) (build 1.8.0_212-release-1586-b04)
# Java VM: OpenJDK 64-Bit Server VM (25.212-b04 mixed mode windows-amd64 compressed oops)
# Failed to write core dump. Minidumps are not enabled by default on client versions of Windows
#

---------------  T H R E A D  ---------------

Current thread (0x00000000573b3800):  JavaThread "C2 CompilerThread0" daemon [_thread_in_native, id=5912, stack(0x0000000057c90000,0x0000000057d90000)]

Stack: [0x0000000057c90000,0x0000000057d90000]
[error occurred during error reporting (printing stack bounds), id 0xc0000005]

Native frames: (J=compiled Java code, j=interpreted, Vv=VM code, C=native code)


Current CompileTask:
C2:   9103 2534       4       groovy.lang.MetaClassImpl$1MOPIter::methodNameAction (325 bytes)


---------------  P R O C E S S  ---------------

Java Threads: ( => current thread )
  0x000000005c6cd800 JavaThread "Cache worker for execution history cache (C:\Users\hisham kilany\.gradle\caches\5.6.4\executionHistory)" [_thread_blocked, id=5508, stack(0x0000000059950000,0x0000000059a50000)]
  0x000000005744a000 JavaThread "Cache worker for cache directory md-rule (C:\Users\hisham kilany\.gradle\caches\5.6.4\md-rule)" [_thread_blocked, id=5256, stack(0x000000005beb0000,0x000000005bfb0000)]
  0x0000000057449800 JavaThread "Cache worker for cache directory md-supplier (C:\Users\hisham kilany\.gradle\caches\5.6.4\md-supplier)" [_thread_blocked, id=1840, stack(0x000000005b7b0000,0x000000005b8b0000)]
  0x0000000057445800 JavaThread "Cache worker for file hash cache (C:\Users\hisham kilany\myappliction\.gradle\5.6.4\fileHashes)" [_thread_blocked, id=5772, stack(0x000000005ea10000,0x000000005eb10000)]
  0x0000000057445000 JavaThread "Cache worker for journal cache (C:\Users\hisham kilany\.gradle\caches\journal-1)" [_thread_blocked, id=6104, stack(0x000000005c370000,0x000000005c470000)]
  0x0000000057444000 JavaThread "File lock request listener" [_thread_in_native, id=4588, stack(0x000000005c190000,0x000000005c290000)]
  0x0000000057443800 JavaThread "Cache worker for file hash cache (C:\Users\hisham kilany\.gradle\caches\5.6.4\fileHashes)" [_thread_blocked, id=6068, stack(0x000000005bfb0000,0x000000005c0b0000)]
  0x0000000057442800 JavaThread "Thread-9" [_thread_blocked, id=5260, stack(0x000000005bbb0000,0x000000005bcb0000)]
  0x0000000057442000 JavaThread "Stdin handler" [_thread_blocked, id=6064, stack(0x000000005ba70000,0x000000005bb70000)]
  0x0000000057441000 JavaThread "Asynchronous log dispatcher for DefaultDaemonConnection: socket connection from /127.0.0.1:51415 to /127.0.0.1:51416" [_thread_blocked, id=4752, stack(0x000000005b8b0000,0x000000005b9b0000)]
  0x0000000057440800 JavaThread "Daemon worker" [_thread_in_Java, id=2504, stack(0x000000005b500000,0x000000005b600000)]
  0x000000005743f800 JavaThread "Cancel handler" [_thread_blocked, id=4132, stack(0x000000005b630000,0x000000005b730000)]
  0x000000005743f000 JavaThread "Handler for socket connection from /127.0.0.1:51415 to /127.0.0.1:51416" [_thread_in_native, id=5464, stack(0x000000005b200000,0x000000005b300000)]
  0x000000005743e000 JavaThread "Daemon" [_thread_blocked, id=5196, stack(0x000000005ae30000,0x000000005af30000)]
  0x000000005743d800 JavaThread "Daemon periodic checks" [_thread_blocked, id=1136, stack(0x0000000057dc0000,0x0000000057ec0000)]
  0x000000005743c800 JavaThread "Incoming local TCP Connector on port 51415" [_thread_in_native, id=2580, stack(0x000000005b0e0000,0x000000005b1e0000)]
  0x000000005743c000 JavaThread "Daemon health stats" [_thread_blocked, id=6108, stack(0x000000005ab30000,0x000000005ac30000)]
  0x000000005743b000 JavaThread "Service Thread" daemon [_thread_blocked, id=5080, stack(0x00000000577d0000,0x00000000578d0000)]
  0x00000000573c3000 JavaThread "C1 CompilerThread2" daemon [_thread_blocked, id=1312, stack(0x0000000057ef0000,0x0000000057ff0000)]
  0x00000000573bf800 JavaThread "C2 CompilerThread1" daemon [_thread_in_native, id=4864, stack(0x0000000057180000,0x0000000057280000)]
=>0x00000000573b3800 JavaThread "C2 CompilerThread0" daemon [_thread_in_native, id=5912, stack(0x0000000057c90000,0x0000000057d90000)]
  0x0000000055f8c800 JavaThread "Attach Listener" daemon [_thread_blocked, id=5964, stack(0x0000000057ae0000,0x0000000057be0000)]
  0x0000000055f7c000 JavaThread "Signal Dispatcher" daemon [_thread_blocked, id=5796, stack(0x00000000578e0000,0x00000000579e0000)]
  0x0000000055f68000 JavaThread "Finalizer" daemon [_thread_blocked, id=5068, stack(0x00000000572b0000,0x00000000573b0000)]
  0x0000000055f61000 JavaThread "Reference Handler" daemon [_thread_blocked, id=3280, stack(0x0000000057030000,0x0000000057130000)]
  0x00000000001fe800 JavaThread "main" [_thread_blocked, id=5908, stack(0x0000000002050000,0x0000000002150000)]

Other Threads:
  0x0000000055f19800 VMThread [stack: 0x0000000056f30000,0x0000000057030000] [id=2836]
  0x000000005744e000 WatcherThread [stack: 0x0000000058060000,0x0000000058160000] [id=6016]

VM state:not at safepoint (normal execution)

VM Mutex/Monitor currently owned by a thread: None

heap address: 0x00000000a0000000, size: 1536 MB, Compressed Oops mode: 32-bit
Narrow klass base: 0x0000000000000000, Narrow klass shift: 0
Compressed class space size: 1073741824 Address: 0x0000000015590000

Heap:
 PSYoungGen      total 134656K, used 20119K [0x00000000e0000000, 0x00000000ec200000, 0x0000000100000000)
  eden space 124928K, 8% used [0x00000000e0000000,0x00000000e0a27a40,0x00000000e7a00000)
  from space 9728K, 99% used [0x00000000e7a00000,0x00000000e837e4a8,0x00000000e8380000)
  to   space 12288K, 0% used [0x00000000eb600000,0x00000000eb600000,0x00000000ec200000)
 ParOldGen       total 33280K, used 11097K [0x00000000a0000000, 0x00000000a2080000, 0x00000000e0000000)
  object space 33280K, 33% used [0x00000000a0000000,0x00000000a0ad65c0,0x00000000a2080000)
 Metaspace       used 32253K, capacity 33020K, committed 33280K, reserved 1077248K
  class space    used 4362K, capacity 4586K, committed 4608K, reserved 1048576K

Card table byte_map: [0x00000000117e0000,0x0000000011af0000] byte_map_base: 0x00000000112e0000

Marking Bits: (ParMarkBitMap*) 0x000000006b9a9f30
 Begin Bits: [0x0000000012290000, 0x0000000013a90000)
 End Bits:   [0x0000000013a90000, 0x0000000015290000)

Polling page: 0x0000000000420000

CodeCache: size=245760Kb used=10099Kb max_used=10099Kb free=235660Kb
 bounds [0x0000000002420000, 0x0000000002e10000, 0x0000000011420000]
 total_blobs=3292 nmethods=2606 adapters=599
 compilation: enabled

Compilation events (10 events):
Event: 9.094 Thread 0x00000000573c3000 2656  s    3       java.beans.PropertyDescriptor::setWriteMethod (61 bytes)
Event: 9.097 Thread 0x00000000573c3000 nmethod 2656 0x0000000002dfc410 code [0x0000000002dfc7c0, 0x0000000002dfeb78]
Event: 9.097 Thread 0x00000000573c3000 2658       3       java.util.regex.Pattern$1::isSatisfiedBy (13 bytes)
Event: 9.097 Thread 0x00000000573c3000 nmethod 2658 0x0000000002dffc50 code [0x0000000002dffdc0, 0x0000000002e00070]
Event: 9.097 Thread 0x00000000573c3000 2659       3       java.util.regex.Pattern::access$200 (7 bytes)
Event: 9.098 Thread 0x00000000573c3000 nmethod 2659 0x0000000002e00150 code [0x0000000002e002c0, 0x0000000002e004f0]
Event: 9.098 Thread 0x00000000573c3000 2657       3       java.util.TreeMap::rotateRight (96 bytes)
Event: 9.098 Thread 0x00000000573c3000 nmethod 2657 0x0000000002e00590 code [0x0000000002e00700, 0x0000000002e00a50]
Event: 9.098 Thread 0x00000000573c3000 2654       3       java.lang.reflect.Executable::isSynthetic (8 bytes)
Event: 9.098 Thread 0x00000000573c3000 nmethod 2654 0x0000000002e00b50 code [0x0000000002e00cc0, 0x0000000002e00f88]

GC Heap History (10 events):
Event: 3.335 GC heap before
{Heap before GC invocations=6 (full 0):
 PSYoungGen      total 34304K, used 34304K [0x00000000e0000000, 0x00000000e4a00000, 0x0000000100000000)
  eden space 31744K, 100% used [0x00000000e0000000,0x00000000e1f00000,0x00000000e1f00000)
  from space 2560K, 100% used [0x00000000e1f00000,0x00000000e2180000,0x00000000e2180000)
  to   space 6144K, 0% used [0x00000000e4400000,0x00000000e4400000,0x00000000e4a00000)
 ParOldGen       total 42496K, used 4787K [0x00000000a0000000, 0x00000000a2980000, 0x00000000e0000000)
  object space 42496K, 11% used [0x00000000a0000000,0x00000000a04acc78,0x00000000a2980000)
 Metaspace       used 14460K, capacity 14810K, committed 14976K, reserved 1062912K
  class space    used 2001K, capacity 2127K, committed 2176K, reserved 1048576K
Event: 3.349 GC heap after
Heap after GC invocations=6 (full 0):
 PSYoungGen      total 68608K, used 5958K [0x00000000e0000000, 0x00000000e4c00000, 0x0000000100000000)
  eden space 62464K, 0% used [0x00000000e0000000,0x00000000e0000000,0x00000000e3d00000)
  from space 6144K, 96% used [0x00000000e4400000,0x00000000e49d1a38,0x00000000e4a00000)
  to   space 7168K, 0% used [0x00000000e3d00000,0x00000000e3d00000,0x00000000e4400000)
 ParOldGen       total 42496K, used 4787K [0x00000000a0000000, 0x00000000a2980000, 0x00000000e0000000)
  object space 42496K, 11% used [0x00000000a0000000,0x00000000a04acc78,0x00000000a2980000)
 Metaspace       used 14460K, capacity 14810K, committed 14976K, reserved 1062912K
  class space    used 2001K, capacity 2127K, committed 2176K, reserved 1048576K
}
Event: 5.330 GC heap before
{Heap before GC invocations=7 (full 0):
 PSYoungGen      total 68608K, used 68422K [0x00000000e0000000, 0x00000000e4c00000, 0x0000000100000000)
  eden space 62464K, 100% used [0x00000000e0000000,0x00000000e3d00000,0x00000000e3d00000)
  from space 6144K, 96% used [0x00000000e4400000,0x00000000e49d1a38,0x00000000e4a00000)
  to   space 7168K, 0% used [0x00000000e3d00000,0x00000000e3d00000,0x00000000e4400000)
 ParOldGen       total 42496K, used 4787K [0x00000000a0000000, 0x00000000a2980000, 0x00000000e0000000)
  object space 42496K, 11% used [0x00000000a0000000,0x00000000a04acc78,0x00000000a2980000)
 Metaspace       used 19444K, capacity 19994K, committed 20224K, reserved 1067008K
  class space    used 2808K, capacity 2971K, committed 3072K, reserved 1048576K
Event: 5.351 GC heap after
Heap after GC invocations=7 (full 0):
 PSYoungGen      total 69632K, used 7161K [0x00000000e0000000, 0x00000000e8d00000, 0x0000000100000000)
  eden space 62464K, 0% used [0x00000000e0000000,0x00000000e0000000,0x00000000e3d00000)
  from space 7168K, 99% used [0x00000000e3d00000,0x00000000e43fe600,0x00000000e4400000)
  to   space 9728K, 0% used [0x00000000e8380000,0x00000000e8380000,0x00000000e8d00000)
 ParOldGen       total 42496K, used 7666K [0x00000000a0000000, 0x00000000a2980000, 0x00000000e0000000)
  object space 42496K, 18% used [0x00000000a0000000,0x00000000a077c910,0x00000000a2980000)
 Metaspace       used 19444K, capacity 19994K, committed 20224K, reserved 1067008K
  class space    used 2808K, capacity 2971K, committed 3072K, reserved 1048576K
}
Event: 5.784 GC heap before
{Heap before GC invocations=8 (full 0):
 PSYoungGen      total 69632K, used 18275K [0x00000000e0000000, 0x00000000e8d00000, 0x0000000100000000)
  eden space 62464K, 17% used [0x00000000e0000000,0x00000000e0ada730,0x00000000e3d00000)
  from space 7168K, 99% used [0x00000000e3d00000,0x00000000e43fe600,0x00000000e4400000)
  to   space 9728K, 0% used [0x00000000e8380000,0x00000000e8380000,0x00000000e8d00000)
 ParOldGen       total 42496K, used 7666K [0x00000000a0000000, 0x00000000a2980000, 0x00000000e0000000)
  object space 42496K, 18% used [0x00000000a0000000,0x00000000a077c910,0x00000000a2980000)
 Metaspace       used 20728K, capacity 21198K, committed 21296K, reserved 1067008K
  class space    used 2990K, capacity 3136K, committed 3200K, reserved 1048576K
Event: 5.802 GC heap after
Heap after GC invocations=8 (full 0):
 PSYoungGen      total 134656K, used 5592K [0x00000000e0000000, 0x00000000e8d00000, 0x0000000100000000)
  eden space 124928K, 0% used [0x00000000e0000000,0x00000000e0000000,0x00000000e7a00000)
  from space 9728K, 57% used [0x00000000e8380000,0x00000000e88f6230,0x00000000e8d00000)
  to   space 9728K, 0% used [0x00000000e7a00000,0x00000000e7a00000,0x00000000e8380000)
 ParOldGen       total 42496K, used 8362K [0x00000000a0000000, 0x00000000a2980000, 0x00000000e0000000)
  object space 42496K, 19% used [0x00000000a0000000,0x00000000a082a910,0x00000000a2980000)
 Metaspace       used 20728K, capacity 21198K, committed 21296K, reserved 1067008K
  class space    used 2990K, capacity 3136K, committed 3200K, reserved 1048576K
}
Event: 5.803 GC heap before
{Heap before GC invocations=9 (full 1):
 PSYoungGen      total 134656K, used 5592K [0x00000000e0000000, 0x00000000e8d00000, 0x0000000100000000)
  eden space 124928K, 0% used [0x00000000e0000000,0x00000000e0000000,0x00000000e7a00000)
  from space 9728K, 57% used [0x00000000e8380000,0x00000000e88f6230,0x00000000e8d00000)
  to   space 9728K, 0% used [0x00000000e7a00000,0x00000000e7a00000,0x00000000e8380000)
 ParOldGen       total 42496K, used 8362K [0x00000000a0000000, 0x00000000a2980000, 0x00000000e0000000)
  object space 42496K, 19% used [0x00000000a0000000,0x00000000a082a910,0x00000000a2980000)
 Metaspace       used 20728K, capacity 21198K, committed 21296K, reserved 1067008K
  class space    used 2990K, capacity 3136K, committed 3200K, reserved 1048576K
Event: 5.908 GC heap after
Heap after GC invocations=9 (full 1):
 PSYoungGen      total 134656K, used 0K [0x00000000e0000000, 0x00000000e8d00000, 0x0000000100000000)
  eden space 124928K, 0% used [0x00000000e0000000,0x00000000e0000000,0x00000000e7a00000)
  from space 9728K, 0% used [0x00000000e8380000,0x00000000e8380000,0x00000000e8d00000)
  to   space 9728K, 0% used [0x00000000e7a00000,0x00000000e7a00000,0x00000000e8380000)
 ParOldGen       total 33280K, used 8495K [0x00000000a0000000, 0x00000000a2080000, 0x00000000e0000000)
  object space 33280K, 25% used [0x00000000a0000000,0x00000000a084bd80,0x00000000a2080000)
 Metaspace       used 20728K, capacity 21198K, committed 21296K, reserved 1067008K
  class space    used 2990K, capacity 3136K, committed 3200K, reserved 1048576K
}
Event: 8.895 GC heap before
{Heap before GC invocations=10 (full 1):
 PSYoungGen      total 134656K, used 124928K [0x00000000e0000000, 0x00000000e8d00000, 0x0000000100000000)
  eden space 124928K, 100% used [0x00000000e0000000,0x00000000e7a00000,0x00000000e7a00000)
  from space 9728K, 0% used [0x00000000e8380000,0x00000000e8380000,0x00000000e8d00000)
  to   space 9728K, 0% used [0x00000000e7a00000,0x00000000e7a00000,0x00000000e8380000)
 ParOldGen       total 33280K, used 8495K [0x00000000a0000000, 0x00000000a2080000, 0x00000000e0000000)
  object space 33280K, 25% used [0x00000000a0000000,0x00000000a084bd80,0x00000000a2080000)
 Metaspace       used 31886K, capacity 32636K, committed 32768K, reserved 1077248K
  class space    used 4309K, capacity 4545K, committed 4608K, reserved 1048576K
Event: 8.919 GC heap after
Heap after GC invocations=10 (full 1):
 PSYoungGen      total 134656K, used 9721K [0x00000000e0000000, 0x00000000ec200000, 0x0000000100000000)
  eden space 124928K, 0% used [0x00000000e0000000,0x00000000e0000000,0x00000000e7a00000)
  from space 9728K, 99% used [0x00000000e7a00000,0x00000000e837e4a8,0x00000000e8380000)
  to   space 12288K, 0% used [0x00000000eb600000,0x00000000eb600000,0x00000000ec200000)
 ParOldGen       total 33280K, used 11097K [0x00000000a0000000, 0x00000000a2080000, 0x00000000e0000000)
  object space 33280K, 33% used [0x00000000a0000000,0x00000000a0ad65c0,0x00000000a2080000)
 Metaspace       used 31886K, capacity 32636K, committed 32768K, reserved 1077248K
  class space    used 4309K, capacity 4545K, committed 4608K, reserved 1048576K
}

Deoptimization events (10 events):
Event: 5.760 Thread 0x0000000057440800 Uncommon trap: reason=bimorphic action=maybe_recompile pc=0x00000000029dc4ac method=java.io.BufferedInputStream.read([BII)I @ 101
Event: 5.763 Thread 0x0000000057440800 Uncommon trap: reason=bimorphic action=maybe_recompile pc=0x00000000029dc4ac method=java.io.BufferedInputStream.read([BII)I @ 101
Event: 5.763 Thread 0x0000000057440800 Uncommon trap: reason=bimorphic action=maybe_recompile pc=0x00000000029dc4ac method=java.io.BufferedInputStream.read([BII)I @ 101
Event: 5.909 Thread 0x0000000055f61000 Uncommon trap: reason=unstable_if action=reinterpret pc=0x00000000029035b0 method=java.lang.ref.Reference.tryHandlePending(Z)Z @ 104
Event: 6.719 Thread 0x0000000057440800 Uncommon trap: reason=unstable_if action=reinterpret pc=0x00000000028ca48c method=java.util.HashMap.hash(Ljava/lang/Object;)I @ 1
Event: 6.824 Thread 0x0000000057440800 Uncommon trap: reason=unstable_if action=reinterpret pc=0x00000000026d353c method=java.io.WinNTFileSystem.resolve(Ljava/lang/String;Ljava/lang/String;)Ljava/lang/String; @ 49
Event: 6.866 Thread 0x0000000057440800 Uncommon trap: reason=unstable_if action=reinterpret pc=0x00000000026eb620 method=java.util.LinkedHashMap.afterNodeInsertion(Z)V @ 1
Event: 8.977 Thread 0x0000000057440800 Uncommon trap: reason=unstable_if action=reinterpret pc=0x000000000289693c method=java.util.WeakHashMap.expungeStaleEntries()V @ 66
Event: 9.014 Thread 0x0000000057440800 Uncommon trap: reason=unstable_if action=reinterpret pc=0x0000000002b04360 method=java.util.HashMap.putVal(ILjava/lang/Object;Ljava/lang/Object;ZZ)Ljava/lang/Object; @ 162
Event: 9.019 Thread 0x0000000057440800 Uncommon trap: reason=range_check action=make_not_entrant pc=0x0000000002da8800 method=java.lang.String.charAt(I)C @ 27

Classes redefined (0 events):
No events

Internal exceptions (10 events):
Event: 9.067 Thread 0x0000000057440800 Exception <a 'java/lang/ClassNotFoundException': settings_coqecqml2mg1qrf56nohizj9xBeanInfo> (0x00000000e06d02b8) thrown at [D:\src\AOSP-openjdk-cygwin\jdk8u\hotspot\src\share\vm\classfile\systemDictionary.cpp, line 210]
Event: 9.068 Thread 0x0000000057440800 Exception <a 'java/lang/ClassNotFoundException': org/gradle/initialization/SettingsScriptBeanInfo> (0x00000000e06e7438) thrown at [D:\src\AOSP-openjdk-cygwin\jdk8u\hotspot\src\share\vm\classfile\systemDictionary.cpp, line 210]
Event: 9.068 Thread 0x0000000057440800 Exception <a 'java/lang/ClassNotFoundException': org/gradle/initialization/SettingsScriptCustomizer> (0x00000000e06fe5f8) thrown at [D:\src\AOSP-openjdk-cygwin\jdk8u\hotspot\src\share\vm\classfile\systemDictionary.cpp, line 210]
Event: 9.070 Thread 0x0000000057440800 Exception <a 'java/lang/ClassNotFoundException': settings_coqecqml2mg1qrf56nohizj9xCustomizer> (0x00000000e0713288) thrown at [D:\src\AOSP-openjdk-cygwin\jdk8u\hotspot\src\share\vm\classfile\systemDictionary.cpp, line 210]
Event: 9.078 Thread 0x0000000057440800 Exception <a 'java/lang/ClassNotFoundException': org/gradle/initialization/DefaultSettings_DecoratedBeanInfo> (0x00000000e07aa630) thrown at [D:\src\AOSP-openjdk-cygwin\jdk8u\hotspot\src\share\vm\classfile\systemDictionary.cpp, line 210]
Event: 9.079 Thread 0x0000000057440800 Exception <a 'java/lang/ClassNotFoundException': org/gradle/initialization/DefaultSettingsBeanInfo> (0x00000000e07d9d98) thrown at [D:\src\AOSP-openjdk-cygwin\jdk8u\hotspot\src\share\vm\classfile\systemDictionary.cpp, line 210]
Event: 9.080 Thread 0x0000000057440800 Exception <a 'java/lang/ClassNotFoundException': org/gradle/initialization/DefaultSettingsCustomizer> (0x00000000e080b7e8) thrown at [D:\src\AOSP-openjdk-cygwin\jdk8u\hotspot\src\share\vm\classfile\systemDictionary.cpp, line 210]
Event: 9.085 Thread 0x0000000057440800 Exception <a 'java/lang/ClassNotFoundException': org/gradle/initialization/DefaultSettings_DecoratedCustomizer> (0x00000000e087abe8) thrown at [D:\src\AOSP-openjdk-cygwin\jdk8u\hotspot\src\share\vm\classfile\systemDictionary.cpp, line 210]
Event: 9.094 Thread 0x0000000057440800 Exception <a 'java/lang/ClassNotFoundException': org/gradle/initialization/DefaultProjectDescriptorBeanInfo> (0x00000000e0926858) thrown at [D:\src\AOSP-openjdk-cygwin\jdk8u\hotspot\src\share\vm\classfile\systemDictionary.cpp, line 210]
Event: 9.095 Thread 0x0000000057440800 Exception <a 'java/lang/ClassNotFoundException': org/gradle/initialization/DefaultProjectDescriptorCustomizer> (0x00000000e095af48) thrown at [D:\src\AOSP-openjdk-cygwin\jdk8u\hotspot\src\share\vm\classfile\systemDictionary.cpp, line 210]

Events (10 events):
Event: 9.094 loading class org/gradle/initialization/DefaultProjectDescriptorCustomizer
Event: 9.094 loading class org/gradle/initialization/DefaultProjectDescriptorCustomizer done
Event: 9.095 loading class org/gradle/initialization/DefaultProjectDescriptorCustomizer
Event: 9.095 loading class org/gradle/initialization/DefaultProjectDescriptorCustomizer done
Event: 9.098 loading class org/gradle/internal/time/TimeFormatting
Event: 9.098 loading class org/gradle/internal/time/TimeFormatting done
Event: 9.099 loading class org/gradle/caching/local/DirectoryBuildCache
Event: 9.099 loading class org/gradle/caching/local/DirectoryBuildCache done
Event: 9.100 loading class org/gradle/caching/local/internal/DirectoryBuildCacheServiceFactory
Event: 9.100 loading class org/gradle/caching/local/internal/DirectoryBuildCacheServiceFactory done


Dynamic libraries:
0x000000013f1d0000 - 0x000000013f201000 	C:\Program Files\Android\Android Studio\jre\bin\java.exe
0x0000000077af0000 - 0x0000000077c9b000 	C:\Windows\SYSTEM32\ntdll.dll
0x00000000778d0000 - 0x00000000779ef000 	C:\Windows\system32\kernel32.dll
0x000007fefdc20000 - 0x000007fefdc8b000 	C:\Windows\system32\KERNELBASE.dll
0x000007fefe8a0000 - 0x000007fefe97b000 	C:\Windows\system32\ADVAPI32.dll
0x000007fefe260000 - 0x000007fefe2ff000 	C:\Windows\system32\msvcrt.dll
0x000007feff930000 - 0x000007feff94f000 	C:\Windows\SYSTEM32\sechost.dll
0x000007feffba0000 - 0x000007feffcce000 	C:\Windows\system32\RPCRT4.dll
0x00000000779f0000 - 0x0000000077aea000 	C:\Windows\system32\USER32.dll
0x000007feff8c0000 - 0x000007feff927000 	C:\Windows\system32\GDI32.dll
0x000007fefe980000 - 0x000007fefe98e000 	C:\Windows\system32\LPK.dll
0x000007feffad0000 - 0x000007feffb9a000 	C:\Windows\system32\USP10.dll
0x000007fefc2c0000 - 0x000007fefc4b4000 	C:\Windows\WinSxS\amd64_microsoft.windows.common-controls_6595b64144ccf1df_6.0.7600.16385_none_fa645303170382f6\COMCTL32.dll
0x000007fefe760000 - 0x000007fefe7d1000 	C:\Windows\system32\SHLWAPI.dll
0x000007fefe7e0000 - 0x000007fefe80e000 	C:\Windows\system32\IMM32.DLL
0x000007fefe300000 - 0x000007fefe409000 	C:\Windows\system32\MSCTF.dll
0x0000000072eb0000 - 0x0000000072f82000 	C:\Program Files\Android\Android Studio\jre\jre\bin\msvcr100.dll
0x000000006b1e0000 - 0x000000006ba26000 	C:\Program Files\Android\Android Studio\jre\jre\bin\server\jvm.dll
0x000007fefd7e0000 - 0x000007fefd7e9000 	C:\Windows\system32\WSOCK32.dll
0x000007fefe710000 - 0x000007fefe75d000 	C:\Windows\system32\WS2_32.dll
0x000007fefe890000 - 0x000007fefe898000 	C:\Windows\system32\NSI.dll
0x000007fefbe50000 - 0x000007fefbe8b000 	C:\Windows\system32\WINMM.dll
0x000007fefc980000 - 0x000007fefc98c000 	C:\Windows\system32\VERSION.dll
0x0000000077cc0000 - 0x0000000077cc7000 	C:\Windows\system32\PSAPI.DLL
0x000007fefc000000 - 0x000007fefc00f000 	C:\Program Files\Android\Android Studio\jre\jre\bin\verify.dll
0x000007fef2d30000 - 0x000007fef2d59000 	C:\Program Files\Android\Android Studio\jre\jre\bin\java.dll
0x000007fefb670000 - 0x000007fefb686000 	C:\Program Files\Android\Android Studio\jre\jre\bin\zip.dll
0x000007fefe990000 - 0x000007feff716000 	C:\Windows\system32\SHELL32.dll
0x000007fefe4b0000 - 0x000007fefe6b1000 	C:\Windows\system32\ole32.dll
0x000007fefd920000 - 0x000007fefd92f000 	C:\Windows\system32\profapi.dll
0x000007fef2aa0000 - 0x000007fef2aba000 	C:\Program Files\Android\Android Studio\jre\jre\bin\net.dll
0x000007feff950000 - 0x000007feffac8000 	C:\Windows\system32\urlmon.dll
0x000007feff740000 - 0x000007feff817000 	C:\Windows\system32\OLEAUT32.dll
0x000007fefdcb0000 - 0x000007fefde16000 	C:\Windows\system32\CRYPT32.dll
0x000007fefdaf0000 - 0x000007fefdaff000 	C:\Windows\system32\MSASN1.dll
0x000007fefde20000 - 0x000007fefe078000 	C:\Windows\system32\iertutil.dll
0x000007fefd000000 - 0x000007fefd054000 	C:\Windows\system32\mswsock.dll
0x000007fefd200000 - 0x000007fefd207000 	C:\Windows\System32\wship6.dll
0x000007fef25c0000 - 0x000007fef25d3000 	C:\Program Files\Android\Android Studio\jre\jre\bin\nio.dll
0x000007feef380000 - 0x000007feef3a6000 	C:\Users\hisham kilany\.gradle\native\30\windows-amd64\native-platform.dll
0x000007fef5800000 - 0x000007fef580d000 	C:\Program Files\Android\Android Studio\jre\jre\bin\management.dll
0x000007fefd1b0000 - 0x000007fefd1c7000 	C:\Windows\system32\CRYPTSP.dll
0x000007fefcd30000 - 0x000007fefcd77000 	C:\Windows\system32\rsaenh.dll
0x000007fefd930000 - 0x000007fefd94e000 	C:\Windows\system32\USERENV.dll
0x000007fefd6c0000 - 0x000007fefd6cf000 	C:\Windows\system32\CRYPTBASE.dll
0x000007fefd7b0000 - 0x000007fefd7d7000 	C:\Windows\system32\IPHLPAPI.DLL
0x000007fefd7a0000 - 0x000007fefd7ab000 	C:\Windows\system32\WINNSI.DLL
0x000007fefa890000 - 0x000007fefa8a8000 	C:\Windows\system32\dhcpcsvc.DLL
0x000007fefa870000 - 0x000007fefa881000 	C:\Windows\system32\dhcpcsvc6.DLL

VM Arguments:
jvm_args: -Xmx1536m -Dfile.encoding=windows-1256 -Duser.country=US -Duser.language=en -Duser.variant 
java_command: org.gradle.launcher.daemon.bootstrap.GradleDaemon 5.6.4
java_class_path (initial): C:\Users\hisham kilany\.gradle\wrapper\dists\gradle-5.6.4-all\ankdp27end7byghfw1q2sw75f\gradle-5.6.4\lib\gradle-launcher-5.6.4.jar
Launcher Type: SUN_STANDARD

Environment Variables:
PATH=C:\Windows\system32;C:\Windows;C:\Windows\System32\Wbem;C:\Windows\System32\WindowsPowerShell\v1.0\;C:\Program Files\Git\cmd
USERNAME=hisham kilany
OS=Windows_NT
PROCESSOR_IDENTIFIER=Intel64 Family 6 Model 58 Stepping 9, GenuineIntel



---------------  S Y S T E M  ---------------

OS: Windows 7 , 64 bit Build 7600 (6.1.7600.16385)

CPU:total 4 (initial active 4) (2 cores per cpu, 2 threads per core) family 6 model 58 stepping 9, cmov, cx8, fxsr, mmx, sse, sse2, sse3, ssse3, sse4.1, sse4.2, popcnt, aes, clmul, erms, ht, tsc, tscinvbit, tscinv

Memory: 4k page, physical 4056580k(479108k free), swap 4054676k(6256k free)

vm_info: OpenJDK 64-Bit Server VM (25.212-b04) for windows-amd64 JRE (1.8.0_212-release-1586-b04), built by "builder" with MS VC++ 10.0 (VS2010)

time: Sat Apr 25 18:29:10 2020
timezone: Egypt Standard Time
elapsed time: 9 seconds (0d 0h 0m 9s)

