#
# There is insufficient memory for the Java Runtime Environment to continue.
# Native memory allocation (malloc) failed to allocate 753456 bytes for Chunk::new
# Possible reasons:
#   The system is out of physical RAM or swap space
#   The process is running with CompressedOops enabled, and the Java Heap may be blocking the growth of the native heap
# Possible solutions:
#   Reduce memory load on the system
#   Increase physical memory or swap space
#   Check if swap backing store is full
#   Decrease Java heap size (-Xmx/-Xms)
#   Decrease number of Java threads
#   Decrease Java thread stack sizes (-Xss)
#   Set larger code cache with -XX:ReservedCodeCacheSize=
#   JVM is running with Unscaled Compressed Oops mode in which the Java heap is
#     placed in the first 4GB address space. The Java Heap base address is the
#     maximum limit for the native heap growth. Please use -XX:HeapBaseMinAddress
#     to set the Java Heap base and to place the Java Heap above 4GB virtual address.
# This output file may be truncated or incomplete.
#
#  Out of Memory Error (allocation.cpp:389), pid=1944, tid=0x0000000000001478
#
# JRE version: OpenJDK Runtime Environment (8.0_212-b04) (build 1.8.0_212-release-1586-b04)
# Java VM: OpenJDK 64-Bit Server VM (25.212-b04 mixed mode windows-amd64 compressed oops)
# Failed to write core dump. Minidumps are not enabled by default on client versions of Windows
#

---------------  T H R E A D  ---------------

Current thread (0x0000000055dcc000):  JavaThread "C2 CompilerThread1" daemon [_thread_in_native, id=5240, stack(0x0000000057b60000,0x0000000057c60000)]

Stack: [0x0000000057b60000,0x0000000057c60000]
[error occurred during error reporting (printing stack bounds), id 0xc0000005]

Native frames: (J=compiled Java code, j=interpreted, Vv=VM code, C=native code)


Current CompileTask:
C2:   4576 1456   !   4       java.net.URLClassLoader$1::run (63 bytes)


---------------  P R O C E S S  ---------------

Java Threads: ( => current thread )
  0x0000000059ef1000 JavaThread "Cache worker for journal cache (C:\Users\hisham kilany\.gradle\caches\journal-1)" [_thread_blocked, id=3916, stack(0x000000005c340000,0x000000005c440000)]
  0x0000000059ef0800 JavaThread "File lock request listener" [_thread_in_native, id=3864, stack(0x000000005c220000,0x000000005c320000)]
  0x0000000059eef800 JavaThread "Cache worker for file hash cache (C:\Users\hisham kilany\.gradle\caches\5.6.4\fileHashes)" [_thread_blocked, id=1960, stack(0x000000005c020000,0x000000005c120000)]
  0x0000000059d84800 JavaThread "Thread-9" [_thread_blocked, id=5800, stack(0x000000005bce0000,0x000000005bde0000)]
  0x0000000059da1000 JavaThread "Stdin handler" [_thread_blocked, id=5380, stack(0x000000005bbe0000,0x000000005bce0000)]
  0x0000000059da0000 JavaThread "Asynchronous log dispatcher for DefaultDaemonConnection: socket connection from /127.0.0.1:52720 to /127.0.0.1:52721" [_thread_blocked, id=1136, stack(0x000000005ba20000,0x000000005bb20000)]
  0x0000000057623000 JavaThread "Daemon worker" [_thread_in_vm, id=1884, stack(0x0000000059a10000,0x0000000059b10000)]
  0x0000000059daf800 JavaThread "Cancel handler" [_thread_blocked, id=4908, stack(0x000000005b7d0000,0x000000005b8d0000)]
  0x0000000059d0b000 JavaThread "Handler for socket connection from /127.0.0.1:52720 to /127.0.0.1:52721" [_thread_in_native, id=5892, stack(0x000000005b3c0000,0x000000005b4c0000)]
  0x0000000059d0a000 JavaThread "Daemon" [_thread_blocked, id=6076, stack(0x000000005b230000,0x000000005b330000)]
  0x0000000059be4000 JavaThread "Daemon periodic checks" [_thread_blocked, id=6112, stack(0x000000005b120000,0x000000005b220000)]
  0x0000000059bd8800 JavaThread "Incoming local TCP Connector on port 52720" [_thread_in_native, id=5328, stack(0x000000005af90000,0x000000005b090000)]
  0x00000000597ab000 JavaThread "Daemon health stats" [_thread_blocked, id=5640, stack(0x0000000057cc0000,0x0000000057dc0000)]
  0x00000000572ed800 JavaThread "Service Thread" daemon [_thread_blocked, id=5552, stack(0x0000000057f40000,0x0000000058040000)]
  0x000000005728d000 JavaThread "C1 CompilerThread2" daemon [_thread_blocked, id=6060, stack(0x0000000057e00000,0x0000000057f00000)]
=>0x0000000055dcc000 JavaThread "C2 CompilerThread1" daemon [_thread_in_native, id=5240, stack(0x0000000057b60000,0x0000000057c60000)]
  0x0000000057288000 JavaThread "C2 CompilerThread0" daemon [_thread_in_native, id=5340, stack(0x0000000057a40000,0x0000000057b40000)]
  0x0000000057281000 JavaThread "Attach Listener" daemon [_thread_blocked, id=4600, stack(0x0000000057830000,0x0000000057930000)]
  0x0000000057280800 JavaThread "Signal Dispatcher" daemon [_thread_blocked, id=4192, stack(0x00000000576d0000,0x00000000577d0000)]
  0x0000000055da8000 JavaThread "Finalizer" daemon [_thread_blocked, id=5456, stack(0x0000000057180000,0x0000000057280000)]
  0x0000000055da1000 JavaThread "Reference Handler" daemon [_thread_blocked, id=3132, stack(0x0000000056e10000,0x0000000056f10000)]
  0x00000000001fe800 JavaThread "main" [_thread_blocked, id=1028, stack(0x0000000001fd0000,0x00000000020d0000)]

Other Threads:
  0x0000000055d59800 VMThread [stack: 0x0000000056f70000,0x0000000057070000] [id=524]
  0x00000000572f9000 WatcherThread [stack: 0x00000000580f0000,0x00000000581f0000] [id=3508]

VM state:not at safepoint (normal execution)

VM Mutex/Monitor currently owned by a thread: None

heap address: 0x00000000a0000000, size: 1536 MB, Compressed Oops mode: 32-bit
Narrow klass base: 0x0000000000000000, Narrow klass shift: 0
Compressed class space size: 1073741824 Address: 0x00000000153d0000

Heap:
 PSYoungGen      total 68608K, used 15775K [0x00000000e0000000, 0x00000000e4c00000, 0x0000000100000000)
  eden space 62464K, 15% used [0x00000000e0000000,0x00000000e0992fc0,0x00000000e3d00000)
  from space 6144K, 97% used [0x00000000e4400000,0x00000000e49d4c58,0x00000000e4a00000)
  to   space 7168K, 0% used [0x00000000e3d00000,0x00000000e3d00000,0x00000000e4400000)
 ParOldGen       total 42496K, used 4759K [0x00000000a0000000, 0x00000000a2980000, 0x00000000e0000000)
  object space 42496K, 11% used [0x00000000a0000000,0x00000000a04a5d68,0x00000000a2980000)
 Metaspace       used 14762K, capacity 15168K, committed 15232K, reserved 1062912K
  class space    used 2063K, capacity 2160K, committed 2176K, reserved 1048576K

Card table byte_map: [0x0000000011760000,0x0000000011a70000] byte_map_base: 0x0000000011260000

Marking Bits: (ParMarkBitMap*) 0x000000006b9a9f30
 Begin Bits: [0x00000000120d0000, 0x00000000138d0000)
 End Bits:   [0x00000000138d0000, 0x00000000150d0000)

Polling page: 0x0000000000420000

CodeCache: size=245760Kb used=5188Kb max_used=5188Kb free=240572Kb
 bounds [0x00000000023a0000, 0x00000000028c0000, 0x00000000113a0000]
 total_blobs=1870 nmethods=1487 adapters=297
 compilation: enabled

Compilation events (10 events):
Event: 4.544 Thread 0x000000005728d000 1480       3       java.lang.reflect.Method::hasGenericInformation (13 bytes)
Event: 4.544 Thread 0x000000005728d000 nmethod 1480 0x00000000028ab550 code [0x00000000028ab6a0, 0x00000000028ab870]
Event: 4.545 Thread 0x000000005728d000 1481       3       java.lang.reflect.Method::getGenericReturnType (20 bytes)
Event: 4.546 Thread 0x000000005728d000 nmethod 1481 0x00000000028ab8d0 code [0x00000000028abac0, 0x00000000028ac498]
Event: 4.549 Thread 0x000000005728d000 1483       3       java.util.LinkedList::checkPositionIndex (22 bytes)
Event: 4.551 Thread 0x000000005728d000 nmethod 1483 0x00000000028acb10 code [0x00000000028acd20, 0x00000000028ad8d8]
Event: 4.551 Thread 0x000000005728d000 1484       3       java.util.LinkedList::isPositionIndex (18 bytes)
Event: 4.551 Thread 0x000000005728d000 nmethod 1484 0x00000000028ade90 code [0x00000000028adfe0, 0x00000000028ae1d0]
Event: 4.551 Thread 0x000000005728d000 1485       3       java.util.LinkedList::unlink (91 bytes)
Event: 4.552 Thread 0x000000005728d000 nmethod 1485 0x00000000028ae250 code [0x00000000028ae3c0, 0x00000000028ae690]

GC Heap History (10 events):
Event: 1.817 GC heap before
{Heap before GC invocations=2 (full 0):
 PSYoungGen      total 18432K, used 18245K [0x00000000e0000000, 0x00000000e1480000, 0x0000000100000000)
  eden space 15872K, 100% used [0x00000000e0000000,0x00000000e0f80000,0x00000000e0f80000)
  from space 2560K, 92% used [0x00000000e0f80000,0x00000000e11d1570,0x00000000e1200000)
  to   space 2560K, 0% used [0x00000000e1200000,0x00000000e1200000,0x00000000e1480000)
 ParOldGen       total 42496K, used 8K [0x00000000a0000000, 0x00000000a2980000, 0x00000000e0000000)
  object space 42496K, 0% used [0x00000000a0000000,0x00000000a0002000,0x00000000a2980000)
 Metaspace       used 6768K, capacity 6956K, committed 7040K, reserved 1056768K
  class space    used 820K, capacity 876K, committed 896K, reserved 1048576K
Event: 1.865 GC heap after
Heap after GC invocations=2 (full 0):
 PSYoungGen      total 18432K, used 2549K [0x00000000e0000000, 0x00000000e2400000, 0x0000000100000000)
  eden space 15872K, 0% used [0x00000000e0000000,0x00000000e0000000,0x00000000e0f80000)
  from space 2560K, 99% used [0x00000000e1200000,0x00000000e147d460,0x00000000e1480000)
  to   space 2560K, 0% used [0x00000000e0f80000,0x00000000e0f80000,0x00000000e1200000)
 ParOldGen       total 42496K, used 737K [0x00000000a0000000, 0x00000000a2980000, 0x00000000e0000000)
  object space 42496K, 1% used [0x00000000a0000000,0x00000000a00b86b8,0x00000000a2980000)
 Metaspace       used 6768K, capacity 6956K, committed 7040K, reserved 1056768K
  class space    used 820K, capacity 876K, committed 896K, reserved 1048576K
}
Event: 2.146 GC heap before
{Heap before GC invocations=3 (full 0):
 PSYoungGen      total 18432K, used 18421K [0x00000000e0000000, 0x00000000e2400000, 0x0000000100000000)
  eden space 15872K, 100% used [0x00000000e0000000,0x00000000e0f80000,0x00000000e0f80000)
  from space 2560K, 99% used [0x00000000e1200000,0x00000000e147d460,0x00000000e1480000)
  to   space 2560K, 0% used [0x00000000e0f80000,0x00000000e0f80000,0x00000000e1200000)
 ParOldGen       total 42496K, used 737K [0x00000000a0000000, 0x00000000a2980000, 0x00000000e0000000)
  object space 42496K, 1% used [0x00000000a0000000,0x00000000a00b86b8,0x00000000a2980000)
 Metaspace       used 6790K, capacity 7020K, committed 7040K, reserved 1056768K
  class space    used 820K, capacity 876K, committed 896K, reserved 1048576K
Event: 2.176 GC heap after
Heap after GC invocations=3 (full 0):
 PSYoungGen      total 18432K, used 2064K [0x00000000e0000000, 0x00000000e2400000, 0x0000000100000000)
  eden space 15872K, 0% used [0x00000000e0000000,0x00000000e0000000,0x00000000e0f80000)
  from space 2560K, 80% used [0x00000000e0f80000,0x00000000e1184030,0x00000000e1200000)
  to   space 2560K, 0% used [0x00000000e2180000,0x00000000e2180000,0x00000000e2400000)
 ParOldGen       total 42496K, used 745K [0x00000000a0000000, 0x00000000a2980000, 0x00000000e0000000)
  object space 42496K, 1% used [0x00000000a0000000,0x00000000a00ba6b8,0x00000000a2980000)
 Metaspace       used 6790K, capacity 7020K, committed 7040K, reserved 1056768K
  class space    used 820K, capacity 876K, committed 896K, reserved 1048576K
}
Event: 2.511 GC heap before
{Heap before GC invocations=4 (full 0):
 PSYoungGen      total 18432K, used 17936K [0x00000000e0000000, 0x00000000e2400000, 0x0000000100000000)
  eden space 15872K, 100% used [0x00000000e0000000,0x00000000e0f80000,0x00000000e0f80000)
  from space 2560K, 80% used [0x00000000e0f80000,0x00000000e1184030,0x00000000e1200000)
  to   space 2560K, 0% used [0x00000000e2180000,0x00000000e2180000,0x00000000e2400000)
 ParOldGen       total 42496K, used 745K [0x00000000a0000000, 0x00000000a2980000, 0x00000000e0000000)
  object space 42496K, 1% used [0x00000000a0000000,0x00000000a00ba6b8,0x00000000a2980000)
 Metaspace       used 6979K, capacity 7204K, committed 7424K, reserved 1056768K
  class space    used 842K, capacity 916K, committed 1024K, reserved 1048576K
Event: 2.540 GC heap after
Heap after GC invocations=4 (full 0):
 PSYoungGen      total 34304K, used 2544K [0x00000000e0000000, 0x00000000e2400000, 0x0000000100000000)
  eden space 31744K, 0% used [0x00000000e0000000,0x00000000e0000000,0x00000000e1f00000)
  from space 2560K, 99% used [0x00000000e2180000,0x00000000e23fc030,0x00000000e2400000)
  to   space 2560K, 0% used [0x00000000e1f00000,0x00000000e1f00000,0x00000000e2180000)
 ParOldGen       total 42496K, used 1194K [0x00000000a0000000, 0x00000000a2980000, 0x00000000e0000000)
  object space 42496K, 2% used [0x00000000a0000000,0x00000000a012aaa8,0x00000000a2980000)
 Metaspace       used 6979K, capacity 7204K, committed 7424K, reserved 1056768K
  class space    used 842K, capacity 916K, committed 1024K, reserved 1048576K
}
Event: 3.664 GC heap before
{Heap before GC invocations=5 (full 0):
 PSYoungGen      total 34304K, used 34288K [0x00000000e0000000, 0x00000000e2400000, 0x0000000100000000)
  eden space 31744K, 100% used [0x00000000e0000000,0x00000000e1f00000,0x00000000e1f00000)
  from space 2560K, 99% used [0x00000000e2180000,0x00000000e23fc030,0x00000000e2400000)
  to   space 2560K, 0% used [0x00000000e1f00000,0x00000000e1f00000,0x00000000e2180000)
 ParOldGen       total 42496K, used 1194K [0x00000000a0000000, 0x00000000a2980000, 0x00000000e0000000)
  object space 42496K, 2% used [0x00000000a0000000,0x00000000a012aaa8,0x00000000a2980000)
 Metaspace       used 11940K, capacity 12286K, committed 12544K, reserved 1060864K
  class space    used 1573K, capacity 1687K, committed 1792K, reserved 1048576K
Event: 3.684 GC heap after
Heap after GC invocations=5 (full 0):
 PSYoungGen      total 34304K, used 2544K [0x00000000e0000000, 0x00000000e4a00000, 0x0000000100000000)
  eden space 31744K, 0% used [0x00000000e0000000,0x00000000e0000000,0x00000000e1f00000)
  from space 2560K, 99% used [0x00000000e1f00000,0x00000000e217c010,0x00000000e2180000)
  to   space 6144K, 0% used [0x00000000e4400000,0x00000000e4400000,0x00000000e4a00000)
 ParOldGen       total 42496K, used 4759K [0x00000000a0000000, 0x00000000a2980000, 0x00000000e0000000)
  object space 42496K, 11% used [0x00000000a0000000,0x00000000a04a5d68,0x00000000a2980000)
 Metaspace       used 11940K, capacity 12286K, committed 12544K, reserved 1060864K
  class space    used 1573K, capacity 1687K, committed 1792K, reserved 1048576K
}
Event: 4.446 GC heap before
{Heap before GC invocations=6 (full 0):
 PSYoungGen      total 34304K, used 34288K [0x00000000e0000000, 0x00000000e4a00000, 0x0000000100000000)
  eden space 31744K, 100% used [0x00000000e0000000,0x00000000e1f00000,0x00000000e1f00000)
  from space 2560K, 99% used [0x00000000e1f00000,0x00000000e217c010,0x00000000e2180000)
  to   space 6144K, 0% used [0x00000000e4400000,0x00000000e4400000,0x00000000e4a00000)
 ParOldGen       total 42496K, used 4759K [0x00000000a0000000, 0x00000000a2980000, 0x00000000e0000000)
  object space 42496K, 11% used [0x00000000a0000000,0x00000000a04a5d68,0x00000000a2980000)
 Metaspace       used 14492K, capacity 14814K, committed 14976K, reserved 1062912K
  class space    used 2002K, capacity 2127K, committed 2176K, reserved 1048576K
Event: 4.460 GC heap after
Heap after GC invocations=6 (full 0):
 PSYoungGen      total 68608K, used 5971K [0x00000000e0000000, 0x00000000e4c00000, 0x0000000100000000)
  eden space 62464K, 0% used [0x00000000e0000000,0x00000000e0000000,0x00000000e3d00000)
  from space 6144K, 97% used [0x00000000e4400000,0x00000000e49d4c58,0x00000000e4a00000)
  to   space 7168K, 0% used [0x00000000e3d00000,0x00000000e3d00000,0x00000000e4400000)
 ParOldGen       total 42496K, used 4759K [0x00000000a0000000, 0x00000000a2980000, 0x00000000e0000000)
  object space 42496K, 11% used [0x00000000a0000000,0x00000000a04a5d68,0x00000000a2980000)
 Metaspace       used 14492K, capacity 14814K, committed 14976K, reserved 1062912K
  class space    used 2002K, capacity 2127K, committed 2176K, reserved 1048576K
}

Deoptimization events (10 events):
Event: 2.908 Thread 0x00000000001fe800 Uncommon trap: reason=bimorphic action=maybe_recompile pc=0x000000000262f03c method=java.util.HashMap.putVal(ILjava/lang/Object;Ljava/lang/Object;ZZ)Ljava/lang/Object; @ 203
Event: 3.102 Thread 0x00000000001fe800 Uncommon trap: reason=unstable_if action=reinterpret pc=0x000000000268f868 method=java.io.WinNTFileSystem.normalize(Ljava/lang/String;)Ljava/lang/String; @ 128
Event: 3.529 Thread 0x0000000059d0b000 Uncommon trap: reason=unstable_if action=reinterpret pc=0x00000000027a0110 method=java.util.concurrent.ConcurrentHashMap.putVal(Ljava/lang/Object;Ljava/lang/Object;Z)Ljava/lang/Object; @ 206
Event: 3.713 Thread 0x0000000057623000 Uncommon trap: reason=bimorphic action=maybe_recompile pc=0x000000000262eff0 method=java.util.HashMap.putVal(ILjava/lang/Object;Ljava/lang/Object;ZZ)Ljava/lang/Object; @ 253
Event: 3.713 Thread 0x0000000057623000 Uncommon trap: reason=bimorphic action=maybe_recompile pc=0x000000000262eff0 method=java.util.HashMap.putVal(ILjava/lang/Object;Ljava/lang/Object;ZZ)Ljava/lang/Object; @ 253
Event: 3.713 Thread 0x0000000057623000 Uncommon trap: reason=bimorphic action=maybe_recompile pc=0x000000000262eff0 method=java.util.HashMap.putVal(ILjava/lang/Object;Ljava/lang/Object;ZZ)Ljava/lang/Object; @ 253
Event: 4.172 Thread 0x0000000057623000 Uncommon trap: reason=class_check action=maybe_recompile pc=0x0000000002689348 method=java.util.regex.Matcher.match(II)Z @ 86
Event: 4.198 Thread 0x0000000057623000 Uncommon trap: reason=class_check action=maybe_recompile pc=0x0000000002689348 method=java.util.regex.Matcher.match(II)Z @ 86
Event: 4.199 Thread 0x0000000057623000 Uncommon trap: reason=class_check action=maybe_recompile pc=0x0000000002689348 method=java.util.regex.Matcher.match(II)Z @ 86
Event: 4.199 Thread 0x0000000057623000 Uncommon trap: reason=class_check action=maybe_recompile pc=0x000000000250da4c method=java.util.regex.Matcher.match(II)Z @ 86

Classes redefined (0 events):
No events

Internal exceptions (10 events):
Event: 3.534 Thread 0x0000000059d0b000 Exception <a 'java/lang/NoSuchMethodError': <clinit>> (0x00000000e1d46d50) thrown at [D:\src\AOSP-openjdk-cygwin\jdk8u\hotspot\src\share\vm\prims\jni.cpp, line 1614]
Event: 3.541 Thread 0x0000000059d0b000 Exception <a 'java/lang/NoSuchMethodError': <clinit>> (0x00000000e1d5c590) thrown at [D:\src\AOSP-openjdk-cygwin\jdk8u\hotspot\src\share\vm\prims\jni.cpp, line 1614]
Event: 3.548 Thread 0x0000000059d0b000 Exception <a 'java/lang/NoSuchMethodError': <clinit>> (0x00000000e1d6f790) thrown at [D:\src\AOSP-openjdk-cygwin\jdk8u\hotspot\src\share\vm\prims\jni.cpp, line 1614]
Event: 3.555 Thread 0x0000000059d0b000 Exception <a 'java/lang/NoSuchMethodError': <clinit>> (0x00000000e1d96c10) thrown at [D:\src\AOSP-openjdk-cygwin\jdk8u\hotspot\src\share\vm\prims\jni.cpp, line 1614]
Event: 3.561 Thread 0x0000000059d0b000 Exception <a 'java/lang/NoSuchMethodError': <clinit>> (0x00000000e1daecc0) thrown at [D:\src\AOSP-openjdk-cygwin\jdk8u\hotspot\src\share\vm\prims\jni.cpp, line 1614]
Event: 3.563 Thread 0x0000000059d0b000 Exception <a 'java/lang/NoSuchMethodError': <clinit>> (0x00000000e1db7988) thrown at [D:\src\AOSP-openjdk-cygwin\jdk8u\hotspot\src\share\vm\prims\jni.cpp, line 1614]
Event: 3.569 Thread 0x0000000059d0b000 Exception <a 'java/lang/NoSuchMethodError': <clinit>> (0x00000000e1dce048) thrown at [D:\src\AOSP-openjdk-cygwin\jdk8u\hotspot\src\share\vm\prims\jni.cpp, line 1614]
Event: 3.596 Thread 0x0000000059d0b000 Exception <a 'java/lang/NoSuchMethodError': <clinit>> (0x00000000e1e37010) thrown at [D:\src\AOSP-openjdk-cygwin\jdk8u\hotspot\src\share\vm\prims\jni.cpp, line 1614]
Event: 3.608 Thread 0x0000000059d0b000 Exception <a 'java/lang/NoSuchMethodError': <clinit>> (0x00000000e1e63dc0) thrown at [D:\src\AOSP-openjdk-cygwin\jdk8u\hotspot\src\share\vm\prims\jni.cpp, line 1614]
Event: 3.622 Thread 0x0000000059d0b000 Exception <a 'java/lang/NoSuchMethodError': <clinit>> (0x00000000e1e81720) thrown at [D:\src\AOSP-openjdk-cygwin\jdk8u\hotspot\src\share\vm\prims\jni.cpp, line 1614]

Events (10 events):
Event: 4.558 loading class org/gradle/caching/http/HttpBuildCache
Event: 4.558 loading class org/gradle/caching/http/HttpBuildCache done
Event: 4.561 loading class org/gradle/caching/configuration/AbstractBuildCache
Event: 4.561 loading class org/gradle/caching/configuration/AbstractBuildCache done
Event: 4.562 loading class org/gradle/caching/configuration/BuildCache
Event: 4.562 loading class org/gradle/caching/configuration/BuildCache done
Event: 4.562 loading class org/gradle/caching/http/internal/DefaultHttpBuildCacheServiceFactory
Event: 4.562 loading class org/gradle/caching/http/internal/DefaultHttpBuildCacheServiceFactory done
Event: 4.563 loading class org/gradle/caching/BuildCacheServiceFactory
Event: 4.563 loading class org/gradle/caching/BuildCacheServiceFactory done


Dynamic libraries:
0x000000013f2d0000 - 0x000000013f301000 	C:\Program Files\Android\Android Studio\jre\bin\java.exe
0x0000000077af0000 - 0x0000000077c9b000 	C:\Windows\SYSTEM32\ntdll.dll
0x00000000778d0000 - 0x00000000779ef000 	C:\Windows\system32\kernel32.dll
0x000007fefdc20000 - 0x000007fefdc8b000 	C:\Windows\system32\KERNELBASE.dll
0x000007fefe8a0000 - 0x000007fefe97b000 	C:\Windows\system32\ADVAPI32.dll
0x000007fefe260000 - 0x000007fefe2ff000 	C:\Windows\system32\msvcrt.dll
0x000007feff930000 - 0x000007feff94f000 	C:\Windows\SYSTEM32\sechost.dll
0x000007feffba0000 - 0x000007feffcce000 	C:\Windows\system32\RPCRT4.dll
0x00000000779f0000 - 0x0000000077aea000 	C:\Windows\system32\USER32.dll
0x000007feff8c0000 - 0x000007feff927000 	C:\Windows\system32\GDI32.dll
0x000007fefe980000 - 0x000007fefe98e000 	C:\Windows\system32\LPK.dll
0x000007feffad0000 - 0x000007feffb9a000 	C:\Windows\system32\USP10.dll
0x000007fefc2c0000 - 0x000007fefc4b4000 	C:\Windows\WinSxS\amd64_microsoft.windows.common-controls_6595b64144ccf1df_6.0.7600.16385_none_fa645303170382f6\COMCTL32.dll
0x000007fefe760000 - 0x000007fefe7d1000 	C:\Windows\system32\SHLWAPI.dll
0x000007fefe7e0000 - 0x000007fefe80e000 	C:\Windows\system32\IMM32.DLL
0x000007fefe300000 - 0x000007fefe409000 	C:\Windows\system32\MSCTF.dll
0x0000000072eb0000 - 0x0000000072f82000 	C:\Program Files\Android\Android Studio\jre\jre\bin\msvcr100.dll
0x000000006b1e0000 - 0x000000006ba26000 	C:\Program Files\Android\Android Studio\jre\jre\bin\server\jvm.dll
0x000007fefd7e0000 - 0x000007fefd7e9000 	C:\Windows\system32\WSOCK32.dll
0x000007fefe710000 - 0x000007fefe75d000 	C:\Windows\system32\WS2_32.dll
0x000007fefe890000 - 0x000007fefe898000 	C:\Windows\system32\NSI.dll
0x000007fefbe50000 - 0x000007fefbe8b000 	C:\Windows\system32\WINMM.dll
0x000007fefc980000 - 0x000007fefc98c000 	C:\Windows\system32\VERSION.dll
0x0000000077cc0000 - 0x0000000077cc7000 	C:\Windows\system32\PSAPI.DLL
0x000007fefc000000 - 0x000007fefc00f000 	C:\Program Files\Android\Android Studio\jre\jre\bin\verify.dll
0x000007fef2d30000 - 0x000007fef2d59000 	C:\Program Files\Android\Android Studio\jre\jre\bin\java.dll
0x000007fefb670000 - 0x000007fefb686000 	C:\Program Files\Android\Android Studio\jre\jre\bin\zip.dll
0x000007fefe990000 - 0x000007feff716000 	C:\Windows\system32\SHELL32.dll
0x000007fefe4b0000 - 0x000007fefe6b1000 	C:\Windows\system32\ole32.dll
0x000007fefd920000 - 0x000007fefd92f000 	C:\Windows\system32\profapi.dll
0x000007fef2aa0000 - 0x000007fef2aba000 	C:\Program Files\Android\Android Studio\jre\jre\bin\net.dll
0x000007feff950000 - 0x000007feffac8000 	C:\Windows\system32\urlmon.dll
0x000007feff740000 - 0x000007feff817000 	C:\Windows\system32\OLEAUT32.dll
0x000007fefdcb0000 - 0x000007fefde16000 	C:\Windows\system32\CRYPT32.dll
0x000007fefdaf0000 - 0x000007fefdaff000 	C:\Windows\system32\MSASN1.dll
0x000007fefde20000 - 0x000007fefe078000 	C:\Windows\system32\iertutil.dll
0x000007fefd000000 - 0x000007fefd054000 	C:\Windows\system32\mswsock.dll
0x000007fefd200000 - 0x000007fefd207000 	C:\Windows\System32\wship6.dll
0x000007fef25c0000 - 0x000007fef25d3000 	C:\Program Files\Android\Android Studio\jre\jre\bin\nio.dll
0x000007feef380000 - 0x000007feef3a6000 	C:\Users\hisham kilany\.gradle\native\30\windows-amd64\native-platform.dll
0x000007fef5800000 - 0x000007fef580d000 	C:\Program Files\Android\Android Studio\jre\jre\bin\management.dll
0x000007fefd1b0000 - 0x000007fefd1c7000 	C:\Windows\system32\CRYPTSP.dll
0x000007fefcd30000 - 0x000007fefcd77000 	C:\Windows\system32\rsaenh.dll
0x000007fefd930000 - 0x000007fefd94e000 	C:\Windows\system32\USERENV.dll
0x000007fefd6c0000 - 0x000007fefd6cf000 	C:\Windows\system32\CRYPTBASE.dll
0x000007fefd7b0000 - 0x000007fefd7d7000 	C:\Windows\system32\IPHLPAPI.DLL
0x000007fefd7a0000 - 0x000007fefd7ab000 	C:\Windows\system32\WINNSI.DLL
0x000007fefa890000 - 0x000007fefa8a8000 	C:\Windows\system32\dhcpcsvc.DLL
0x000007fefa870000 - 0x000007fefa881000 	C:\Windows\system32\dhcpcsvc6.DLL

VM Arguments:
jvm_args: -Xmx1536m -Dfile.encoding=windows-1256 -Duser.country=US -Duser.language=en -Duser.variant 
java_command: org.gradle.launcher.daemon.bootstrap.GradleDaemon 5.6.4
java_class_path (initial): C:\Users\hisham kilany\.gradle\wrapper\dists\gradle-5.6.4-all\ankdp27end7byghfw1q2sw75f\gradle-5.6.4\lib\gradle-launcher-5.6.4.jar
Launcher Type: SUN_STANDARD

Environment Variables:
PATH=C:\Windows\system32;C:\Windows;C:\Windows\System32\Wbem;C:\Windows\System32\WindowsPowerShell\v1.0\;C:\Program Files\Git\cmd
USERNAME=hisham kilany
OS=Windows_NT
PROCESSOR_IDENTIFIER=Intel64 Family 6 Model 58 Stepping 9, GenuineIntel



---------------  S Y S T E M  ---------------

OS: Windows 7 , 64 bit Build 7600 (6.1.7600.16385)

CPU:total 4 (initial active 4) (2 cores per cpu, 2 threads per core) family 6 model 58 stepping 9, cmov, cx8, fxsr, mmx, sse, sse2, sse3, ssse3, sse4.1, sse4.2, popcnt, aes, clmul, erms, ht, tsc, tscinvbit, tscinv

Memory: 4k page, physical 4056580k(493180k free), swap 4054676k(5092k free)

vm_info: OpenJDK 64-Bit Server VM (25.212-b04) for windows-amd64 JRE (1.8.0_212-release-1586-b04), built by "builder" with MS VC++ 10.0 (VS2010)

time: Sat Apr 25 18:41:32 2020
timezone: Egypt Standard Time
elapsed time: 4 seconds (0d 0h 0m 4s)

