#
# There is insufficient memory for the Java Runtime Environment to continue.
# Native memory allocation (malloc) failed to allocate 1091936 bytes for Chunk::new
# Possible reasons:
#   The system is out of physical RAM or swap space
#   The process is running with CompressedOops enabled, and the Java Heap may be blocking the growth of the native heap
# Possible solutions:
#   Reduce memory load on the system
#   Increase physical memory or swap space
#   Check if swap backing store is full
#   Decrease Java heap size (-Xmx/-Xms)
#   Decrease number of Java threads
#   Decrease Java thread stack sizes (-Xss)
#   Set larger code cache with -XX:ReservedCodeCacheSize=
#   JVM is running with Unscaled Compressed Oops mode in which the Java heap is
#     placed in the first 4GB address space. The Java Heap base address is the
#     maximum limit for the native heap growth. Please use -XX:HeapBaseMinAddress
#     to set the Java Heap base and to place the Java Heap above 4GB virtual address.
# This output file may be truncated or incomplete.
#
#  Out of Memory Error (allocation.cpp:389), pid=5624, tid=0x00000000000001dc
#
# JRE version: OpenJDK Runtime Environment (8.0_212-b04) (build 1.8.0_212-release-1586-b04)
# Java VM: OpenJDK 64-Bit Server VM (25.212-b04 mixed mode windows-amd64 compressed oops)
# Failed to write core dump. Minidumps are not enabled by default on client versions of Windows
#

---------------  T H R E A D  ---------------

Current thread (0x0000000055e8c000):  JavaThread "C2 CompilerThread1" daemon [_thread_in_native, id=476, stack(0x0000000057da0000,0x0000000057ea0000)]

Stack: [0x0000000057da0000,0x0000000057ea0000]
[error occurred during error reporting (printing stack bounds), id 0xc0000005]

Native frames: (J=compiled Java code, j=interpreted, Vv=VM code, C=native code)


Current CompileTask:
C2:  43986 8161       4       com.android.utils.XmlUtils::append (639 bytes)


---------------  P R O C E S S  ---------------

Java Threads: ( => current thread )
  0x00000000586f0800 JavaThread "WorkerExecutor Queue Thread 4" [_thread_in_vm, id=4868, stack(0x0000000064520000,0x0000000064620000)]
  0x00000000586f3800 JavaThread "WorkerExecutor Queue Thread 3" [_thread_in_Java, id=4820, stack(0x0000000064400000,0x0000000064500000)]
  0x00000000586f4000 JavaThread "WorkerExecutor Queue Thread 2" [_thread_in_Java, id=5808, stack(0x0000000063b40000,0x0000000063c40000)]
  0x00000000586f1000 JavaThread "WorkerExecutor Queue" [_thread_in_Java, id=2404, stack(0x00000000642b0000,0x00000000643b0000)]
  0x000000005a0a6000 JavaThread "Cache worker for execution history cache (C:\Users\hisham kilany\myappliction\.gradle\5.6.4\executionHistory)" [_thread_blocked, id=2816, stack(0x0000000063cb0000,0x0000000063db0000)]
  0x000000005a0a5000 JavaThread "Execution worker for ':' Thread 3" [_thread_blocked, id=1280, stack(0x0000000062ca0000,0x0000000062da0000)]
  0x000000005a0a4800 JavaThread "Execution worker for ':' Thread 2" [_thread_blocked, id=4736, stack(0x0000000063750000,0x0000000063850000)]
  0x000000005a0a3800 JavaThread "Execution worker for ':'" [_thread_blocked, id=5588, stack(0x0000000063640000,0x0000000063740000)]
  0x000000005a0a3000 JavaThread "Cache worker for file content cache (C:\Users\hisham kilany\myappliction\.gradle\5.6.4\fileContent)" [_thread_blocked, id=2852, stack(0x00000000634c0000,0x00000000635c0000)]
  0x0000000059ecf800 JavaThread "Cache worker for file content cache (C:\Users\hisham kilany\.gradle\caches\5.6.4\fileContent)" [_thread_blocked, id=3940, stack(0x0000000062240000,0x0000000062340000)]
  0x0000000059ece800 JavaThread "Memory manager" [_thread_blocked, id=5160, stack(0x00000000618f0000,0x00000000619f0000)]
  0x0000000059ecb800 JavaThread "Cache worker for Build Output Cleanup Cache (C:\Users\hisham kilany\myappliction\.gradle\buildOutputCleanup)" [_thread_blocked, id=4244, stack(0x0000000062390000,0x0000000062490000)]
  0x0000000059eca000 JavaThread "Build operations Thread 4" [_thread_blocked, id=4132, stack(0x00000000604a0000,0x00000000605a0000)]
  0x0000000059ec9800 JavaThread "Build operations Thread 3" [_thread_blocked, id=2948, stack(0x0000000061b20000,0x0000000061c20000)]
  0x0000000059ec8800 JavaThread "Build operations Thread 2" [_thread_blocked, id=5632, stack(0x0000000061a00000,0x0000000061b00000)]
  0x0000000059ec8000 JavaThread "Build operations" [_thread_blocked, id=4976, stack(0x0000000060380000,0x0000000060480000)]
  0x0000000059ec7000 JavaThread "Cache worker for execution history cache (C:\Users\hisham kilany\.gradle\caches\5.6.4\executionHistory)" [_thread_blocked, id=6036, stack(0x00000000615c0000,0x00000000616c0000)]
  0x0000000059ec6000 JavaThread "Cache worker for cache directory md-rule (C:\Users\hisham kilany\.gradle\caches\5.6.4\md-rule)" [_thread_blocked, id=5444, stack(0x000000005fc40000,0x000000005fd40000)]
  0x0000000059ec5800 JavaThread "Cache worker for cache directory md-supplier (C:\Users\hisham kilany\.gradle\caches\5.6.4\md-supplier)" [_thread_blocked, id=5276, stack(0x0000000060010000,0x0000000060110000)]
  0x0000000059ec1800 JavaThread "Cache worker for file hash cache (C:\Users\hisham kilany\myappliction\.gradle\5.6.4\fileHashes)" [_thread_blocked, id=4984, stack(0x000000005bb60000,0x000000005bc60000)]
  0x0000000059ec1000 JavaThread "Cache worker for journal cache (C:\Users\hisham kilany\.gradle\caches\journal-1)" [_thread_blocked, id=4808, stack(0x000000005c150000,0x000000005c250000)]
  0x0000000059ec0000 JavaThread "File lock request listener" [_thread_in_native, id=5392, stack(0x000000005aea0000,0x000000005afa0000)]
  0x0000000059eee800 JavaThread "Cache worker for file hash cache (C:\Users\hisham kilany\.gradle\caches\5.6.4\fileHashes)" [_thread_blocked, id=4832, stack(0x0000000059960000,0x0000000059a60000)]
  0x0000000059d59800 JavaThread "Thread-9" [_thread_blocked, id=1484, stack(0x000000005bd70000,0x000000005be70000)]
  0x0000000059d2f800 JavaThread "Stdin handler" [_thread_blocked, id=2316, stack(0x000000005bc70000,0x000000005bd70000)]
  0x00000000581e0800 JavaThread "Asynchronous log dispatcher for DefaultDaemonConnection: socket connection from /127.0.0.1:52864 to /127.0.0.1:52865" [_thread_blocked, id=4500, stack(0x000000005ba50000,0x000000005bb50000)]
  0x0000000059ce4800 JavaThread "Daemon worker" [_thread_blocked, id=5740, stack(0x000000005b950000,0x000000005ba50000)]
  0x0000000059cdd800 JavaThread "Cancel handler" [_thread_blocked, id=5712, stack(0x000000005b810000,0x000000005b910000)]
  0x0000000059cd4800 JavaThread "Handler for socket connection from /127.0.0.1:52864 to /127.0.0.1:52865" [_thread_in_native, id=2408, stack(0x000000005b510000,0x000000005b610000)]
  0x0000000059cd3000 JavaThread "Daemon" [_thread_blocked, id=3352, stack(0x000000005b3b0000,0x000000005b4b0000)]
  0x0000000059cc9800 JavaThread "Daemon periodic checks" [_thread_blocked, id=5528, stack(0x000000005b2b0000,0x000000005b3b0000)]
  0x0000000059cb7000 JavaThread "Incoming local TCP Connector on port 52864" [_thread_in_native, id=2052, stack(0x000000005b140000,0x000000005b240000)]
  0x0000000059b39800 JavaThread "Daemon health stats" [_thread_blocked, id=4908, stack(0x000000005ab70000,0x000000005ac70000)]
  0x00000000573f9000 JavaThread "Service Thread" daemon [_thread_blocked, id=3520, stack(0x0000000058080000,0x0000000058180000)]
  0x0000000057381000 JavaThread "C1 CompilerThread2" daemon [_thread_blocked, id=5568, stack(0x0000000057ef0000,0x0000000057ff0000)]
=>0x0000000055e8c000 JavaThread "C2 CompilerThread1" daemon [_thread_in_native, id=476, stack(0x0000000057da0000,0x0000000057ea0000)]
  0x0000000057376000 JavaThread "C2 CompilerThread0" daemon [_thread_in_native, id=5976, stack(0x0000000057c90000,0x0000000057d90000)]
  0x0000000057371000 JavaThread "Attach Listener" daemon [_thread_blocked, id=4520, stack(0x0000000057aa0000,0x0000000057ba0000)]
  0x0000000057370800 JavaThread "Signal Dispatcher" daemon [_thread_blocked, id=3792, stack(0x00000000577b0000,0x00000000578b0000)]
  0x0000000055e68800 JavaThread "Finalizer" daemon [_thread_blocked, id=5320, stack(0x0000000057270000,0x0000000057370000)]
  0x0000000055e61000 JavaThread "Reference Handler" daemon [_thread_blocked, id=1692, stack(0x00000000570d0000,0x00000000571d0000)]
  0x000000000033e800 JavaThread "main" [_thread_blocked, id=2036, stack(0x0000000002170000,0x0000000002270000)]

Other Threads:
  0x0000000055e19800 VMThread [stack: 0x0000000056ef0000,0x0000000056ff0000] [id=5860]
  0x00000000573a8000 WatcherThread [stack: 0x00000000578e0000,0x00000000579e0000] [id=3432]

VM state:not at safepoint (normal execution)

VM Mutex/Monitor currently owned by a thread: None

heap address: 0x00000000a0000000, size: 1536 MB, Compressed Oops mode: 32-bit
Narrow klass base: 0x0000000000000000, Narrow klass shift: 0
Compressed class space size: 1073741824 Address: 0x0000000015490000

Heap:
 PSYoungGen      total 187392K, used 175916K [0x00000000e0000000, 0x00000000ec600000, 0x0000000100000000)
  eden space 176128K, 99% used [0x00000000e0000000,0x00000000eabcb080,0x00000000eac00000)
  from space 11264K, 0% used [0x00000000ebb00000,0x00000000ebb00000,0x00000000ec600000)
  to   space 13312K, 0% used [0x00000000eac00000,0x00000000eac00000,0x00000000eb900000)
 ParOldGen       total 48128K, used 34872K [0x00000000a0000000, 0x00000000a2f00000, 0x00000000e0000000)
  object space 48128K, 72% used [0x00000000a0000000,0x00000000a220e3c8,0x00000000a2f00000)
 Metaspace       used 60410K, capacity 62476K, committed 62720K, reserved 1103872K
  class space    used 8201K, capacity 8693K, committed 8704K, reserved 1048576K

Card table byte_map: [0x0000000011900000,0x0000000011c10000] byte_map_base: 0x0000000011400000

Marking Bits: (ParMarkBitMap*) 0x000000006c519f30
 Begin Bits: [0x0000000012190000, 0x0000000013990000)
 End Bits:   [0x0000000013990000, 0x0000000015190000)

Polling page: 0x0000000000110000

CodeCache: size=245760Kb used=23148Kb max_used=23148Kb free=222611Kb
 bounds [0x0000000002540000, 0x0000000003c00000, 0x0000000011540000]
 total_blobs=8124 nmethods=7332 adapters=705
 compilation: enabled

Compilation events (10 events):
Event: 43.969 Thread 0x0000000057381000 8334       2       java.io.ObjectInputStream$GetFieldImpl::get (67 bytes)
Event: 43.970 Thread 0x0000000057381000 nmethod 8334 0x0000000003bf23d0 code [0x0000000003bf2560, 0x0000000003bf2878]
Event: 43.970 Thread 0x0000000057381000 8335       2       java.io.ObjectStreamClass::getField (84 bytes)
Event: 43.970 Thread 0x0000000057381000 nmethod 8335 0x0000000003bf2c90 code [0x0000000003bf2e40, 0x0000000003bf3238]
Event: 43.970 Thread 0x0000000057381000 8336       2       java.io.DataInputStream::readChar (40 bytes)
Event: 43.971 Thread 0x0000000057381000 nmethod 8336 0x0000000003bf3650 code [0x0000000003bf37e0, 0x0000000003bf3a48]
Event: 43.973 Thread 0x0000000057381000 8339       2       java.io.ObjectStreamClass$Caches::access$2800 (4 bytes)
Event: 43.973 Thread 0x0000000057381000 nmethod 8339 0x0000000003bf3ed0 code [0x0000000003bf4020, 0x0000000003bf4150]
Event: 43.973 Thread 0x0000000057381000 8340   !   2       sun.reflect.GeneratedMethodAccessor26::invoke (66 bytes)
Event: 43.974 Thread 0x0000000057381000 nmethod 8340 0x0000000003bf41d0 code [0x0000000003bf43a0, 0x0000000003bf4898]

GC Heap History (10 events):
Event: 16.576 GC heap before
{Heap before GC invocations=11 (full 1):
 PSYoungGen      total 134144K, used 78199K [0x00000000e0000000, 0x00000000ec680000, 0x0000000100000000)
  eden space 124928K, 55% used [0x00000000e0000000,0x00000000e4360ae8,0x00000000e7a00000)
  from space 9216K, 99% used [0x00000000e7a00000,0x00000000e82fd228,0x00000000e8300000)
  to   space 11776K, 0% used [0x00000000ebb00000,0x00000000ebb00000,0x00000000ec680000)
 ParOldGen       total 31744K, used 10620K [0x00000000a0000000, 0x00000000a1f00000, 0x00000000e0000000)
  object space 31744K, 33% used [0x00000000a0000000,0x00000000a0a5f068,0x00000000a1f00000)
 Metaspace       used 34640K, capacity 35366K, committed 35456K, reserved 1079296K
  class space    used 4755K, capacity 4938K, committed 4992K, reserved 1048576K
Event: 16.614 GC heap after
Heap after GC invocations=11 (full 1):
 PSYoungGen      total 187392K, used 10664K [0x00000000e0000000, 0x00000000ec600000, 0x0000000100000000)
  eden space 176128K, 0% used [0x00000000e0000000,0x00000000e0000000,0x00000000eac00000)
  from space 11264K, 94% used [0x00000000ebb00000,0x00000000ec56a3b8,0x00000000ec600000)
  to   space 13312K, 0% used [0x00000000eac00000,0x00000000eac00000,0x00000000eb900000)
 ParOldGen       total 31744K, used 10628K [0x00000000a0000000, 0x00000000a1f00000, 0x00000000e0000000)
  object space 31744K, 33% used [0x00000000a0000000,0x00000000a0a61068,0x00000000a1f00000)
 Metaspace       used 34640K, capacity 35366K, committed 35456K, reserved 1079296K
  class space    used 4755K, capacity 4938K, committed 4992K, reserved 1048576K
}
Event: 16.614 GC heap before
{Heap before GC invocations=12 (full 2):
 PSYoungGen      total 187392K, used 10664K [0x00000000e0000000, 0x00000000ec600000, 0x0000000100000000)
  eden space 176128K, 0% used [0x00000000e0000000,0x00000000e0000000,0x00000000eac00000)
  from space 11264K, 94% used [0x00000000ebb00000,0x00000000ec56a3b8,0x00000000ec600000)
  to   space 13312K, 0% used [0x00000000eac00000,0x00000000eac00000,0x00000000eb900000)
 ParOldGen       total 31744K, used 10628K [0x00000000a0000000, 0x00000000a1f00000, 0x00000000e0000000)
  object space 31744K, 33% used [0x00000000a0000000,0x00000000a0a61068,0x00000000a1f00000)
 Metaspace       used 34640K, capacity 35366K, committed 35456K, reserved 1079296K
  class space    used 4755K, capacity 4938K, committed 4992K, reserved 1048576K
Event: 16.749 GC heap after
Heap after GC invocations=12 (full 2):
 PSYoungGen      total 187392K, used 0K [0x00000000e0000000, 0x00000000ec600000, 0x0000000100000000)
  eden space 176128K, 0% used [0x00000000e0000000,0x00000000e0000000,0x00000000eac00000)
  from space 11264K, 0% used [0x00000000ebb00000,0x00000000ebb00000,0x00000000ec600000)
  to   space 13312K, 0% used [0x00000000eac00000,0x00000000eac00000,0x00000000eb900000)
 ParOldGen       total 48128K, used 17544K [0x00000000a0000000, 0x00000000a2f00000, 0x00000000e0000000)
  object space 48128K, 36% used [0x00000000a0000000,0x00000000a11220d8,0x00000000a2f00000)
 Metaspace       used 34640K, capacity 35366K, committed 35456K, reserved 1079296K
  class space    used 4755K, capacity 4938K, committed 4992K, reserved 1048576K
}
Event: 27.168 GC heap before
{Heap before GC invocations=13 (full 2):
 PSYoungGen      total 187392K, used 176128K [0x00000000e0000000, 0x00000000ec600000, 0x0000000100000000)
  eden space 176128K, 100% used [0x00000000e0000000,0x00000000eac00000,0x00000000eac00000)
  from space 11264K, 0% used [0x00000000ebb00000,0x00000000ebb00000,0x00000000ec600000)
  to   space 13312K, 0% used [0x00000000eac00000,0x00000000eac00000,0x00000000eb900000)
 ParOldGen       total 48128K, used 17544K [0x00000000a0000000, 0x00000000a2f00000, 0x00000000e0000000)
  object space 48128K, 36% used [0x00000000a0000000,0x00000000a11220d8,0x00000000a2f00000)
 Metaspace       used 51251K, capacity 52742K, committed 52992K, reserved 1095680K
  class space    used 6995K, capacity 7384K, committed 7424K, reserved 1048576K
Event: 27.245 GC heap after
Heap after GC invocations=13 (full 2):
 PSYoungGen      total 189440K, used 13300K [0x00000000e0000000, 0x00000000ec600000, 0x0000000100000000)
  eden space 176128K, 0% used [0x00000000e0000000,0x00000000e0000000,0x00000000eac00000)
  from space 13312K, 99% used [0x00000000eac00000,0x00000000eb8fd0b0,0x00000000eb900000)
  to   space 11264K, 0% used [0x00000000ebb00000,0x00000000ebb00000,0x00000000ec600000)
 ParOldGen       total 48128K, used 26182K [0x00000000a0000000, 0x00000000a2f00000, 0x00000000e0000000)
  object space 48128K, 54% used [0x00000000a0000000,0x00000000a19918d8,0x00000000a2f00000)
 Metaspace       used 51251K, capacity 52742K, committed 52992K, reserved 1095680K
  class space    used 6995K, capacity 7384K, committed 7424K, reserved 1048576K
}
Event: 34.034 GC heap before
{Heap before GC invocations=14 (full 2):
 PSYoungGen      total 189440K, used 123120K [0x00000000e0000000, 0x00000000ec600000, 0x0000000100000000)
  eden space 176128K, 62% used [0x00000000e0000000,0x00000000e6b3f288,0x00000000eac00000)
  from space 13312K, 99% used [0x00000000eac00000,0x00000000eb8fd0b0,0x00000000eb900000)
  to   space 11264K, 0% used [0x00000000ebb00000,0x00000000ebb00000,0x00000000ec600000)
 ParOldGen       total 48128K, used 26182K [0x00000000a0000000, 0x00000000a2f00000, 0x00000000e0000000)
  object space 48128K, 54% used [0x00000000a0000000,0x00000000a19918d8,0x00000000a2f00000)
 Metaspace       used 57110K, capacity 59080K, committed 59096K, reserved 1099776K
  class space    used 7854K, capacity 8313K, committed 8320K, reserved 1048576K
Event: 34.100 GC heap after
Heap after GC invocations=14 (full 2):
 PSYoungGen      total 187392K, used 10219K [0x00000000e0000000, 0x00000000ec600000, 0x0000000100000000)
  eden space 176128K, 0% used [0x00000000e0000000,0x00000000e0000000,0x00000000eac00000)
  from space 11264K, 90% used [0x00000000ebb00000,0x00000000ec4facc8,0x00000000ec600000)
  to   space 13312K, 0% used [0x00000000eac00000,0x00000000eac00000,0x00000000eb900000)
 ParOldGen       total 48128K, used 36951K [0x00000000a0000000, 0x00000000a2f00000, 0x00000000e0000000)
  object space 48128K, 76% used [0x00000000a0000000,0x00000000a2415f10,0x00000000a2f00000)
 Metaspace       used 57110K, capacity 59080K, committed 59096K, reserved 1099776K
  class space    used 7854K, capacity 8313K, committed 8320K, reserved 1048576K
}
Event: 34.100 GC heap before
{Heap before GC invocations=15 (full 3):
 PSYoungGen      total 187392K, used 10219K [0x00000000e0000000, 0x00000000ec600000, 0x0000000100000000)
  eden space 176128K, 0% used [0x00000000e0000000,0x00000000e0000000,0x00000000eac00000)
  from space 11264K, 90% used [0x00000000ebb00000,0x00000000ec4facc8,0x00000000ec600000)
  to   space 13312K, 0% used [0x00000000eac00000,0x00000000eac00000,0x00000000eb900000)
 ParOldGen       total 48128K, used 36951K [0x00000000a0000000, 0x00000000a2f00000, 0x00000000e0000000)
  object space 48128K, 76% used [0x00000000a0000000,0x00000000a2415f10,0x00000000a2f00000)
 Metaspace       used 57110K, capacity 59080K, committed 59096K, reserved 1099776K
  class space    used 7854K, capacity 8313K, committed 8320K, reserved 1048576K
Event: 34.839 GC heap after
Heap after GC invocations=15 (full 3):
 PSYoungGen      total 187392K, used 0K [0x00000000e0000000, 0x00000000ec600000, 0x0000000100000000)
  eden space 176128K, 0% used [0x00000000e0000000,0x00000000e0000000,0x00000000eac00000)
  from space 11264K, 0% used [0x00000000ebb00000,0x00000000ebb00000,0x00000000ec600000)
  to   space 13312K, 0% used [0x00000000eac00000,0x00000000eac00000,0x00000000eb900000)
 ParOldGen       total 48128K, used 34872K [0x00000000a0000000, 0x00000000a2f00000, 0x00000000e0000000)
  object space 48128K, 72% used [0x00000000a0000000,0x00000000a220e3c8,0x00000000a2f00000)
 Metaspace       used 57025K, capacity 58838K, committed 59096K, reserved 1099776K
  class space    used 7827K, capacity 8264K, committed 8320K, reserved 1048576K
}

Deoptimization events (10 events):
Event: 43.573 Thread 0x0000000059ce4800 Uncommon trap: reason=class_check action=maybe_recompile pc=0x0000000003ad8564 method=com.sun.org.apache.xerces.internal.dom.AttrImpl.getOwnerElement()Lorg/w3c/dom/Element; @ 15
Event: 43.582 Thread 0x0000000059ce4800 Uncommon trap: reason=class_check action=maybe_recompile pc=0x0000000003ad8564 method=com.sun.org.apache.xerces.internal.dom.AttrImpl.getOwnerElement()Lorg/w3c/dom/Element; @ 15
Event: 43.582 Thread 0x0000000059ce4800 Uncommon trap: reason=unstable_if action=reinterpret pc=0x0000000003b2c548 method=com.android.ide.common.resources.NodeUtils.processSingleNodeNamespace(Lorg/w3c/dom/Node;Lorg/w3c/dom/Document;)Z @ 52
Event: 43.583 Thread 0x0000000059ce4800 Uncommon trap: reason=class_check action=maybe_recompile pc=0x0000000003ad8564 method=com.sun.org.apache.xerces.internal.dom.AttrImpl.getOwnerElement()Lorg/w3c/dom/Element; @ 15
Event: 43.619 Thread 0x0000000059ce4800 Uncommon trap: reason=class_check action=maybe_recompile pc=0x0000000003ae9850 method=com.sun.org.apache.xerces.internal.dom.NamedNodeMapImpl.item(I)Lorg/w3c/dom/Node; @ 30
Event: 43.620 Thread 0x0000000059ce4800 Uncommon trap: reason=class_check action=maybe_recompile pc=0x0000000003ae9850 method=com.sun.org.apache.xerces.internal.dom.NamedNodeMapImpl.item(I)Lorg/w3c/dom/Node; @ 30
Event: 43.620 Thread 0x0000000059ce4800 Uncommon trap: reason=class_check action=maybe_recompile pc=0x0000000003ae9850 method=com.sun.org.apache.xerces.internal.dom.NamedNodeMapImpl.item(I)Lorg/w3c/dom/Node; @ 30
Event: 43.620 Thread 0x0000000059ce4800 Uncommon trap: reason=class_check action=maybe_recompile pc=0x0000000003ae9850 method=com.sun.org.apache.xerces.internal.dom.NamedNodeMapImpl.item(I)Lorg/w3c/dom/Node; @ 30
Event: 43.633 Thread 0x0000000059ce4800 Uncommon trap: reason=unstable_if action=reinterpret pc=0x0000000003a949b8 method=com.android.utils.XmlUtils.toXmlAttributeValue(Ljava/lang/String;)Ljava/lang/String; @ 33
Event: 43.780 Thread 0x0000000059ce4800 Uncommon trap: reason=unstable_if action=reinterpret pc=0x0000000003150360 method=java.util.TreeMap.put(Ljava/lang/Object;Ljava/lang/Object;)Ljava/lang/Object; @ 163

Classes redefined (0 events):
No events

Internal exceptions (10 events):
Event: 38.947 Thread 0x000000005a0a4800 Exception <a 'java/io/IOException'> (0x00000000e2cf0fc8) thrown at [D:\src\AOSP-openjdk-cygwin\jdk8u\hotspot\src\share\vm\prims\jni.cpp, line 710]
Event: 39.955 Thread 0x000000005a0a3800 Exception <a 'java/io/IOException'> (0x00000000e38a06c0) thrown at [D:\src\AOSP-openjdk-cygwin\jdk8u\hotspot\src\share\vm\prims\jni.cpp, line 710]
Event: 39.959 Thread 0x000000005a0a5000 Exception <a 'java/io/IOException'> (0x00000000e367f370) thrown at [D:\src\AOSP-openjdk-cygwin\jdk8u\hotspot\src\share\vm\prims\jni.cpp, line 710]
Event: 43.320 Thread 0x0000000059ce4800 Implicit null exception at 0x0000000003b1a4bb to 0x0000000003b1b7fd
Event: 43.783 Thread 0x0000000059ce4800 Exception <a 'java/lang/NoSuchMethodError': <clinit>> (0x00000000ea13bbb8) thrown at [D:\src\AOSP-openjdk-cygwin\jdk8u\hotspot\src\share\vm\prims\jni.cpp, line 1614]
Event: 43.785 Thread 0x0000000059ce4800 Exception <a 'java/lang/NoSuchMethodError': <clinit>> (0x00000000ea1505f8) thrown at [D:\src\AOSP-openjdk-cygwin\jdk8u\hotspot\src\share\vm\prims\jni.cpp, line 1614]
Event: 43.788 Thread 0x0000000059ce4800 Exception <a 'java/lang/NoSuchMethodError': <clinit>> (0x00000000ea1732c0) thrown at [D:\src\AOSP-openjdk-cygwin\jdk8u\hotspot\src\share\vm\prims\jni.cpp, line 1614]
Event: 43.788 Thread 0x0000000059ce4800 Exception <a 'java/lang/NoSuchMethodError': <clinit>> (0x00000000ea178760) thrown at [D:\src\AOSP-openjdk-cygwin\jdk8u\hotspot\src\share\vm\prims\jni.cpp, line 1614]
Event: 43.791 Thread 0x0000000059ce4800 Exception <a 'java/lang/NoSuchMethodError': <clinit>> (0x00000000ea18d248) thrown at [D:\src\AOSP-openjdk-cygwin\jdk8u\hotspot\src\share\vm\prims\jni.cpp, line 1614]
Event: 43.816 Thread 0x0000000059ce4800 Exception <a 'java/lang/NoSuchMethodError': <clinit>> (0x00000000ea212fa0) thrown at [D:\src\AOSP-openjdk-cygwin\jdk8u\hotspot\src\share\vm\prims\jni.cpp, line 1614]

Events (10 events):
Event: 43.957 loading class org/gradle/internal/work/DefaultAsyncWorkTracker$3
Event: 43.957 loading class org/gradle/internal/work/DefaultAsyncWorkTracker$3 done
Event: 43.958 loading class org/gradle/internal/work/DefaultAsyncWorkTracker$2
Event: 43.958 loading class org/gradle/internal/work/DefaultAsyncWorkTracker$2 done
Event: 43.958 loading class org/gradle/internal/work/DefaultAsyncWorkTracker$1
Event: 43.958 loading class org/gradle/internal/work/DefaultAsyncWorkTracker$1 done
Event: 43.959 loading class org/gradle/internal/work/DefaultWorkerLeaseService$5
Event: 43.959 loading class org/gradle/internal/work/DefaultWorkerLeaseService$5 done
Event: 43.959 loading class org/gradle/internal/work/DefaultWorkerLeaseService$5$1
Event: 43.959 loading class org/gradle/internal/work/DefaultWorkerLeaseService$5$1 done


Dynamic libraries:
0x000000013f270000 - 0x000000013f2a1000 	C:\Program Files\Android\Android Studio\jre\bin\java.exe
0x0000000077af0000 - 0x0000000077c9b000 	C:\Windows\SYSTEM32\ntdll.dll
0x00000000778d0000 - 0x00000000779ef000 	C:\Windows\system32\kernel32.dll
0x000007fefdc20000 - 0x000007fefdc8b000 	C:\Windows\system32\KERNELBASE.dll
0x000007fefe8a0000 - 0x000007fefe97b000 	C:\Windows\system32\ADVAPI32.dll
0x000007fefe260000 - 0x000007fefe2ff000 	C:\Windows\system32\msvcrt.dll
0x000007feff930000 - 0x000007feff94f000 	C:\Windows\SYSTEM32\sechost.dll
0x000007feffba0000 - 0x000007feffcce000 	C:\Windows\system32\RPCRT4.dll
0x00000000779f0000 - 0x0000000077aea000 	C:\Windows\system32\USER32.dll
0x000007feff8c0000 - 0x000007feff927000 	C:\Windows\system32\GDI32.dll
0x000007fefe980000 - 0x000007fefe98e000 	C:\Windows\system32\LPK.dll
0x000007feffad0000 - 0x000007feffb9a000 	C:\Windows\system32\USP10.dll
0x000007fefc2c0000 - 0x000007fefc4b4000 	C:\Windows\WinSxS\amd64_microsoft.windows.common-controls_6595b64144ccf1df_6.0.7600.16385_none_fa645303170382f6\COMCTL32.dll
0x000007fefe760000 - 0x000007fefe7d1000 	C:\Windows\system32\SHLWAPI.dll
0x000007fefe7e0000 - 0x000007fefe80e000 	C:\Windows\system32\IMM32.DLL
0x000007fefe300000 - 0x000007fefe409000 	C:\Windows\system32\MSCTF.dll
0x0000000074ee0000 - 0x0000000074fb2000 	C:\Program Files\Android\Android Studio\jre\jre\bin\msvcr100.dll
0x000000006bd50000 - 0x000000006c596000 	C:\Program Files\Android\Android Studio\jre\jre\bin\server\jvm.dll
0x000007fefd7e0000 - 0x000007fefd7e9000 	C:\Windows\system32\WSOCK32.dll
0x000007fefe710000 - 0x000007fefe75d000 	C:\Windows\system32\WS2_32.dll
0x000007fefe890000 - 0x000007fefe898000 	C:\Windows\system32\NSI.dll
0x000007fefbe50000 - 0x000007fefbe8b000 	C:\Windows\system32\WINMM.dll
0x000007fefc980000 - 0x000007fefc98c000 	C:\Windows\system32\VERSION.dll
0x0000000077cc0000 - 0x0000000077cc7000 	C:\Windows\system32\PSAPI.DLL
0x000007fefc010000 - 0x000007fefc01f000 	C:\Program Files\Android\Android Studio\jre\jre\bin\verify.dll
0x000007fef5800000 - 0x000007fef5829000 	C:\Program Files\Android\Android Studio\jre\jre\bin\java.dll
0x000007fef3010000 - 0x000007fef3026000 	C:\Program Files\Android\Android Studio\jre\jre\bin\zip.dll
0x000007fefe990000 - 0x000007feff716000 	C:\Windows\system32\SHELL32.dll
0x000007fefe4b0000 - 0x000007fefe6b1000 	C:\Windows\system32\ole32.dll
0x000007fefd920000 - 0x000007fefd92f000 	C:\Windows\system32\profapi.dll
0x000007fef2fb0000 - 0x000007fef2fca000 	C:\Program Files\Android\Android Studio\jre\jre\bin\net.dll
0x000007feff950000 - 0x000007feffac8000 	C:\Windows\system32\urlmon.dll
0x000007feff740000 - 0x000007feff817000 	C:\Windows\system32\OLEAUT32.dll
0x000007fefdcb0000 - 0x000007fefde16000 	C:\Windows\system32\CRYPT32.dll
0x000007fefdaf0000 - 0x000007fefdaff000 	C:\Windows\system32\MSASN1.dll
0x000007fefde20000 - 0x000007fefe078000 	C:\Windows\system32\iertutil.dll
0x000007fefd000000 - 0x000007fefd054000 	C:\Windows\system32\mswsock.dll
0x000007fefd200000 - 0x000007fefd207000 	C:\Windows\System32\wship6.dll
0x000007fef2f90000 - 0x000007fef2fa3000 	C:\Program Files\Android\Android Studio\jre\jre\bin\nio.dll
0x000007fef2e70000 - 0x000007fef2e96000 	C:\Users\hisham kilany\.gradle\native\30\windows-amd64\native-platform.dll
0x000007fefbff0000 - 0x000007fefbffd000 	C:\Program Files\Android\Android Studio\jre\jre\bin\management.dll
0x000007fefd1b0000 - 0x000007fefd1c7000 	C:\Windows\system32\CRYPTSP.dll
0x000007fefcd30000 - 0x000007fefcd77000 	C:\Windows\system32\rsaenh.dll
0x000007fefd930000 - 0x000007fefd94e000 	C:\Windows\system32\USERENV.dll
0x000007fefd6c0000 - 0x000007fefd6cf000 	C:\Windows\system32\CRYPTBASE.dll
0x000007fefd7b0000 - 0x000007fefd7d7000 	C:\Windows\system32\IPHLPAPI.DLL
0x000007fefd7a0000 - 0x000007fefd7ab000 	C:\Windows\system32\WINNSI.DLL
0x000007fefa890000 - 0x000007fefa8a8000 	C:\Windows\system32\dhcpcsvc.DLL
0x000007fefa870000 - 0x000007fefa881000 	C:\Windows\system32\dhcpcsvc6.DLL
0x000007fefd660000 - 0x000007fefd6b7000 	C:\Windows\system32\apphelp.dll

VM Arguments:
jvm_args: -Xmx1536m -Dfile.encoding=windows-1256 -Duser.country=US -Duser.language=en -Duser.variant 
java_command: org.gradle.launcher.daemon.bootstrap.GradleDaemon 5.6.4
java_class_path (initial): C:\Users\hisham kilany\.gradle\wrapper\dists\gradle-5.6.4-all\ankdp27end7byghfw1q2sw75f\gradle-5.6.4\lib\gradle-launcher-5.6.4.jar
Launcher Type: SUN_STANDARD

Environment Variables:
PATH=C:\Windows\system32;C:\Windows;C:\Windows\System32\Wbem;C:\Windows\System32\WindowsPowerShell\v1.0\;C:\Program Files\Git\cmd
USERNAME=hisham kilany
OS=Windows_NT
PROCESSOR_IDENTIFIER=Intel64 Family 6 Model 58 Stepping 9, GenuineIntel



---------------  S Y S T E M  ---------------

OS: Windows 7 , 64 bit Build 7600 (6.1.7600.16385)

CPU:total 4 (initial active 4) (2 cores per cpu, 2 threads per core) family 6 model 58 stepping 9, cmov, cx8, fxsr, mmx, sse, sse2, sse3, ssse3, sse4.1, sse4.2, popcnt, aes, clmul, erms, ht, tsc, tscinvbit, tscinv

Memory: 4k page, physical 4056580k(376576k free), swap 4054676k(6076k free)

vm_info: OpenJDK 64-Bit Server VM (25.212-b04) for windows-amd64 JRE (1.8.0_212-release-1586-b04), built by "builder" with MS VC++ 10.0 (VS2010)

time: Sat Apr 25 18:50:13 2020
timezone: Egypt Standard Time
elapsed time: 43 seconds (0d 0h 0m 43s)

