#
# There is insufficient memory for the Java Runtime Environment to continue.
# Native memory allocation (malloc) failed to allocate 32744 bytes for ChunkPool::allocate
# Possible reasons:
#   The system is out of physical RAM or swap space
#   The process is running with CompressedOops enabled, and the Java Heap may be blocking the growth of the native heap
# Possible solutions:
#   Reduce memory load on the system
#   Increase physical memory or swap space
#   Check if swap backing store is full
#   Decrease Java heap size (-Xmx/-Xms)
#   Decrease number of Java threads
#   Decrease Java thread stack sizes (-Xss)
#   Set larger code cache with -XX:ReservedCodeCacheSize=
#   JVM is running with Unscaled Compressed Oops mode in which the Java heap is
#     placed in the first 4GB address space. The Java Heap base address is the
#     maximum limit for the native heap growth. Please use -XX:HeapBaseMinAddress
#     to set the Java Heap base and to place the Java Heap above 4GB virtual address.
# This output file may be truncated or incomplete.
#
#  Out of Memory Error (allocation.cpp:272), pid=5280, tid=0x0000000000001634
#
# JRE version: OpenJDK Runtime Environment (8.0_212-b04) (build 1.8.0_212-release-1586-b04)
# Java VM: OpenJDK 64-Bit Server VM (25.212-b04 mixed mode windows-amd64 compressed oops)
# Failed to write core dump. Minidumps are not enabled by default on client versions of Windows
#

---------------  T H R E A D  ---------------

Current thread (0x0000000059dfa000):  JavaThread "Daemon worker" [_thread_in_vm, id=5684, stack(0x000000005bb10000,0x000000005bc10000)]

Stack: [0x000000005bb10000,0x000000005bc10000]
[error occurred during error reporting (printing stack bounds), id 0xc0000005]

Native frames: (J=compiled Java code, j=interpreted, Vv=VM code, C=native code)

Java frames: (J=compiled Java code, j=interpreted, Vv=VM code)
v  ~RuntimeStub::_register_finalizer_Java
J 2396 C2 java.util.zip.ZipFile.getInputStream(Ljava/util/zip/ZipEntry;)Ljava/io/InputStream; (304 bytes) @ 0x0000000002e87d88 [0x0000000002e879a0+0x3e8]
J 3076 C2 sun.misc.Resource.getByteBuffer()Ljava/nio/ByteBuffer; (24 bytes) @ 0x000000000297a08c [0x0000000002979f80+0x10c]
J 2399 C2 java.net.URLClassLoader$1.run()Ljava/lang/Object; (5 bytes) @ 0x0000000002fa7308 [0x0000000002fa67c0+0xb48]
v  ~StubRoutines::call_stub
J 288  java.security.AccessController.doPrivileged(Ljava/security/PrivilegedExceptionAction;Ljava/security/AccessControlContext;)Ljava/lang/Object; (0 bytes) @ 0x00000000027544a6 [0x0000000002754440+0x66]
J 1389 C2 java.net.URLClassLoader.findClass(Ljava/lang/String;)Ljava/lang/Class; (47 bytes) @ 0x0000000002a6281c [0x0000000002a627a0+0x7c]
J 2363 C2 java.lang.ClassLoader.loadClass(Ljava/lang/String;Z)Ljava/lang/Class; (122 bytes) @ 0x0000000002e78ff4 [0x0000000002e78c00+0x3f4]
J 2205 C2 java.lang.ClassLoader.loadClass(Ljava/lang/String;)Ljava/lang/Class; (7 bytes) @ 0x0000000002dce630 [0x0000000002dce600+0x30]
v  ~StubRoutines::call_stub
j  kotlin.reflect.jvm.internal.structure.ReflectClassUtilKt.<clinit>()V+431
v  ~StubRoutines::call_stub
j  kotlin.reflect.jvm.internal.RuntimeTypeMapper.mapJvmClassToKotlinClassId(Ljava/lang/Class;)Lkotlin/reflect/jvm/internal/impl/name/ClassId;+132
j  kotlin.reflect.jvm.internal.KClassImpl.getClassId()Lkotlin/reflect/jvm/internal/impl/name/ClassId;+7
j  kotlin.reflect.jvm.internal.KClassImpl.access$getClassId$p(Lkotlin/reflect/jvm/internal/KClassImpl;)Lkotlin/reflect/jvm/internal/impl/name/ClassId;+1
j  kotlin.reflect.jvm.internal.KClassImpl$Data$qualifiedName$2.invoke()Ljava/lang/String;+25
j  kotlin.reflect.jvm.internal.KClassImpl$Data$qualifiedName$2.invoke()Ljava/lang/Object;+1
j  kotlin.reflect.jvm.internal.ReflectProperties$LazySoftVal.invoke()Ljava/lang/Object;+28
j  kotlin.reflect.jvm.internal.ReflectProperties$Val.getValue(Ljava/lang/Object;Ljava/lang/Object;)Ljava/lang/Object;+1
j  kotlin.reflect.jvm.internal.KClassImpl$Data.getQualifiedName()Ljava/lang/String;+10
j  kotlin.reflect.jvm.internal.KClassImpl.getQualifiedName()Ljava/lang/String;+10
j  com.android.build.gradle.internal.profile.ProfileAgent.<clinit>()V+23
v  ~StubRoutines::call_stub
j  com.android.build.gradle.internal.plugins.BasePlugin.basePluginApply(Lorg/gradle/api/Project;)V+84
j  com.android.build.gradle.internal.plugins.BasePlugin.lambda$apply$0(Lorg/gradle/api/Project;)V+2
j  com.android.build.gradle.internal.plugins.BasePlugin$$Lambda$92.run()V+8
j  com.android.build.gradle.internal.crash.CrashReporting.runAction(Ljava/lang/Runnable;)V+8
j  com.android.build.gradle.internal.plugins.BasePlugin.apply(Lorg/gradle/api/Project;)V+7
j  com.android.build.gradle.internal.plugins.BasePlugin.apply(Ljava/lang/Object;)V+5
j  org.gradle.api.internal.plugins.ImperativeOnlyPluginTarget.applyImperative(Ljava/lang/String;Lorg/gradle/api/Plugin;)V+13
j  org.gradle.api.internal.plugins.RuleBasedPluginTarget.applyImperative(Ljava/lang/String;Lorg/gradle/api/Plugin;)V+6
j  org.gradle.api.internal.plugins.DefaultPluginManager.addPlugin(Ljava/lang/Runnable;Lorg/gradle/api/internal/plugins/PluginImplementation;Ljava/lang/String;Ljava/lang/Class;)V+52
j  org.gradle.api.internal.plugins.DefaultPluginManager.access$300(Lorg/gradle/api/internal/plugins/DefaultPluginManager;Ljava/lang/Runnable;Lorg/gradle/api/internal/plugins/PluginImplementation;Ljava/lang/String;Ljava/lang/Class;)V+6
j  org.gradle.api.internal.plugins.DefaultPluginManager$AddPluginBuildOperation.run(Lorg/gradle/internal/operations/BuildOperationContext;)V+20
j  org.gradle.internal.operations.DefaultBuildOperationExecutor$RunnableBuildOperationWorker.execute(Lorg/gradle/internal/operations/RunnableBuildOperation;Lorg/gradle/internal/operations/BuildOperationContext;)V+2
j  org.gradle.internal.operations.DefaultBuildOperationExecutor$RunnableBuildOperationWorker.execute(Lorg/gradle/internal/operations/BuildOperation;Lorg/gradle/internal/operations/BuildOperationContext;)V+6
j  org.gradle.internal.operations.DefaultBuildOperationExecutor$1.execute(Lorg/gradle/internal/operations/BuildOperationDescriptor;Lorg/gradle/internal/operations/DefaultBuildOperationExecutor$DefaultBuildOperationContext;Lorg/gradle/internal/operations/DefaultBuildOperationExecutor$BuildOperationExecutionListener;)Lorg/gradle/internal/operations/BuildOperation;+18
j  org.gradle.internal.operations.DefaultBuildOperationExecutor.execute(Lorg/gradle/internal/operations/BuildOperationDescriptor$Builder;Lorg/gradle/internal/operations/DefaultBuildOperationExecutor$BuildOperationState;Lorg/gradle/internal/operations/DefaultBuildOperationExecutor$BuildOperationExecution;)Lorg/gradle/internal/operations/BuildOperation;+105
j  org.gradle.internal.operations.DefaultBuildOperationExecutor.execute(Lorg/gradle/internal/operations/BuildOperation;Lorg/gradle/internal/operations/BuildOperationWorker;Lorg/gradle/internal/operations/DefaultBuildOperationExecutor$BuildOperationState;)V+22
j  org.gradle.internal.operations.DefaultBuildOperationExecutor.run(Lorg/gradle/internal/operations/RunnableBuildOperation;)V+10
j  org.gradle.internal.operations.DelegatingBuildOperationExecutor.run(Lorg/gradle/internal/operations/RunnableBuildOperation;)V+5
j  org.gradle.api.internal.plugins.DefaultPluginManager$2.execute(Lorg/gradle/configuration/internal/UserCodeApplicationId;)V+36
j  org.gradle.api.internal.plugins.DefaultPluginManager$2.execute(Ljava/lang/Object;)V+5
j  org.gradle.configuration.internal.DefaultUserCodeApplicationContext.apply(Lorg/gradle/api/Action;)V+19
j  org.gradle.api.internal.plugins.DefaultPluginManager.doApply(Lorg/gradle/api/internal/plugins/PluginImplementation;)V+128
j  org.gradle.api.internal.plugins.DefaultPluginManager.apply(Ljava/lang/String;)V+52
j  org.gradle.api.internal.plugins.DefaultObjectConfigurationAction.applyType(Ljava/lang/String;)V+43
j  org.gradle.api.internal.plugins.DefaultObjectConfigurationAction.access$200(Lorg/gradle/api/internal/plugins/DefaultObjectConfigurationAction;Ljava/lang/String;)V+2
j  org.gradle.api.internal.plugins.DefaultObjectConfigurationAction$3.run()V+8
j  org.gradle.api.internal.plugins.DefaultObjectConfigurationAction.execute()V+58
j  org.gradle.api.internal.project.AbstractPluginAware.apply(Ljava/util/Map;)V+12
j  com.android.build.gradle.AppPlugin.apply(Lorg/gradle/api/Project;)V+15
j  com.android.build.gradle.AppPlugin.apply(Ljava/lang/Object;)V+5
j  org.gradle.api.internal.plugins.ImperativeOnlyPluginTarget.applyImperative(Ljava/lang/String;Lorg/gradle/api/Plugin;)V+13
j  org.gradle.api.internal.plugins.RuleBasedPluginTarget.applyImperative(Ljava/lang/String;Lorg/gradle/api/Plugin;)V+6
j  org.gradle.api.internal.plugins.DefaultPluginManager.addPlugin(Ljava/lang/Runnable;Lorg/gradle/api/internal/plugins/PluginImplementation;Ljava/lang/String;Ljava/lang/Class;)V+52
j  org.gradle.api.internal.plugins.DefaultPluginManager.access$300(Lorg/gradle/api/internal/plugins/DefaultPluginManager;Ljava/lang/Runnable;Lorg/gradle/api/internal/plugins/PluginImplementation;Ljava/lang/String;Ljava/lang/Class;)V+6
j  org.gradle.api.internal.plugins.DefaultPluginManager$AddPluginBuildOperation.run(Lorg/gradle/internal/operations/BuildOperationContext;)V+20
j  org.gradle.internal.operations.DefaultBuildOperationExecutor$RunnableBuildOperationWorker.execute(Lorg/gradle/internal/operations/RunnableBuildOperation;Lorg/gradle/internal/operations/BuildOperationContext;)V+2
j  org.gradle.internal.operations.DefaultBuildOperationExecutor$RunnableBuildOperationWorker.execute(Lorg/gradle/internal/operations/BuildOperation;Lorg/gradle/internal/operations/BuildOperationContext;)V+6
j  org.gradle.internal.operations.DefaultBuildOperationExecutor$1.execute(Lorg/gradle/internal/operations/BuildOperationDescriptor;Lorg/gradle/internal/operations/DefaultBuildOperationExecutor$DefaultBuildOperationContext;Lorg/gradle/internal/operations/DefaultBuildOperationExecutor$BuildOperationExecutionListener;)Lorg/gradle/internal/operations/BuildOperation;+18
j  org.gradle.internal.operations.DefaultBuildOperationExecutor.execute(Lorg/gradle/internal/operations/BuildOperationDescriptor$Builder;Lorg/gradle/internal/operations/DefaultBuildOperationExecutor$BuildOperationState;Lorg/gradle/internal/operations/DefaultBuildOperationExecutor$BuildOperationExecution;)Lorg/gradle/internal/operations/BuildOperation;+105
j  org.gradle.internal.operations.DefaultBuildOperationExecutor.execute(Lorg/gradle/internal/operations/BuildOperation;Lorg/gradle/internal/operations/BuildOperationWorker;Lorg/gradle/internal/operations/DefaultBuildOperationExecutor$BuildOperationState;)V+22
j  org.gradle.internal.operations.DefaultBuildOperationExecutor.run(Lorg/gradle/internal/operations/RunnableBuildOperation;)V+10
j  org.gradle.internal.operations.DelegatingBuildOperationExecutor.run(Lorg/gradle/internal/operations/RunnableBuildOperation;)V+5
j  org.gradle.api.internal.plugins.DefaultPluginManager$2.execute(Lorg/gradle/configuration/internal/UserCodeApplicationId;)V+36
j  org.gradle.api.internal.plugins.DefaultPluginManager$2.execute(Ljava/lang/Object;)V+5
j  org.gradle.configuration.internal.DefaultUserCodeApplicationContext.apply(Lorg/gradle/api/Action;)V+19
j  org.gradle.api.internal.plugins.DefaultPluginManager.doApply(Lorg/gradle/api/internal/plugins/PluginImplementation;)V+128
j  org.gradle.api.internal.plugins.DefaultPluginManager.apply(Ljava/lang/String;)V+52
j  org.gradle.api.internal.plugins.DefaultObjectConfigurationAction.applyType(Ljava/lang/String;)V+43
j  org.gradle.api.internal.plugins.DefaultObjectConfigurationAction.access$200(Lorg/gradle/api/internal/plugins/DefaultObjectConfigurationAction;Ljava/lang/String;)V+2
j  org.gradle.api.internal.plugins.DefaultObjectConfigurationAction$3.run()V+8
j  org.gradle.api.internal.plugins.DefaultObjectConfigurationAction.execute()V+58
j  org.gradle.api.internal.project.AbstractPluginAware.apply(Ljava/util/Map;)V+12
j  org.gradle.api.internal.project.ProjectScript.apply(Ljava/util/Map;)V+5
j  org.gradle.api.Script$apply.callCurrent(Lgroovy/lang/GroovyObject;[Ljava/lang/Object;)Ljava/lang/Object;+19
j  org.codehaus.groovy.runtime.callsite.CallSiteArray.defaultCallCurrent(Lorg/codehaus/groovy/runtime/callsite/CallSite;Lgroovy/lang/GroovyObject;[Ljava/lang/Object;)Ljava/lang/Object;+17
j  org.codehaus.groovy.runtime.callsite.AbstractCallSite.callCurrent(Lgroovy/lang/GroovyObject;[Ljava/lang/Object;)Ljava/lang/Object;+3
j  org.codehaus.groovy.runtime.callsite.AbstractCallSite.callCurrent(Lgroovy/lang/GroovyObject;Ljava/lang/Object;)Ljava/lang/Object;+33
j  build_askj8jf15510tlqoqqrlcma2o.run()Ljava/lang/Object;+26
j  org.gradle.groovy.scripts.internal.DefaultScriptRunnerFactory$ScriptRunnerImpl.run(Ljava/lang/Object;Lorg/gradle/internal/service/ServiceRegistry;)V+57
j  org.gradle.configuration.DefaultScriptPluginFactory$ScriptPluginImpl$2.run()V+12
j  org.gradle.configuration.ProjectScriptTarget.addConfiguration(Ljava/lang/Runnable;Z)V+18
j  org.gradle.configuration.DefaultScriptPluginFactory$ScriptPluginImpl.apply(Ljava/lang/Object;)V+638
j  org.gradle.configuration.BuildOperationScriptPlugin$1$1.run(Lorg/gradle/internal/operations/BuildOperationContext;)V+17
j  org.gradle.internal.operations.DefaultBuildOperationExecutor$RunnableBuildOperationWorker.execute(Lorg/gradle/internal/operations/RunnableBuildOperation;Lorg/gradle/internal/operations/BuildOperationContext;)V+2
j  org.gradle.internal.operations.DefaultBuildOperationExecutor$RunnableBuildOperationWorker.execute(Lorg/gradle/internal/operations/BuildOperation;Lorg/gradle/internal/operations/BuildOperationContext;)V+6
j  org.gradle.internal.operations.DefaultBuildOperationExecutor$1.execute(Lorg/gradle/internal/operations/BuildOperationDescriptor;Lorg/gradle/internal/operations/DefaultBuildOperationExecutor$DefaultBuildOperationContext;Lorg/gradle/internal/operations/DefaultBuildOperationExecutor$BuildOperationExecutionListener;)Lorg/gradle/internal/operations/BuildOperation;+18
j  org.gradle.internal.operations.DefaultBuildOperationExecutor.execute(Lorg/gradle/internal/operations/BuildOperationDescriptor$Builder;Lorg/gradle/internal/operations/DefaultBuildOperationExecutor$BuildOperationState;Lorg/gradle/internal/operations/DefaultBuildOperationExecutor$BuildOperationExecution;)Lorg/gradle/internal/operations/BuildOperation;+105
j  org.gradle.internal.operations.DefaultBuildOperationExecutor.execute(Lorg/gradle/internal/operations/BuildOperation;Lorg/gradle/internal/operations/BuildOperationWorker;Lorg/gradle/internal/operations/DefaultBuildOperationExecutor$BuildOperationState;)V+22
j  org.gradle.internal.operations.DefaultBuildOperationExecutor.run(Lorg/gradle/internal/operations/RunnableBuildOperation;)V+10
j  org.gradle.internal.operations.DelegatingBuildOperationExecutor.run(Lorg/gradle/internal/operations/RunnableBuildOperation;)V+5
j  org.gradle.configuration.BuildOperationScriptPlugin$1.execute(Lorg/gradle/configuration/internal/UserCodeApplicationId;)V+16
j  org.gradle.configuration.BuildOperationScriptPlugin$1.execute(Ljava/lang/Object;)V+5
j  org.gradle.configuration.internal.DefaultUserCodeApplicationContext.apply(Lorg/gradle/api/Action;)V+19
j  org.gradle.configuration.BuildOperationScriptPlugin.apply(Ljava/lang/Object;)V+54
j  org.gradle.configuration.project.BuildScriptProcessor$1.run()V+8
j  org.gradle.internal.Factories$1.create()Ljava/lang/Object;+4
j  org.gradle.api.internal.project.DefaultProjectStateRegistry$ProjectStateImpl.withMutableState(Lorg/gradle/internal/Factory;)Ljava/lang/Object;+59
j  org.gradle.api.internal.project.DefaultProjectStateRegistry$ProjectStateImpl.withMutableState(Ljava/lang/Runnable;)V+5
j  org.gradle.configuration.project.BuildScriptProcessor.execute(Lorg/gradle/api/internal/project/ProjectInternal;)V+88
j  org.gradle.configuration.project.BuildScriptProcessor.execute(Ljava/lang/Object;)V+5
j  org.gradle.configuration.project.ConfigureActionsProjectEvaluator.evaluate(Lorg/gradle/api/internal/project/ProjectInternal;Lorg/gradle/api/internal/project/ProjectStateInternal;)V+33
j  org.gradle.configuration.project.LifecycleProjectEvaluator$EvaluateProject$1.run()V+94
j  org.gradle.internal.Factories$1.create()Ljava/lang/Object;+4
j  org.gradle.internal.work.DefaultWorkerLeaseService.withLocks(Ljava/lang/Iterable;Lorg/gradle/internal/Factory;)Ljava/lang/Object;+26
j  org.gradle.internal.work.StopShieldingWorkerLeaseService.withLocks(Ljava/lang/Iterable;Lorg/gradle/internal/Factory;)Ljava/lang/Object;+6
j  org.gradle.api.internal.project.DefaultProjectStateRegistry$ProjectStateImpl.withProjectLock(Lorg/gradle/internal/resources/ResourceLock;Lorg/gradle/internal/Factory;)Ljava/lang/Object;+12
j  org.gradle.api.internal.project.DefaultProjectStateRegistry$ProjectStateImpl.withMutableState(Lorg/gradle/internal/Factory;)Ljava/lang/Object;+134
j  org.gradle.api.internal.project.DefaultProjectStateRegistry$ProjectStateImpl.withMutableState(Ljava/lang/Runnable;)V+5
j  org.gradle.configuration.project.LifecycleProjectEvaluator$EvaluateProject.run(Lorg/gradle/internal/operations/BuildOperationContext;)V+18
j  org.gradle.internal.operations.DefaultBuildOperationExecutor$RunnableBuildOperationWorker.execute(Lorg/gradle/internal/operations/RunnableBuildOperation;Lorg/gradle/internal/operations/BuildOperationContext;)V+2
j  org.gradle.internal.operations.DefaultBuildOperationExecutor$RunnableBuildOperationWorker.execute(Lorg/gradle/internal/operations/BuildOperation;Lorg/gradle/internal/operations/BuildOperationContext;)V+6
j  org.gradle.internal.operations.DefaultBuildOperationExecutor$1.execute(Lorg/gradle/internal/operations/BuildOperationDescriptor;Lorg/gradle/internal/operations/DefaultBuildOperationExecutor$DefaultBuildOperationContext;Lorg/gradle/internal/operations/DefaultBuildOperationExecutor$BuildOperationExecutionListener;)Lorg/gradle/internal/operations/BuildOperation;+18
j  org.gradle.internal.operations.DefaultBuildOperationExecutor.execute(Lorg/gradle/internal/operations/BuildOperationDescriptor$Builder;Lorg/gradle/internal/operations/DefaultBuildOperationExecutor$BuildOperationState;Lorg/gradle/internal/operations/DefaultBuildOperationExecutor$BuildOperationExecution;)Lorg/gradle/internal/operations/BuildOperation;+105
j  org.gradle.internal.operations.DefaultBuildOperationExecutor.execute(Lorg/gradle/internal/operations/BuildOperation;Lorg/gradle/internal/operations/BuildOperationWorker;Lorg/gradle/internal/operations/DefaultBuildOperationExecutor$BuildOperationState;)V+22
j  org.gradle.internal.operations.DefaultBuildOperationExecutor.run(Lorg/gradle/internal/operations/RunnableBuildOperation;)V+10
j  org.gradle.internal.operations.DelegatingBuildOperationExecutor.run(Lorg/gradle/internal/operations/RunnableBuildOperation;)V+5
j  org.gradle.configuration.project.LifecycleProjectEvaluator.evaluate(Lorg/gradle/api/internal/project/ProjectInternal;Lorg/gradle/api/internal/project/ProjectStateInternal;)V+22
j  org.gradle.api.internal.project.DefaultProject.evaluate()Lorg/gradle/api/internal/project/DefaultProject;+9
j  org.gradle.api.internal.project.DefaultProject.evaluate()Lorg/gradle/api/Project;+1
j  org.gradle.execution.TaskPathProjectEvaluator.configure(Lorg/gradle/api/internal/project/ProjectInternal;)V+21
j  org.gradle.execution.TaskPathProjectEvaluator.configureHierarchy(Lorg/gradle/api/internal/project/ProjectInternal;)V+41
j  org.gradle.configuration.DefaultProjectsPreparer.prepareProjects(Lorg/gradle/api/internal/GradleInternal;)V+79
j  org.gradle.configuration.BuildOperatingFiringProjectsPreparer$ConfigureBuild.run(Lorg/gradle/internal/operations/BuildOperationContext;)V+11
j  org.gradle.internal.operations.DefaultBuildOperationExecutor$RunnableBuildOperationWorker.execute(Lorg/gradle/internal/operations/RunnableBuildOperation;Lorg/gradle/internal/operations/BuildOperationContext;)V+2
j  org.gradle.internal.operations.DefaultBuildOperationExecutor$RunnableBuildOperationWorker.execute(Lorg/gradle/internal/operations/BuildOperation;Lorg/gradle/internal/operations/BuildOperationContext;)V+6
j  org.gradle.internal.operations.DefaultBuildOperationExecutor$1.execute(Lorg/gradle/internal/operations/BuildOperationDescriptor;Lorg/gradle/internal/operations/DefaultBuildOperationExecutor$DefaultBuildOperationContext;Lorg/gradle/internal/operations/DefaultBuildOperationExecutor$BuildOperationExecutionListener;)Lorg/gradle/internal/operations/BuildOperation;+18
j  org.gradle.internal.operations.DefaultBuildOperationExecutor.execute(Lorg/gradle/internal/operations/BuildOperationDescriptor$Builder;Lorg/gradle/internal/operations/DefaultBuildOperationExecutor$BuildOperationState;Lorg/gradle/internal/operations/DefaultBuildOperationExecutor$BuildOperationExecution;)Lorg/gradle/internal/operations/BuildOperation;+105
j  org.gradle.internal.operations.DefaultBuildOperationExecutor.execute(Lorg/gradle/internal/operations/BuildOperation;Lorg/gradle/internal/operations/BuildOperationWorker;Lorg/gradle/internal/operations/DefaultBuildOperationExecutor$BuildOperationState;)V+22
j  org.gradle.internal.operations.DefaultBuildOperationExecutor.run(Lorg/gradle/internal/operations/RunnableBuildOperation;)V+10
j  org.gradle.internal.operations.DelegatingBuildOperationExecutor.run(Lorg/gradle/internal/operations/RunnableBuildOperation;)V+5
j  org.gradle.configuration.BuildOperatingFiringProjectsPreparer.prepareProjects(Lorg/gradle/api/internal/GradleInternal;)V+13
j  org.gradle.initialization.DefaultGradleLauncher.prepareProjects()V+18
j  org.gradle.initialization.DefaultGradleLauncher.doClassicBuildStages(Lorg/gradle/initialization/DefaultGradleLauncher$Stage;)V+13
j  org.gradle.initialization.DefaultGradleLauncher.doBuildStages(Lorg/gradle/initialization/DefaultGradleLauncher$Stage;)V+45
j  org.gradle.initialization.DefaultGradleLauncher.getConfiguredBuild()Lorg/gradle/api/internal/GradleInternal;+4
j  org.gradle.internal.invocation.GradleBuildController$2.execute(Lorg/gradle/initialization/GradleLauncher;)V+1
j  org.gradle.internal.invocation.GradleBuildController$2.execute(Ljava/lang/Object;)V+5
j  org.gradle.internal.invocation.GradleBuildController$3.create()Lorg/gradle/api/internal/GradleInternal;+31
j  org.gradle.internal.invocation.GradleBuildController$3.create()Ljava/lang/Object;+1
j  org.gradle.internal.work.DefaultWorkerLeaseService.withLocks(Ljava/lang/Iterable;Lorg/gradle/internal/Factory;)Ljava/lang/Object;+26
j  org.gradle.internal.work.StopShieldingWorkerLeaseService.withLocks(Ljava/lang/Iterable;Lorg/gradle/internal/Factory;)Ljava/lang/Object;+6
j  org.gradle.internal.invocation.GradleBuildController.doBuild(Lorg/gradle/api/internal/GradleInternal$BuildType;Lorg/gradle/api/Action;)Lorg/gradle/api/internal/GradleInternal;+26
j  org.gradle.internal.invocation.GradleBuildController.configure()Lorg/gradle/api/internal/GradleInternal;+12
j  org.gradle.tooling.internal.provider.runner.ClientProvidedPhasedActionRunner.run(Lorg/gradle/internal/invocation/BuildAction;Lorg/gradle/internal/invocation/BuildController;)Lorg/gradle/internal/invocation/BuildActionRunner$Result;+102
j  org.gradle.launcher.exec.ChainingBuildActionRunner.run(Lorg/gradle/internal/invocation/BuildAction;Lorg/gradle/internal/invocation/BuildController;)Lorg/gradle/internal/invocation/BuildActionRunner$Result;+34
j  org.gradle.launcher.exec.ChainingBuildActionRunner.run(Lorg/gradle/internal/invocation/BuildAction;Lorg/gradle/internal/invocation/BuildController;)Lorg/gradle/internal/invocation/BuildActionRunner$Result;+34
j  org.gradle.launcher.exec.BuildOutcomeReportingBuildActionRunner.run(Lorg/gradle/internal/invocation/BuildAction;Lorg/gradle/internal/invocation/BuildController;)Lorg/gradle/internal/invocation/BuildActionRunner$Result;+143
j  org.gradle.tooling.internal.provider.ValidatingBuildActionRunner.run(Lorg/gradle/internal/invocation/BuildAction;Lorg/gradle/internal/invocation/BuildController;)Lorg/gradle/internal/invocation/BuildActionRunner$Result;+6
j  org.gradle.launcher.exec.BuildCompletionNotifyingBuildActionRunner.run(Lorg/gradle/internal/invocation/BuildAction;Lorg/gradle/internal/invocation/BuildController;)Lorg/gradle/internal/invocation/BuildActionRunner$Result;+28
j  org.gradle.launcher.exec.RunAsBuildOperationBuildActionRunner$3.call(Lorg/gradle/internal/operations/BuildOperationContext;)Lorg/gradle/internal/invocation/BuildActionRunner$Result;+95
j  org.gradle.launcher.exec.RunAsBuildOperationBuildActionRunner$3.call(Lorg/gradle/internal/operations/BuildOperationContext;)Ljava/lang/Object;+2
j  org.gradle.internal.operations.DefaultBuildOperationExecutor$CallableBuildOperationWorker.execute(Lorg/gradle/internal/operations/CallableBuildOperation;Lorg/gradle/internal/operations/BuildOperationContext;)V+3
j  org.gradle.internal.operations.DefaultBuildOperationExecutor$CallableBuildOperationWorker.execute(Lorg/gradle/internal/operations/BuildOperation;Lorg/gradle/internal/operations/BuildOperationContext;)V+6
j  org.gradle.internal.operations.DefaultBuildOperationExecutor$1.execute(Lorg/gradle/internal/operations/BuildOperationDescriptor;Lorg/gradle/internal/operations/DefaultBuildOperationExecutor$DefaultBuildOperationContext;Lorg/gradle/internal/operations/DefaultBuildOperationExecutor$BuildOperationExecutionListener;)Lorg/gradle/internal/operations/BuildOperation;+18
j  org.gradle.internal.operations.DefaultBuildOperationExecutor.execute(Lorg/gradle/internal/operations/BuildOperationDescriptor$Builder;Lorg/gradle/internal/operations/DefaultBuildOperationExecutor$BuildOperationState;Lorg/gradle/internal/operations/DefaultBuildOperationExecutor$BuildOperationExecution;)Lorg/gradle/internal/operations/BuildOperation;+105
j  org.gradle.internal.operations.DefaultBuildOperationExecutor.execute(Lorg/gradle/internal/operations/BuildOperation;Lorg/gradle/internal/operations/BuildOperationWorker;Lorg/gradle/internal/operations/DefaultBuildOperationExecutor$BuildOperationState;)V+22
j  org.gradle.internal.operations.DefaultBuildOperationExecutor.call(Lorg/gradle/internal/operations/CallableBuildOperation;)Ljava/lang/Object;+16
j  org.gradle.internal.operations.DelegatingBuildOperationExecutor.call(Lorg/gradle/internal/operations/CallableBuildOperation;)Ljava/lang/Object;+5
j  org.gradle.launcher.exec.RunAsBuildOperationBuildActionRunner.run(Lorg/gradle/internal/invocation/BuildAction;Lorg/gradle/internal/invocation/BuildController;)Lorg/gradle/internal/invocation/BuildActionRunner$Result;+33
j  org.gradle.launcher.exec.InProcessBuildActionExecuter$1.transform(Lorg/gradle/internal/invocation/BuildController;)Lorg/gradle/launcher/exec/BuildActionResult;+12
j  org.gradle.launcher.exec.InProcessBuildActionExecuter$1.transform(Ljava/lang/Object;)Ljava/lang/Object;+5
j  org.gradle.composite.internal.DefaultRootBuildState.run(Lorg/gradle/api/Transformer;)Ljava/lang/Object;+35
j  org.gradle.launcher.exec.InProcessBuildActionExecuter.execute(Lorg/gradle/internal/invocation/BuildAction;Lorg/gradle/initialization/BuildRequestContext;Lorg/gradle/launcher/exec/BuildActionParameters;Lorg/gradle/internal/service/ServiceRegistry;)Lorg/gradle/launcher/exec/BuildActionResult;+82
j  org.gradle.launcher.exec.InProcessBuildActionExecuter.execute(Lorg/gradle/internal/invocation/BuildAction;Lorg/gradle/initialization/BuildRequestContext;Ljava/lang/Object;Lorg/gradle/internal/service/ServiceRegistry;)Lorg/gradle/launcher/exec/BuildActionResult;+9
j  org.gradle.launcher.exec.BuildTreeScopeBuildActionExecuter.execute(Lorg/gradle/internal/invocation/BuildAction;Lorg/gradle/initialization/BuildRequestContext;Lorg/gradle/launcher/exec/BuildActionParameters;Lorg/gradle/internal/service/ServiceRegistry;)Lorg/gradle/launcher/exec/BuildActionResult;+38
j  org.gradle.launcher.exec.BuildTreeScopeBuildActionExecuter.execute(Lorg/gradle/internal/invocation/BuildAction;Lorg/gradle/initialization/BuildRequestContext;Ljava/lang/Object;Lorg/gradle/internal/service/ServiceRegistry;)Lorg/gradle/launcher/exec/BuildActionResult;+9
j  org.gradle.tooling.internal.provider.ContinuousBuildActionExecuter.execute(Lorg/gradle/internal/invocation/BuildAction;Lorg/gradle/initialization/BuildRequestContext;Lorg/gradle/launcher/exec/BuildActionParameters;Lorg/gradle/internal/service/ServiceRegistry;)Lorg/gradle/launcher/exec/BuildActionResult;+58
j  org.gradle.tooling.internal.provider.ContinuousBuildActionExecuter.execute(Lorg/gradle/internal/invocation/BuildAction;Lorg/gradle/initialization/BuildRequestContext;Ljava/lang/Object;Lorg/gradle/internal/service/ServiceRegistry;)Lorg/gradle/launcher/exec/BuildActionResult;+9
j  org.gradle.tooling.internal.provider.SubscribableBuildActionExecuter.execute(Lorg/gradle/internal/invocation/BuildAction;Lorg/gradle/initialization/BuildRequestContext;Lorg/gradle/launcher/exec/BuildActionParameters;Lorg/gradle/internal/service/ServiceRegistry;)Lorg/gradle/launcher/exec/BuildActionResult;+45
j  org.gradle.tooling.internal.provider.SubscribableBuildActionExecuter.execute(Lorg/gradle/internal/invocation/BuildAction;Lorg/gradle/initialization/BuildRequestContext;Ljava/lang/Object;Lorg/gradle/internal/service/ServiceRegistry;)Lorg/gradle/launcher/exec/BuildActionResult;+9
j  org.gradle.tooling.internal.provider.SessionScopeBuildActionExecuter.execute(Lorg/gradle/internal/invocation/BuildAction;Lorg/gradle/initialization/BuildRequestContext;Lorg/gradle/launcher/exec/BuildActionParameters;Lorg/gradle/internal/service/ServiceRegistry;)Lorg/gradle/launcher/exec/BuildActionResult;+117
j  org.gradle.tooling.internal.provider.SessionScopeBuildActionExecuter.execute(Lorg/gradle/internal/invocation/BuildAction;Lorg/gradle/initialization/BuildRequestContext;Ljava/lang/Object;Lorg/gradle/internal/service/ServiceRegistry;)Lorg/gradle/launcher/exec/BuildActionResult;+9
j  org.gradle.tooling.internal.provider.GradleThreadBuildActionExecuter.execute(Lorg/gradle/internal/invocation/BuildAction;Lorg/gradle/initialization/BuildRequestContext;Lorg/gradle/launcher/exec/BuildActionParameters;Lorg/gradle/internal/service/ServiceRegistry;)Lorg/gradle/launcher/exec/BuildActionResult;+12
j  org.gradle.tooling.internal.provider.GradleThreadBuildActionExecuter.execute(Lorg/gradle/internal/invocation/BuildAction;Lorg/gradle/initialization/BuildRequestContext;Ljava/lang/Object;Lorg/gradle/internal/service/ServiceRegistry;)Lorg/gradle/launcher/exec/BuildActionResult;+9
j  org.gradle.tooling.internal.provider.ParallelismConfigurationBuildActionExecuter.execute(Lorg/gradle/internal/invocation/BuildAction;Lorg/gradle/initialization/BuildRequestContext;Lorg/gradle/launcher/exec/BuildActionParameters;Lorg/gradle/internal/service/ServiceRegistry;)Lorg/gradle/launcher/exec/BuildActionResult;+43
j  org.gradle.tooling.internal.provider.ParallelismConfigurationBuildActionExecuter.execute(Lorg/gradle/internal/invocation/BuildAction;Lorg/gradle/initialization/BuildRequestContext;Ljava/lang/Object;Lorg/gradle/internal/service/ServiceRegistry;)Lorg/gradle/launcher/exec/BuildActionResult;+9
j  org.gradle.tooling.internal.provider.StartParamsValidatingActionExecuter.execute(Lorg/gradle/internal/invocation/BuildAction;Lorg/gradle/initialization/BuildRequestContext;Lorg/gradle/launcher/exec/BuildActionParameters;Lorg/gradle/internal/service/ServiceRegistry;)Lorg/gradle/launcher/exec/BuildActionResult;+177
j  org.gradle.tooling.internal.provider.StartParamsValidatingActionExecuter.execute(Lorg/gradle/internal/invocation/BuildAction;Lorg/gradle/initialization/BuildRequestContext;Ljava/lang/Object;Lorg/gradle/internal/service/ServiceRegistry;)Lorg/gradle/launcher/exec/BuildActionResult;+9
j  org.gradle.tooling.internal.provider.SessionFailureReportingActionExecuter.execute(Lorg/gradle/internal/invocation/BuildAction;Lorg/gradle/initialization/BuildRequestContext;Lorg/gradle/launcher/exec/BuildActionParameters;Lorg/gradle/internal/service/ServiceRegistry;)Lorg/gradle/launcher/exec/BuildActionResult;+9
j  org.gradle.tooling.internal.provider.SessionFailureReportingActionExecuter.execute(Lorg/gradle/internal/invocation/BuildAction;Lorg/gradle/initialization/BuildRequestContext;Ljava/lang/Object;Lorg/gradle/internal/service/ServiceRegistry;)Lorg/gradle/launcher/exec/BuildActionResult;+9
j  org.gradle.tooling.internal.provider.SetupLoggingActionExecuter.execute(Lorg/gradle/internal/invocation/BuildAction;Lorg/gradle/initialization/BuildRequestContext;Lorg/gradle/launcher/exec/BuildActionParameters;Lorg/gradle/internal/service/ServiceRegistry;)Lorg/gradle/launcher/exec/BuildActionResult;+52
j  org.gradle.tooling.internal.provider.SetupLoggingActionExecuter.execute(Lorg/gradle/internal/invocation/BuildAction;Lorg/gradle/initialization/BuildRequestContext;Ljava/lang/Object;Lorg/gradle/internal/service/ServiceRegistry;)Lorg/gradle/launcher/exec/BuildActionResult;+9
j  org.gradle.launcher.daemon.server.exec.ExecuteBuild.doBuild(Lorg/gradle/launcher/daemon/server/api/DaemonCommandExecution;Lorg/gradle/launcher/daemon/protocol/Build;)V+118
j  org.gradle.launcher.daemon.server.exec.BuildCommandOnly.execute(Lorg/gradle/launcher/daemon/server/api/DaemonCommandExecution;)V+49
j  org.gradle.launcher.daemon.server.api.DaemonCommandExecution.proceed()Z+23
j  org.gradle.launcher.daemon.server.exec.WatchForDisconnection.execute(Lorg/gradle/launcher/daemon/server/api/DaemonCommandExecution;)V+19
j  org.gradle.launcher.daemon.server.api.DaemonCommandExecution.proceed()Z+23
j  org.gradle.launcher.daemon.server.exec.ResetDeprecationLogger.execute(Lorg/gradle/launcher/daemon/server/api/DaemonCommandExecution;)V+4
j  org.gradle.launcher.daemon.server.api.DaemonCommandExecution.proceed()Z+23
j  org.gradle.launcher.daemon.server.exec.RequestStopIfSingleUsedDaemon.execute(Lorg/gradle/launcher/daemon/server/api/DaemonCommandExecution;)V+33
j  org.gradle.launcher.daemon.server.api.DaemonCommandExecution.proceed()Z+23
j  org.gradle.launcher.daemon.server.exec.ForwardClientInput$2.create()Ljava/lang/Void;+4
j  org.gradle.launcher.daemon.server.exec.ForwardClientInput$2.create()Ljava/lang/Object;+1
j  org.gradle.util.Swapper.swap(Ljava/lang/Object;Lorg/gradle/internal/Factory;)Ljava/lang/Object;+21
j  org.gradle.launcher.daemon.server.exec.ForwardClientInput.execute(Lorg/gradle/launcher/daemon/server/api/DaemonCommandExecution;)V+63
j  org.gradle.launcher.daemon.server.api.DaemonCommandExecution.proceed()Z+23
j  org.gradle.launcher.daemon.server.exec.LogAndCheckHealth.execute(Lorg/gradle/launcher/daemon/server/api/DaemonCommandExecution;)V+28
j  org.gradle.launcher.daemon.server.api.DaemonCommandExecution.proceed()Z+23
j  org.gradle.launcher.daemon.server.exec.LogToClient.doBuild(Lorg/gradle/launcher/daemon/server/api/DaemonCommandExecution;Lorg/gradle/launcher/daemon/protocol/Build;)V+87
j  org.gradle.launcher.daemon.server.exec.BuildCommandOnly.execute(Lorg/gradle/launcher/daemon/server/api/DaemonCommandExecution;)V+49
j  org.gradle.launcher.daemon.server.api.DaemonCommandExecution.proceed()Z+23
j  org.gradle.launcher.daemon.server.exec.EstablishBuildEnvironment.doBuild(Lorg/gradle/launcher/daemon/server/api/DaemonCommandExecution;Lorg/gradle/launcher/daemon/protocol/Build;)V+351
j  org.gradle.launcher.daemon.server.exec.BuildCommandOnly.execute(Lorg/gradle/launcher/daemon/server/api/DaemonCommandExecution;)V+49
j  org.gradle.launcher.daemon.server.api.DaemonCommandExecution.proceed()Z+23
j  org.gradle.launcher.daemon.server.exec.StartBuildOrRespondWithBusy$1.run()V+44
j  org.gradle.launcher.daemon.server.DaemonStateCoordinator$1.run()V+4
j  org.gradle.internal.concurrent.ExecutorPolicy$CatchAndRecordFailures.onExecute(Ljava/lang/Runnable;)V+1
j  org.gradle.internal.concurrent.ManagedExecutorImpl$1.run()V+25
j  java.util.concurrent.ThreadPoolExecutor.runWorker(Ljava/util/concurrent/ThreadPoolExecutor$Worker;)V+95
j  java.util.concurrent.ThreadPoolExecutor$Worker.run()V+5
j  org.gradle.internal.concurrent.ThreadFactoryImpl$ManagedThreadRunnable.run()V+7
j  java.lang.Thread.run()V+11
v  ~StubRoutines::call_stub

---------------  P R O C E S S  ---------------

Java Threads: ( => current thread )
  0x00000000591ef800 JavaThread "Build operations Thread 4" [_thread_blocked, id=5452, stack(0x00000000610c0000,0x00000000611c0000)]
  0x00000000591ee800 JavaThread "Build operations Thread 3" [_thread_blocked, id=4812, stack(0x0000000060f60000,0x0000000061060000)]
  0x00000000591ee000 JavaThread "Build operations Thread 2" [_thread_blocked, id=4228, stack(0x000000005e600000,0x000000005e700000)]
  0x00000000591ed000 JavaThread "Build operations" [_thread_blocked, id=4972, stack(0x0000000060db0000,0x0000000060eb0000)]
  0x0000000059f5b000 JavaThread "Cache worker for execution history cache (C:\Users\hisham kilany\.gradle\caches\5.6.4\executionHistory)" [_thread_blocked, id=5668, stack(0x0000000060220000,0x0000000060320000)]
  0x0000000059f5a000 JavaThread "Cache worker for cache directory md-rule (C:\Users\hisham kilany\.gradle\caches\5.6.4\md-rule)" [_thread_blocked, id=3884, stack(0x0000000060090000,0x0000000060190000)]
  0x0000000059f59800 JavaThread "Cache worker for cache directory md-supplier (C:\Users\hisham kilany\.gradle\caches\5.6.4\md-supplier)" [_thread_blocked, id=3284, stack(0x000000005e890000,0x000000005e990000)]
  0x0000000059f55800 JavaThread "Cache worker for file hash cache (C:\Users\hisham kilany\myappliction\.gradle\5.6.4\fileHashes)" [_thread_blocked, id=2976, stack(0x000000005e700000,0x000000005e800000)]
  0x0000000059f55000 JavaThread "Cache worker for journal cache (C:\Users\hisham kilany\.gradle\caches\journal-1)" [_thread_blocked, id=5824, stack(0x000000005c090000,0x000000005c190000)]
  0x0000000059f54000 JavaThread "File lock request listener" [_thread_in_native, id=5516, stack(0x000000005bc30000,0x000000005bd30000)]
  0x0000000059f84000 JavaThread "Cache worker for file hash cache (C:\Users\hisham kilany\.gradle\caches\5.6.4\fileHashes)" [_thread_blocked, id=4676, stack(0x000000005ba10000,0x000000005bb10000)]
  0x0000000059eaa000 JavaThread "Thread-9" [_thread_blocked, id=6048, stack(0x000000005bd60000,0x000000005be60000)]
  0x0000000059de1800 JavaThread "Stdin handler" [_thread_blocked, id=4776, stack(0x000000005b780000,0x000000005b880000)]
  0x0000000059de1000 JavaThread "Asynchronous log dispatcher for DefaultDaemonConnection: socket connection from /127.0.0.1:52812 to /127.0.0.1:52813" [_thread_blocked, id=5508, stack(0x000000005b360000,0x000000005b460000)]
=>0x0000000059dfa000 JavaThread "Daemon worker" [_thread_in_vm, id=5684, stack(0x000000005bb10000,0x000000005bc10000)]
  0x0000000059e34000 JavaThread "Cancel handler" [_thread_blocked, id=3784, stack(0x000000005b910000,0x000000005ba10000)]
  0x0000000059e24000 JavaThread "Handler for socket connection from /127.0.0.1:52812 to /127.0.0.1:52813" [_thread_in_native, id=5800, stack(0x000000005b470000,0x000000005b570000)]
  0x0000000059e23800 JavaThread "Daemon" [_thread_blocked, id=5836, stack(0x000000005b240000,0x000000005b340000)]
  0x0000000059dc0800 JavaThread "Daemon periodic checks" [_thread_blocked, id=5000, stack(0x0000000056fa0000,0x00000000570a0000)]
  0x0000000059dc8800 JavaThread "Incoming local TCP Connector on port 52812" [_thread_in_native, id=5324, stack(0x0000000058c50000,0x0000000058d50000)]
  0x0000000059ba9800 JavaThread "Daemon health stats" [_thread_blocked, id=5256, stack(0x0000000057d00000,0x0000000057e00000)]
  0x0000000057577800 JavaThread "Service Thread" daemon [_thread_blocked, id=2488, stack(0x0000000058160000,0x0000000058260000)]
  0x00000000574f8800 JavaThread "C1 CompilerThread2" daemon [_thread_blocked, id=5308, stack(0x0000000057fd0000,0x00000000580d0000)]
  0x00000000574f6000 JavaThread "C2 CompilerThread1" daemon [_thread_in_native, id=3280, stack(0x0000000057e60000,0x0000000057f60000)]
  0x00000000574f1800 JavaThread "C2 CompilerThread0" daemon [_thread_in_native, id=4632, stack(0x0000000057c00000,0x0000000057d00000)]
  0x00000000560ac000 JavaThread "Attach Listener" daemon [_thread_blocked, id=5288, stack(0x0000000057ad0000,0x0000000057bd0000)]
  0x000000005609c000 JavaThread "Signal Dispatcher" daemon [_thread_blocked, id=4724, stack(0x0000000057970000,0x0000000057a70000)]
  0x0000000056088000 JavaThread "Finalizer" daemon [_thread_blocked, id=3332, stack(0x00000000573f0000,0x00000000574f0000)]
  0x0000000056081000 JavaThread "Reference Handler" daemon [_thread_blocked, id=5640, stack(0x0000000057220000,0x0000000057320000)]
  0x0000000001e2e800 JavaThread "main" [_thread_blocked, id=5264, stack(0x00000000021e0000,0x00000000022e0000)]

Other Threads:
  0x0000000056039800 VMThread [stack: 0x00000000570e0000,0x00000000571e0000] [id=2816]
  0x000000005757b000 WatcherThread [stack: 0x00000000582f0000,0x00000000583f0000] [id=6056]

VM state:not at safepoint (normal execution)

VM Mutex/Monitor currently owned by a thread: None

heap address: 0x00000000a0000000, size: 1536 MB, Compressed Oops mode: 32-bit
Narrow klass base: 0x0000000000000000, Narrow klass shift: 0
Compressed class space size: 1073741824 Address: 0x00000000156b0000

Heap:
 PSYoungGen      total 202240K, used 137830K [0x00000000e0000000, 0x00000000ed700000, 0x0000000100000000)
  eden space 192512K, 71% used [0x00000000e0000000,0x00000000e8699bd8,0x00000000ebc00000)
  from space 9728K, 0% used [0x00000000ecd80000,0x00000000ecd80000,0x00000000ed700000)
  to   space 13824K, 0% used [0x00000000ebc00000,0x00000000ebc00000,0x00000000ec980000)
 ParOldGen       total 55808K, used 14703K [0x00000000a0000000, 0x00000000a3680000, 0x00000000e0000000)
  object space 55808K, 26% used [0x00000000a0000000,0x00000000a0e5bf70,0x00000000a3680000)
 Metaspace       used 43811K, capacity 44944K, committed 45184K, reserved 1087488K
  class space    used 5856K, capacity 6179K, committed 6272K, reserved 1048576K

Card table byte_map: [0x0000000011970000,0x0000000011c80000] byte_map_base: 0x0000000011470000

Marking Bits: (ParMarkBitMap*) 0x000000006c519f30
 Begin Bits: [0x00000000123b0000, 0x0000000013bb0000)
 End Bits:   [0x0000000013bb0000, 0x00000000153b0000)

Polling page: 0x0000000000110000

CodeCache: size=245760Kb used=13534Kb max_used=13534Kb free=232225Kb
 bounds [0x00000000025b0000, 0x0000000003300000, 0x00000000115b0000]
 total_blobs=4632 nmethods=3868 adapters=676
 compilation: enabled

Compilation events (10 events):
Event: 23.348 Thread 0x00000000574f8800 4244       3       sun.misc.ProxyGenerator::access$1700 (7 bytes)
Event: 23.348 Thread 0x00000000574f8800 nmethod 4244 0x00000000032eddd0 code [0x00000000032edf40, 0x00000000032ee0a8]
Event: 23.348 Thread 0x00000000574f8800 4245       3       sun.misc.ProxyGenerator::codeClassForName (41 bytes)
Event: 23.351 Thread 0x00000000574f8800 nmethod 4245 0x00000000032ee190 code [0x00000000032ee4e0, 0x00000000032efbb8]
Event: 23.354 Thread 0x00000000574f8800 4246       3       kotlin.jvm.internal.Intrinsics::checkParameterIsNotNull (9 bytes)
Event: 23.355 Thread 0x00000000574f8800 nmethod 4246 0x00000000032f0d10 code [0x00000000032f0e80, 0x00000000032f1028]
Event: 23.355 Thread 0x00000000574f8800 4247       3       kotlin.jvm.internal.Intrinsics::checkExpressionValueIsNotNull (38 bytes)
Event: 23.356 Thread 0x00000000574f8800 nmethod 4247 0x00000000032f10d0 code [0x00000000032f12c0, 0x00000000032f1ac8]
Event: 23.357 Thread 0x00000000574f8800 4248       3       kotlin.jvm.internal.Lambda::<init> (10 bytes)
Event: 23.357 Thread 0x00000000574f8800 nmethod 4248 0x00000000032f1e50 code [0x00000000032f1fa0, 0x00000000032f2150]

GC Heap History (10 events):
Event: 8.745 GC heap before
{Heap before GC invocations=6 (full 0):
 PSYoungGen      total 66048K, used 46959K [0x00000000e0000000, 0x00000000e8f00000, 0x0000000100000000)
  eden space 63488K, 69% used [0x00000000e0000000,0x00000000e2b5fd40,0x00000000e3e00000)
  from space 2560K, 99% used [0x00000000e3e00000,0x00000000e407c030,0x00000000e4080000)
  to   space 9728K, 0% used [0x00000000e8580000,0x00000000e8580000,0x00000000e8f00000)
 ParOldGen       total 42496K, used 11334K [0x00000000a0000000, 0x00000000a2980000, 0x00000000e0000000)
  object space 42496K, 26% used [0x00000000a0000000,0x00000000a0b119e8,0x00000000a2980000)
 Metaspace       used 20793K, capacity 21238K, committed 21296K, reserved 1067008K
  class space    used 3011K, capacity 3168K, committed 3200K, reserved 1048576K
Event: 8.787 GC heap after
Heap after GC invocations=6 (full 0):
 PSYoungGen      total 136192K, used 7723K [0x00000000e0000000, 0x00000000e9000000, 0x0000000100000000)
  eden space 126464K, 0% used [0x00000000e0000000,0x00000000e0000000,0x00000000e7b80000)
  from space 9728K, 79% used [0x00000000e8580000,0x00000000e8d0afb0,0x00000000e8f00000)
  to   space 10240K, 0% used [0x00000000e7b80000,0x00000000e7b80000,0x00000000e8580000)
 ParOldGen       total 42496K, used 11334K [0x00000000a0000000, 0x00000000a2980000, 0x00000000e0000000)
  object space 42496K, 26% used [0x00000000a0000000,0x00000000a0b119e8,0x00000000a2980000)
 Metaspace       used 20793K, capacity 21238K, committed 21296K, reserved 1067008K
  class space    used 3011K, capacity 3168K, committed 3200K, reserved 1048576K
}
Event: 8.787 GC heap before
{Heap before GC invocations=7 (full 1):
 PSYoungGen      total 136192K, used 7723K [0x00000000e0000000, 0x00000000e9000000, 0x0000000100000000)
  eden space 126464K, 0% used [0x00000000e0000000,0x00000000e0000000,0x00000000e7b80000)
  from space 9728K, 79% used [0x00000000e8580000,0x00000000e8d0afb0,0x00000000e8f00000)
  to   space 10240K, 0% used [0x00000000e7b80000,0x00000000e7b80000,0x00000000e8580000)
 ParOldGen       total 42496K, used 11334K [0x00000000a0000000, 0x00000000a2980000, 0x00000000e0000000)
  object space 42496K, 26% used [0x00000000a0000000,0x00000000a0b119e8,0x00000000a2980000)
 Metaspace       used 20793K, capacity 21238K, committed 21296K, reserved 1067008K
  class space    used 3011K, capacity 3168K, committed 3200K, reserved 1048576K
Event: 8.939 GC heap after
Heap after GC invocations=7 (full 1):
 PSYoungGen      total 136192K, used 0K [0x00000000e0000000, 0x00000000e9000000, 0x0000000100000000)
  eden space 126464K, 0% used [0x00000000e0000000,0x00000000e0000000,0x00000000e7b80000)
  from space 9728K, 0% used [0x00000000e8580000,0x00000000e8580000,0x00000000e8f00000)
  to   space 10240K, 0% used [0x00000000e7b80000,0x00000000e7b80000,0x00000000e8580000)
 ParOldGen       total 46080K, used 17136K [0x00000000a0000000, 0x00000000a2d00000, 0x00000000e0000000)
  object space 46080K, 37% used [0x00000000a0000000,0x00000000a10bc028,0x00000000a2d00000)
 Metaspace       used 20793K, capacity 21238K, committed 21296K, reserved 1067008K
  class space    used 3011K, capacity 3168K, committed 3200K, reserved 1048576K
}
Event: 11.528 GC heap before
{Heap before GC invocations=8 (full 1):
 PSYoungGen      total 136192K, used 126464K [0x00000000e0000000, 0x00000000e9000000, 0x0000000100000000)
  eden space 126464K, 100% used [0x00000000e0000000,0x00000000e7b80000,0x00000000e7b80000)
  from space 9728K, 0% used [0x00000000e8580000,0x00000000e8580000,0x00000000e8f00000)
  to   space 10240K, 0% used [0x00000000e7b80000,0x00000000e7b80000,0x00000000e8580000)
 ParOldGen       total 46080K, used 17136K [0x00000000a0000000, 0x00000000a2d00000, 0x00000000e0000000)
  object space 46080K, 37% used [0x00000000a0000000,0x00000000a10bc028,0x00000000a2d00000)
 Metaspace       used 33074K, capacity 33724K, committed 33920K, reserved 1079296K
  class space    used 4472K, capacity 4692K, committed 4736K, reserved 1048576K
Event: 11.551 GC heap after
Heap after GC invocations=8 (full 1):
 PSYoungGen      total 136704K, used 10225K [0x00000000e0000000, 0x00000000edb00000, 0x0000000100000000)
  eden space 126464K, 0% used [0x00000000e0000000,0x00000000e0000000,0x00000000e7b80000)
  from space 10240K, 99% used [0x00000000e7b80000,0x00000000e857c768,0x00000000e8580000)
  to   space 13824K, 0% used [0x00000000ecd80000,0x00000000ecd80000,0x00000000edb00000)
 ParOldGen       total 46080K, used 20717K [0x00000000a0000000, 0x00000000a2d00000, 0x00000000e0000000)
  object space 46080K, 44% used [0x00000000a0000000,0x00000000a143b620,0x00000000a2d00000)
 Metaspace       used 33074K, capacity 33724K, committed 33920K, reserved 1079296K
  class space    used 4472K, capacity 4692K, committed 4736K, reserved 1048576K
}
Event: 12.609 GC heap before
{Heap before GC invocations=9 (full 1):
 PSYoungGen      total 136704K, used 35717K [0x00000000e0000000, 0x00000000edb00000, 0x0000000100000000)
  eden space 126464K, 20% used [0x00000000e0000000,0x00000000e18e4f30,0x00000000e7b80000)
  from space 10240K, 99% used [0x00000000e7b80000,0x00000000e857c768,0x00000000e8580000)
  to   space 13824K, 0% used [0x00000000ecd80000,0x00000000ecd80000,0x00000000edb00000)
 ParOldGen       total 46080K, used 20717K [0x00000000a0000000, 0x00000000a2d00000, 0x00000000e0000000)
  object space 46080K, 44% used [0x00000000a0000000,0x00000000a143b620,0x00000000a2d00000)
 Metaspace       used 34613K, capacity 35436K, committed 35496K, reserved 1079296K
  class space    used 4579K, capacity 4811K, committed 4864K, reserved 1048576K
Event: 12.621 GC heap after
Heap after GC invocations=9 (full 1):
 PSYoungGen      total 202240K, used 7537K [0x00000000e0000000, 0x00000000ed700000, 0x0000000100000000)
  eden space 192512K, 0% used [0x00000000e0000000,0x00000000e0000000,0x00000000ebc00000)
  from space 9728K, 77% used [0x00000000ecd80000,0x00000000ed4dc6f0,0x00000000ed700000)
  to   space 13824K, 0% used [0x00000000ebc00000,0x00000000ebc00000,0x00000000ec980000)
 ParOldGen       total 46080K, used 20725K [0x00000000a0000000, 0x00000000a2d00000, 0x00000000e0000000)
  object space 46080K, 44% used [0x00000000a0000000,0x00000000a143d620,0x00000000a2d00000)
 Metaspace       used 34613K, capacity 35436K, committed 35496K, reserved 1079296K
  class space    used 4579K, capacity 4811K, committed 4864K, reserved 1048576K
}
Event: 12.621 GC heap before
{Heap before GC invocations=10 (full 2):
 PSYoungGen      total 202240K, used 7537K [0x00000000e0000000, 0x00000000ed700000, 0x0000000100000000)
  eden space 192512K, 0% used [0x00000000e0000000,0x00000000e0000000,0x00000000ebc00000)
  from space 9728K, 77% used [0x00000000ecd80000,0x00000000ed4dc6f0,0x00000000ed700000)
  to   space 13824K, 0% used [0x00000000ebc00000,0x00000000ebc00000,0x00000000ec980000)
 ParOldGen       total 46080K, used 20725K [0x00000000a0000000, 0x00000000a2d00000, 0x00000000e0000000)
  object space 46080K, 44% used [0x00000000a0000000,0x00000000a143d620,0x00000000a2d00000)
 Metaspace       used 34613K, capacity 35436K, committed 35496K, reserved 1079296K
  class space    used 4579K, capacity 4811K, committed 4864K, reserved 1048576K
Event: 12.704 GC heap after
Heap after GC invocations=10 (full 2):
 PSYoungGen      total 202240K, used 0K [0x00000000e0000000, 0x00000000ed700000, 0x0000000100000000)
  eden space 192512K, 0% used [0x00000000e0000000,0x00000000e0000000,0x00000000ebc00000)
  from space 9728K, 0% used [0x00000000ecd80000,0x00000000ecd80000,0x00000000ed700000)
  to   space 13824K, 0% used [0x00000000ebc00000,0x00000000ebc00000,0x00000000ec980000)
 ParOldGen       total 55808K, used 14703K [0x00000000a0000000, 0x00000000a3680000, 0x00000000e0000000)
  object space 55808K, 26% used [0x00000000a0000000,0x00000000a0e5bf70,0x00000000a3680000)
 Metaspace       used 34567K, capacity 35332K, committed 35496K, reserved 1079296K
  class space    used 4567K, capacity 4799K, committed 4864K, reserved 1048576K
}

Deoptimization events (10 events):
Event: 21.162 Thread 0x0000000059dfa000 Uncommon trap: reason=bimorphic action=maybe_recompile pc=0x0000000002e65f1c method=java.util.AbstractCollection.addAll(Ljava/util/Collection;)Z @ 29
Event: 21.759 Thread 0x0000000059dfa000 Uncommon trap: reason=bimorphic action=maybe_recompile pc=0x0000000003131efc method=java.util.Objects.equals(Ljava/lang/Object;Ljava/lang/Object;)Z @ 11
Event: 21.759 Thread 0x0000000059dfa000 Uncommon trap: reason=bimorphic action=maybe_recompile pc=0x0000000003131efc method=java.util.Objects.equals(Ljava/lang/Object;Ljava/lang/Object;)Z @ 11
Event: 21.759 Thread 0x0000000059dfa000 Uncommon trap: reason=bimorphic action=maybe_recompile pc=0x0000000003131efc method=java.util.Objects.equals(Ljava/lang/Object;Ljava/lang/Object;)Z @ 11
Event: 21.759 Thread 0x0000000059dfa000 Uncommon trap: reason=bimorphic action=maybe_recompile pc=0x0000000003131efc method=java.util.Objects.equals(Ljava/lang/Object;Ljava/lang/Object;)Z @ 11
Event: 22.100 Thread 0x0000000059dfa000 Uncommon trap: reason=bimorphic action=maybe_recompile pc=0x0000000002e65f1c method=java.util.AbstractCollection.addAll(Ljava/util/Collection;)Z @ 29
Event: 22.150 Thread 0x0000000059dfa000 Uncommon trap: reason=predicate action=maybe_recompile pc=0x0000000002b1de00 method=java.util.Arrays.binarySearch0([Ljava/lang/Object;IILjava/lang/Object;Ljava/util/Comparator;)I @ 28
Event: 22.225 Thread 0x0000000059dfa000 Uncommon trap: reason=unstable_if action=reinterpret pc=0x000000000278a87c method=java.security.CodeSource.hashCode()I @ 4
Event: 22.284 Thread 0x0000000059dfa000 Uncommon trap: reason=unstable_if action=reinterpret pc=0x000000000320e04c method=jdk.internal.org.objectweb.asm.Type.getArgumentsAndReturnSizes(Ljava/lang/String;)I @ 47
Event: 22.322 Thread 0x0000000059dfa000 Uncommon trap: reason=unstable_if action=reinterpret pc=0x00000000026d48b0 method=java.util.regex.Pattern.has(I)Z @ 6

Classes redefined (0 events):
No events

Internal exceptions (10 events):
Event: 21.125 Thread 0x0000000059dfa000 Exception <a 'java/lang/ClassNotFoundException': org/gradle/api/DefaultTaskBeanInfo> (0x00000000e66f82c0) thrown at [D:\src\AOSP-openjdk-cygwin\jdk8u\hotspot\src\share\vm\classfile\systemDictionary.cpp, line 210]
Event: 21.127 Thread 0x0000000059dfa000 Exception <a 'java/lang/ClassNotFoundException': org/gradle/api/internal/AbstractTaskBeanInfo> (0x00000000e672a158) thrown at [D:\src\AOSP-openjdk-cygwin\jdk8u\hotspot\src\share\vm\classfile\systemDictionary.cpp, line 210]
Event: 21.128 Thread 0x0000000059dfa000 Exception <a 'java/lang/ClassNotFoundException': org/gradle/api/internal/AbstractTaskCustomizer> (0x00000000e675ce10) thrown at [D:\src\AOSP-openjdk-cygwin\jdk8u\hotspot\src\share\vm\classfile\systemDictionary.cpp, line 210]
Event: 21.134 Thread 0x0000000059dfa000 Exception <a 'java/lang/ClassNotFoundException': org/gradle/api/DefaultTaskCustomizer> (0x00000000e67e87f0) thrown at [D:\src\AOSP-openjdk-cygwin\jdk8u\hotspot\src\share\vm\classfile\systemDictionary.cpp, line 210]
Event: 21.136 Thread 0x0000000059dfa000 Exception <a 'java/lang/ClassNotFoundException': org/gradle/api/internal/ConventionTaskCustomizer> (0x00000000e682ad98) thrown at [D:\src\AOSP-openjdk-cygwin\jdk8u\hotspot\src\share\vm\classfile\systemDictionary.cpp, line 210]
Event: 21.139 Thread 0x0000000059dfa000 Exception <a 'java/lang/ClassNotFoundException': org/gradle/api/tasks/DeleteCustomizer> (0x00000000e6869dc8) thrown at [D:\src\AOSP-openjdk-cygwin\jdk8u\hotspot\src\share\vm\classfile\systemDictionary.cpp, line 210]
Event: 21.142 Thread 0x0000000059dfa000 Exception <a 'java/lang/ClassNotFoundException': org/gradle/api/tasks/Delete_DecoratedCustomizer> (0x00000000e68b6a40) thrown at [D:\src\AOSP-openjdk-cygwin\jdk8u\hotspot\src\share\vm\classfile\systemDictionary.cpp, line 210]
Event: 21.326 Thread 0x0000000059dfa000 Exception <a 'java/lang/ClassNotFoundException': build_askj8jf15510tlqoqqrlcma2oBeanInfo> (0x00000000e69b5b40) thrown at [D:\src\AOSP-openjdk-cygwin\jdk8u\hotspot\src\share\vm\classfile\systemDictionary.cpp, line 210]
Event: 21.326 Thread 0x0000000059dfa000 Exception <a 'java/lang/ClassNotFoundException': build_askj8jf15510tlqoqqrlcma2oCustomizer> (0x00000000e69c2618) thrown at [D:\src\AOSP-openjdk-cygwin\jdk8u\hotspot\src\share\vm\classfile\systemDictionary.cpp, line 210]
Event: 22.225 Thread 0x0000000059dfa000 Implicit null exception at 0x000000000278a585 to 0x000000000278a86d

Events (10 events):
Event: 23.404 loading class kotlin/jvm/functions/Function16
Event: 23.404 loading class kotlin/jvm/functions/Function16 done
Event: 23.404 loading class kotlin/jvm/functions/Function17
Event: 23.404 loading class kotlin/jvm/functions/Function17 done
Event: 23.405 loading class kotlin/jvm/functions/Function18
Event: 23.405 loading class kotlin/jvm/functions/Function18 done
Event: 23.406 loading class kotlin/jvm/functions/Function19
Event: 23.406 loading class kotlin/jvm/functions/Function19 done
Event: 23.406 loading class kotlin/jvm/functions/Function20
Event: 23.406 loading class kotlin/jvm/functions/Function20 done


Dynamic libraries:
0x000000013f660000 - 0x000000013f691000 	C:\Program Files\Android\Android Studio\jre\bin\java.exe
0x0000000077af0000 - 0x0000000077c9b000 	C:\Windows\SYSTEM32\ntdll.dll
0x00000000778d0000 - 0x00000000779ef000 	C:\Windows\system32\kernel32.dll
0x000007fefdc20000 - 0x000007fefdc8b000 	C:\Windows\system32\KERNELBASE.dll
0x000007fefe8a0000 - 0x000007fefe97b000 	C:\Windows\system32\ADVAPI32.dll
0x000007fefe260000 - 0x000007fefe2ff000 	C:\Windows\system32\msvcrt.dll
0x000007feff930000 - 0x000007feff94f000 	C:\Windows\SYSTEM32\sechost.dll
0x000007feffba0000 - 0x000007feffcce000 	C:\Windows\system32\RPCRT4.dll
0x00000000779f0000 - 0x0000000077aea000 	C:\Windows\system32\USER32.dll
0x000007feff8c0000 - 0x000007feff927000 	C:\Windows\system32\GDI32.dll
0x000007fefe980000 - 0x000007fefe98e000 	C:\Windows\system32\LPK.dll
0x000007feffad0000 - 0x000007feffb9a000 	C:\Windows\system32\USP10.dll
0x000007fefc2c0000 - 0x000007fefc4b4000 	C:\Windows\WinSxS\amd64_microsoft.windows.common-controls_6595b64144ccf1df_6.0.7600.16385_none_fa645303170382f6\COMCTL32.dll
0x000007fefe760000 - 0x000007fefe7d1000 	C:\Windows\system32\SHLWAPI.dll
0x000007fefe7e0000 - 0x000007fefe80e000 	C:\Windows\system32\IMM32.DLL
0x000007fefe300000 - 0x000007fefe409000 	C:\Windows\system32\MSCTF.dll
0x0000000074ee0000 - 0x0000000074fb2000 	C:\Program Files\Android\Android Studio\jre\jre\bin\msvcr100.dll
0x000000006bd50000 - 0x000000006c596000 	C:\Program Files\Android\Android Studio\jre\jre\bin\server\jvm.dll
0x000007fefd7e0000 - 0x000007fefd7e9000 	C:\Windows\system32\WSOCK32.dll
0x000007fefe710000 - 0x000007fefe75d000 	C:\Windows\system32\WS2_32.dll
0x000007fefe890000 - 0x000007fefe898000 	C:\Windows\system32\NSI.dll
0x000007fefbe50000 - 0x000007fefbe8b000 	C:\Windows\system32\WINMM.dll
0x000007fefc980000 - 0x000007fefc98c000 	C:\Windows\system32\VERSION.dll
0x0000000077cc0000 - 0x0000000077cc7000 	C:\Windows\system32\PSAPI.DLL
0x000007fefc010000 - 0x000007fefc01f000 	C:\Program Files\Android\Android Studio\jre\jre\bin\verify.dll
0x000007fef5800000 - 0x000007fef5829000 	C:\Program Files\Android\Android Studio\jre\jre\bin\java.dll
0x000007fef3010000 - 0x000007fef3026000 	C:\Program Files\Android\Android Studio\jre\jre\bin\zip.dll
0x000007fefe990000 - 0x000007feff716000 	C:\Windows\system32\SHELL32.dll
0x000007fefe4b0000 - 0x000007fefe6b1000 	C:\Windows\system32\ole32.dll
0x000007fefd920000 - 0x000007fefd92f000 	C:\Windows\system32\profapi.dll
0x000007fef2fb0000 - 0x000007fef2fca000 	C:\Program Files\Android\Android Studio\jre\jre\bin\net.dll
0x000007feff950000 - 0x000007feffac8000 	C:\Windows\system32\urlmon.dll
0x000007feff740000 - 0x000007feff817000 	C:\Windows\system32\OLEAUT32.dll
0x000007fefdcb0000 - 0x000007fefde16000 	C:\Windows\system32\CRYPT32.dll
0x000007fefdaf0000 - 0x000007fefdaff000 	C:\Windows\system32\MSASN1.dll
0x000007fefde20000 - 0x000007fefe078000 	C:\Windows\system32\iertutil.dll
0x000007fefd000000 - 0x000007fefd054000 	C:\Windows\system32\mswsock.dll
0x000007fefd200000 - 0x000007fefd207000 	C:\Windows\System32\wship6.dll
0x000007fef2f90000 - 0x000007fef2fa3000 	C:\Program Files\Android\Android Studio\jre\jre\bin\nio.dll
0x000007fef2e70000 - 0x000007fef2e96000 	C:\Users\hisham kilany\.gradle\native\30\windows-amd64\native-platform.dll
0x000007fefbff0000 - 0x000007fefbffd000 	C:\Program Files\Android\Android Studio\jre\jre\bin\management.dll
0x000007fefd1b0000 - 0x000007fefd1c7000 	C:\Windows\system32\CRYPTSP.dll
0x000007fefcd30000 - 0x000007fefcd77000 	C:\Windows\system32\rsaenh.dll
0x000007fefd930000 - 0x000007fefd94e000 	C:\Windows\system32\USERENV.dll
0x000007fefd6c0000 - 0x000007fefd6cf000 	C:\Windows\system32\CRYPTBASE.dll
0x000007fefd7b0000 - 0x000007fefd7d7000 	C:\Windows\system32\IPHLPAPI.DLL
0x000007fefd7a0000 - 0x000007fefd7ab000 	C:\Windows\system32\WINNSI.DLL
0x000007fefa890000 - 0x000007fefa8a8000 	C:\Windows\system32\dhcpcsvc.DLL
0x000007fefa870000 - 0x000007fefa881000 	C:\Windows\system32\dhcpcsvc6.DLL

VM Arguments:
jvm_args: -Xmx1536m -Dfile.encoding=windows-1256 -Duser.country=US -Duser.language=en -Duser.variant 
java_command: org.gradle.launcher.daemon.bootstrap.GradleDaemon 5.6.4
java_class_path (initial): C:\Users\hisham kilany\.gradle\wrapper\dists\gradle-5.6.4-all\ankdp27end7byghfw1q2sw75f\gradle-5.6.4\lib\gradle-launcher-5.6.4.jar
Launcher Type: SUN_STANDARD

Environment Variables:
PATH=C:\Windows\system32;C:\Windows;C:\Windows\System32\Wbem;C:\Windows\System32\WindowsPowerShell\v1.0\;C:\Program Files\Git\cmd
USERNAME=hisham kilany
OS=Windows_NT
PROCESSOR_IDENTIFIER=Intel64 Family 6 Model 58 Stepping 9, GenuineIntel



---------------  S Y S T E M  ---------------

OS: Windows 7 , 64 bit Build 7600 (6.1.7600.16385)

CPU:total 4 (initial active 4) (2 cores per cpu, 2 threads per core) family 6 model 58 stepping 9, cmov, cx8, fxsr, mmx, sse, sse2, sse3, ssse3, sse4.1, sse4.2, popcnt, aes, clmul, erms, ht, tsc, tscinvbit, tscinv

Memory: 4k page, physical 4056580k(474880k free), swap 4054676k(5144k free)

vm_info: OpenJDK 64-Bit Server VM (25.212-b04) for windows-amd64 JRE (1.8.0_212-release-1586-b04), built by "builder" with MS VC++ 10.0 (VS2010)

time: Sat Apr 25 18:49:18 2020
timezone: Egypt Standard Time
elapsed time: 23 seconds (0d 0h 0m 23s)

