#
# There is insufficient memory for the Java Runtime Environment to continue.
# Native memory allocation (malloc) failed to allocate 377536 bytes for Chunk::new
# Possible reasons:
#   The system is out of physical RAM or swap space
#   The process is running with CompressedOops enabled, and the Java Heap may be blocking the growth of the native heap
# Possible solutions:
#   Reduce memory load on the system
#   Increase physical memory or swap space
#   Check if swap backing store is full
#   Decrease Java heap size (-Xmx/-Xms)
#   Decrease number of Java threads
#   Decrease Java thread stack sizes (-Xss)
#   Set larger code cache with -XX:ReservedCodeCacheSize=
#   JVM is running with Unscaled Compressed Oops mode in which the Java heap is
#     placed in the first 4GB address space. The Java Heap base address is the
#     maximum limit for the native heap growth. Please use -XX:HeapBaseMinAddress
#     to set the Java Heap base and to place the Java Heap above 4GB virtual address.
# This output file may be truncated or incomplete.
#
#  Out of Memory Error (allocation.cpp:389), pid=4984, tid=0x00000000000005b0
#
# JRE version: OpenJDK Runtime Environment (8.0_212-b04) (build 1.8.0_212-release-1586-b04)
# Java VM: OpenJDK 64-Bit Server VM (25.212-b04 mixed mode windows-amd64 compressed oops)
# Failed to write core dump. Minidumps are not enabled by default on client versions of Windows
#

---------------  T H R E A D  ---------------

Current thread (0x00000000561ee000):  JavaThread "C2 CompilerThread1" daemon [_thread_in_native, id=1456, stack(0x0000000057f90000,0x0000000058090000)]

Stack: [0x0000000057f90000,0x0000000058090000]
[error occurred during error reporting (printing stack bounds), id 0xc0000005]

Native frames: (J=compiled Java code, j=interpreted, Vv=VM code, C=native code)


Current CompileTask:
C2:  56559 7212       4       org.gradle.cache.internal.btree.CachingBlockStore::read (56 bytes)


---------------  P R O C E S S  ---------------

Java Threads: ( => current thread )
  0x000000005ef4f000 JavaThread "Cache worker for execution history cache (C:\Users\hisham kilany\myappliction\.gradle\5.6.4\executionHistory)" [_thread_blocked, id=1180, stack(0x0000000064780000,0x0000000064880000)]
  0x000000005ef4e800 JavaThread "Execution worker for ':' Thread 3" [_thread_blocked, id=3332, stack(0x0000000064630000,0x0000000064730000)]
  0x000000005ef4d800 JavaThread "Execution worker for ':' Thread 2" [_thread_in_native, id=3484, stack(0x0000000064400000,0x0000000064500000)]
  0x000000005ef4d000 JavaThread "Execution worker for ':'" [_thread_blocked, id=4496, stack(0x00000000642b0000,0x00000000643b0000)]
  0x000000005ef4c000 JavaThread "Cache worker for file content cache (C:\Users\hisham kilany\myappliction\.gradle\5.6.4\fileContent)" [_thread_blocked, id=2500, stack(0x0000000063c60000,0x0000000063d60000)]
  0x000000005ef4b800 JavaThread "Cache worker for file content cache (C:\Users\hisham kilany\.gradle\caches\5.6.4\fileContent)" [_thread_blocked, id=4064, stack(0x0000000063aa0000,0x0000000063ba0000)]
  0x000000005ef4a800 JavaThread "Memory manager" [_thread_blocked, id=3856, stack(0x0000000063670000,0x0000000063770000)]
  0x000000005ef4a000 JavaThread "Cache worker for Build Output Cleanup Cache (C:\Users\hisham kilany\myappliction\.gradle\buildOutputCleanup)" [_thread_blocked, id=3916, stack(0x00000000639a0000,0x0000000063aa0000)]
  0x000000005ef49000 JavaThread "Build operations Thread 4" [_thread_blocked, id=1028, stack(0x0000000063790000,0x0000000063890000)]
  0x000000005986a000 JavaThread "Build operations Thread 3" [_thread_blocked, id=3892, stack(0x0000000063500000,0x0000000063600000)]
  0x000000005986b000 JavaThread "Build operations Thread 2" [_thread_blocked, id=4412, stack(0x0000000061db0000,0x0000000061eb0000)]
  0x000000005986b800 JavaThread "Build operations" [_thread_blocked, id=3520, stack(0x00000000626f0000,0x00000000627f0000)]
  0x0000000059868800 JavaThread "Cache worker for cache directory md-rule (C:\Users\hisham kilany\.gradle\caches\5.6.4\md-rule)" [_thread_blocked, id=3196, stack(0x000000005ba50000,0x000000005bb50000)]
  0x0000000059863800 JavaThread "Cache worker for cache directory md-supplier (C:\Users\hisham kilany\.gradle\caches\5.6.4\md-supplier)" [_thread_blocked, id=4120, stack(0x000000005bf20000,0x000000005c020000)]
  0x000000005985f000 JavaThread "Cache worker for file hash cache (C:\Users\hisham kilany\myappliction\.gradle\5.6.4\fileHashes)" [_thread_blocked, id=4340, stack(0x0000000062580000,0x0000000062680000)]
  0x0000000059865800 JavaThread "Thread-29" [_thread_blocked, id=3664, stack(0x0000000061c90000,0x0000000061d90000)]
  0x0000000059866800 JavaThread "Stdin handler" [_thread_blocked, id=3588, stack(0x0000000060550000,0x0000000060650000)]
  0x0000000059867000 JavaThread "Asynchronous log dispatcher for DefaultDaemonConnection: socket connection from /127.0.0.1:50318 to /127.0.0.1:50390" [_thread_blocked, id=1960, stack(0x000000005ff80000,0x0000000060080000)]
  0x0000000059865000 JavaThread "Cancel handler" [_thread_blocked, id=4088, stack(0x000000005fe60000,0x000000005ff60000)]
  0x0000000059862800 JavaThread "Handler for socket connection from /127.0.0.1:50318 to /127.0.0.1:50390" [_thread_in_native, id=2460, stack(0x000000005be20000,0x000000005bf20000)]
  0x0000000059864000 JavaThread "Cache worker for execution history cache (C:\Users\hisham kilany\.gradle\caches\5.6.4\executionHistory)" [_thread_in_native, id=4760, stack(0x0000000060650000,0x0000000060750000)]
  0x000000005985e000 JavaThread "Cache worker for journal cache (C:\Users\hisham kilany\.gradle\caches\journal-1)" [_thread_blocked, id=2232, stack(0x000000005c590000,0x000000005c690000)]
  0x000000005985d800 JavaThread "File lock request listener" [_thread_in_native, id=3608, stack(0x000000005c480000,0x000000005c580000)]
  0x000000005985c800 JavaThread "Cache worker for file hash cache (C:\Users\hisham kilany\.gradle\caches\5.6.4\fileHashes)" [_thread_blocked, id=4728, stack(0x000000005c320000,0x000000005c420000)]
  0x000000005a002800 JavaThread "Daemon worker" [_thread_blocked, id=4972, stack(0x0000000057d00000,0x0000000057e00000)]
  0x0000000059fe8000 JavaThread "Daemon" [_thread_blocked, id=3256, stack(0x000000005b3f0000,0x000000005b4f0000)]
  0x0000000059fe0000 JavaThread "Daemon periodic checks" [_thread_blocked, id=3964, stack(0x000000005b210000,0x000000005b310000)]
  0x0000000059b27000 JavaThread "Incoming local TCP Connector on port 50318" [_thread_in_native, id=4244, stack(0x0000000057a70000,0x0000000057b70000)]
  0x00000000599f0800 JavaThread "Daemon health stats" [_thread_blocked, id=5080, stack(0x0000000059ce0000,0x0000000059de0000)]
  0x00000000576cf000 JavaThread "Service Thread" daemon [_thread_blocked, id=4648, stack(0x00000000581f0000,0x00000000582f0000)]
  0x00000000561ef000 JavaThread "C1 CompilerThread2" daemon [_thread_blocked, id=4140, stack(0x00000000580b0000,0x00000000581b0000)]
=>0x00000000561ee000 JavaThread "C2 CompilerThread1" daemon [_thread_in_native, id=1456, stack(0x0000000057f90000,0x0000000058090000)]
  0x0000000057665800 JavaThread "C2 CompilerThread0" daemon [_thread_in_native, id=3448, stack(0x0000000057e30000,0x0000000057f30000)]
  0x0000000057661000 JavaThread "Attach Listener" daemon [_thread_blocked, id=4548, stack(0x0000000057c00000,0x0000000057d00000)]
  0x0000000057660800 JavaThread "Signal Dispatcher" daemon [_thread_blocked, id=4184, stack(0x0000000057450000,0x0000000057550000)]
  0x00000000561ca000 JavaThread "Finalizer" daemon [_thread_blocked, id=4544, stack(0x0000000057560000,0x0000000057660000)]
  0x00000000561c3000 JavaThread "Reference Handler" daemon [_thread_blocked, id=3244, stack(0x0000000057280000,0x0000000057380000)]
  0x0000000001fae800 JavaThread "main" [_thread_blocked, id=4752, stack(0x0000000002170000,0x0000000002270000)]

Other Threads:
  0x000000005617b800 VMThread [stack: 0x0000000057110000,0x0000000057210000] [id=4632]
  0x00000000576eb000 WatcherThread [stack: 0x00000000583e0000,0x00000000584e0000] [id=3080]

VM state:not at safepoint (normal execution)

VM Mutex/Monitor currently owned by a thread: None

heap address: 0x00000000a0000000, size: 1536 MB, Compressed Oops mode: 32-bit
Narrow klass base: 0x0000000000000000, Narrow klass shift: 0
Compressed class space size: 1073741824 Address: 0x00000000157f0000

Heap:
 PSYoungGen      total 188928K, used 97381K [0x00000000e0000000, 0x00000000ec800000, 0x0000000100000000)
  eden space 178176K, 54% used [0x00000000e0000000,0x00000000e5f19570,0x00000000eae00000)
  from space 10752K, 0% used [0x00000000ebd80000,0x00000000ebd80000,0x00000000ec800000)
  to   space 13312K, 0% used [0x00000000eae00000,0x00000000eae00000,0x00000000ebb00000)
 ParOldGen       total 73728K, used 31495K [0x00000000a0000000, 0x00000000a4800000, 0x00000000e0000000)
  object space 73728K, 42% used [0x00000000a0000000,0x00000000a1ec1cc8,0x00000000a4800000)
 Metaspace       used 61536K, capacity 63624K, committed 63872K, reserved 1103872K
  class space    used 8241K, capacity 8715K, committed 8832K, reserved 1048576K

Card table byte_map: [0x0000000011900000,0x0000000011c10000] byte_map_base: 0x0000000011400000

Marking Bits: (ParMarkBitMap*) 0x000000006d099f30
 Begin Bits: [0x00000000124f0000, 0x0000000013cf0000)
 End Bits:   [0x0000000013cf0000, 0x00000000154f0000)

Polling page: 0x0000000000110000

CodeCache: size=245760Kb used=20280Kb max_used=20280Kb free=225479Kb
 bounds [0x0000000002540000, 0x0000000003930000, 0x0000000011540000]
 total_blobs=7312 nmethods=6528 adapters=697
 compilation: enabled

Compilation events (10 events):
Event: 56.459 Thread 0x0000000057665800 7209       4       com.google.common.collect.ImmutableList$Builder::build (17 bytes)
Event: 56.461 Thread 0x0000000057665800 nmethod 7209 0x000000000390eed0 code [0x000000000390f020, 0x000000000390f118]
Event: 56.462 Thread 0x00000000561ef000 7210       3       org.gradle.internal.logging.sink.ProgressLogEventGenerator$Operation::complete (415 bytes)
Event: 56.464 Thread 0x00000000561ee000 7212       4       org.gradle.cache.internal.btree.CachingBlockStore::read (56 bytes)
Event: 56.465 Thread 0x0000000057665800 7213       4       org.gradle.cache.internal.btree.FreeListBlockStore::read (12 bytes)
Event: 56.475 Thread 0x00000000561ef000 nmethod 7210 0x0000000003919a90 code [0x000000000391a2c0, 0x0000000003920438]
Event: 56.475 Thread 0x00000000561ef000 7211       3       org.gradle.internal.logging.sink.ProgressLogEventGenerator$Operation::<init> (53 bytes)
Event: 56.476 Thread 0x00000000561ef000 nmethod 7211 0x0000000003915010 code [0x0000000003915180, 0x0000000003915408]
Event: 56.512 Thread 0x00000000561ef000 7215       3       org.gradle.internal.fingerprint.impl.IgnoredPathFileSystemLocationFingerprint::<init> (15 bytes)
Event: 56.512 Thread 0x00000000561ef000 nmethod 7215 0x000000000390e590 code [0x000000000390e6e0, 0x000000000390e8b0]

GC Heap History (10 events):
Event: 19.393 GC heap before
{Heap before GC invocations=11 (full 1):
 PSYoungGen      total 134144K, used 79228K [0x00000000e0000000, 0x00000000ec900000, 0x0000000100000000)
  eden space 124928K, 56% used [0x00000000e0000000,0x00000000e4464aa0,0x00000000e7a00000)
  from space 9216K, 99% used [0x00000000e7a00000,0x00000000e82fa760,0x00000000e8300000)
  to   space 11776K, 0% used [0x00000000ebd80000,0x00000000ebd80000,0x00000000ec900000)
 ParOldGen       total 31232K, used 10659K [0x00000000a0000000, 0x00000000a1e80000, 0x00000000e0000000)
  object space 31232K, 34% used [0x00000000a0000000,0x00000000a0a68db8,0x00000000a1e80000)
 Metaspace       used 34643K, capacity 35384K, committed 35456K, reserved 1079296K
  class space    used 4752K, capacity 4939K, committed 4992K, reserved 1048576K
Event: 19.435 GC heap after
Heap after GC invocations=11 (full 1):
 PSYoungGen      total 188928K, used 10648K [0x00000000e0000000, 0x00000000ec800000, 0x0000000100000000)
  eden space 178176K, 0% used [0x00000000e0000000,0x00000000e0000000,0x00000000eae00000)
  from space 10752K, 99% used [0x00000000ebd80000,0x00000000ec7e63c8,0x00000000ec800000)
  to   space 13312K, 0% used [0x00000000eae00000,0x00000000eae00000,0x00000000ebb00000)
 ParOldGen       total 31232K, used 10667K [0x00000000a0000000, 0x00000000a1e80000, 0x00000000e0000000)
  object space 31232K, 34% used [0x00000000a0000000,0x00000000a0a6adb8,0x00000000a1e80000)
 Metaspace       used 34643K, capacity 35384K, committed 35456K, reserved 1079296K
  class space    used 4752K, capacity 4939K, committed 4992K, reserved 1048576K
}
Event: 19.435 GC heap before
{Heap before GC invocations=12 (full 2):
 PSYoungGen      total 188928K, used 10648K [0x00000000e0000000, 0x00000000ec800000, 0x0000000100000000)
  eden space 178176K, 0% used [0x00000000e0000000,0x00000000e0000000,0x00000000eae00000)
  from space 10752K, 99% used [0x00000000ebd80000,0x00000000ec7e63c8,0x00000000ec800000)
  to   space 13312K, 0% used [0x00000000eae00000,0x00000000eae00000,0x00000000ebb00000)
 ParOldGen       total 31232K, used 10667K [0x00000000a0000000, 0x00000000a1e80000, 0x00000000e0000000)
  object space 31232K, 34% used [0x00000000a0000000,0x00000000a0a6adb8,0x00000000a1e80000)
 Metaspace       used 34643K, capacity 35384K, committed 35456K, reserved 1079296K
  class space    used 4752K, capacity 4939K, committed 4992K, reserved 1048576K
Event: 19.613 GC heap after
Heap after GC invocations=12 (full 2):
 PSYoungGen      total 188928K, used 0K [0x00000000e0000000, 0x00000000ec800000, 0x0000000100000000)
  eden space 178176K, 0% used [0x00000000e0000000,0x00000000e0000000,0x00000000eae00000)
  from space 10752K, 0% used [0x00000000ebd80000,0x00000000ebd80000,0x00000000ec800000)
  to   space 13312K, 0% used [0x00000000eae00000,0x00000000eae00000,0x00000000ebb00000)
 ParOldGen       total 47104K, used 17523K [0x00000000a0000000, 0x00000000a2e00000, 0x00000000e0000000)
  object space 47104K, 37% used [0x00000000a0000000,0x00000000a111cf38,0x00000000a2e00000)
 Metaspace       used 34640K, capacity 35372K, committed 35456K, reserved 1079296K
  class space    used 4751K, capacity 4937K, committed 4992K, reserved 1048576K
}
Event: 30.255 GC heap before
{Heap before GC invocations=13 (full 2):
 PSYoungGen      total 188928K, used 178176K [0x00000000e0000000, 0x00000000ec800000, 0x0000000100000000)
  eden space 178176K, 100% used [0x00000000e0000000,0x00000000eae00000,0x00000000eae00000)
  from space 10752K, 0% used [0x00000000ebd80000,0x00000000ebd80000,0x00000000ec800000)
  to   space 13312K, 0% used [0x00000000eae00000,0x00000000eae00000,0x00000000ebb00000)
 ParOldGen       total 47104K, used 17523K [0x00000000a0000000, 0x00000000a2e00000, 0x00000000e0000000)
  object space 47104K, 37% used [0x00000000a0000000,0x00000000a111cf38,0x00000000a2e00000)
 Metaspace       used 51182K, capacity 52772K, committed 52992K, reserved 1095680K
  class space    used 6981K, capacity 7379K, committed 7424K, reserved 1048576K
Event: 30.290 GC heap after
Heap after GC invocations=13 (full 2):
 PSYoungGen      total 191488K, used 13303K [0x00000000e0000000, 0x00000000ec800000, 0x0000000100000000)
  eden space 178176K, 0% used [0x00000000e0000000,0x00000000e0000000,0x00000000eae00000)
  from space 13312K, 99% used [0x00000000eae00000,0x00000000ebafdce0,0x00000000ebb00000)
  to   space 10752K, 0% used [0x00000000ebd80000,0x00000000ebd80000,0x00000000ec800000)
 ParOldGen       total 47104K, used 26008K [0x00000000a0000000, 0x00000000a2e00000, 0x00000000e0000000)
  object space 47104K, 55% used [0x00000000a0000000,0x00000000a1966138,0x00000000a2e00000)
 Metaspace       used 51182K, capacity 52772K, committed 52992K, reserved 1095680K
  class space    used 6981K, capacity 7379K, committed 7424K, reserved 1048576K
}
Event: 49.099 GC heap before
{Heap before GC invocations=14 (full 2):
 PSYoungGen      total 191488K, used 98011K [0x00000000e0000000, 0x00000000ec800000, 0x0000000100000000)
  eden space 178176K, 47% used [0x00000000e0000000,0x00000000e52b9098,0x00000000eae00000)
  from space 13312K, 99% used [0x00000000eae00000,0x00000000ebafdce0,0x00000000ebb00000)
  to   space 10752K, 0% used [0x00000000ebd80000,0x00000000ebd80000,0x00000000ec800000)
 ParOldGen       total 47104K, used 26008K [0x00000000a0000000, 0x00000000a2e00000, 0x00000000e0000000)
  object space 47104K, 55% used [0x00000000a0000000,0x00000000a1966138,0x00000000a2e00000)
 Metaspace       used 57420K, capacity 59064K, committed 59096K, reserved 1099776K
  class space    used 7662K, capacity 8035K, committed 8064K, reserved 1048576K
Event: 49.159 GC heap after
Heap after GC invocations=14 (full 2):
 PSYoungGen      total 188928K, used 8803K [0x00000000e0000000, 0x00000000ec800000, 0x0000000100000000)
  eden space 178176K, 0% used [0x00000000e0000000,0x00000000e0000000,0x00000000eae00000)
  from space 10752K, 81% used [0x00000000ebd80000,0x00000000ec618de0,0x00000000ec800000)
  to   space 13312K, 0% used [0x00000000eae00000,0x00000000eae00000,0x00000000ebb00000)
 ParOldGen       total 47104K, used 36686K [0x00000000a0000000, 0x00000000a2e00000, 0x00000000e0000000)
  object space 47104K, 77% used [0x00000000a0000000,0x00000000a23d3a10,0x00000000a2e00000)
 Metaspace       used 57420K, capacity 59064K, committed 59096K, reserved 1099776K
  class space    used 7662K, capacity 8035K, committed 8064K, reserved 1048576K
}
Event: 49.159 GC heap before
{Heap before GC invocations=15 (full 3):
 PSYoungGen      total 188928K, used 8803K [0x00000000e0000000, 0x00000000ec800000, 0x0000000100000000)
  eden space 178176K, 0% used [0x00000000e0000000,0x00000000e0000000,0x00000000eae00000)
  from space 10752K, 81% used [0x00000000ebd80000,0x00000000ec618de0,0x00000000ec800000)
  to   space 13312K, 0% used [0x00000000eae00000,0x00000000eae00000,0x00000000ebb00000)
 ParOldGen       total 47104K, used 36686K [0x00000000a0000000, 0x00000000a2e00000, 0x00000000e0000000)
  object space 47104K, 77% used [0x00000000a0000000,0x00000000a23d3a10,0x00000000a2e00000)
 Metaspace       used 57420K, capacity 59064K, committed 59096K, reserved 1099776K
  class space    used 7662K, capacity 8035K, committed 8064K, reserved 1048576K
Event: 49.734 GC heap after
Heap after GC invocations=15 (full 3):
 PSYoungGen      total 188928K, used 0K [0x00000000e0000000, 0x00000000ec800000, 0x0000000100000000)
  eden space 178176K, 0% used [0x00000000e0000000,0x00000000e0000000,0x00000000eae00000)
  from space 10752K, 0% used [0x00000000ebd80000,0x00000000ebd80000,0x00000000ec800000)
  to   space 13312K, 0% used [0x00000000eae00000,0x00000000eae00000,0x00000000ebb00000)
 ParOldGen       total 73728K, used 31495K [0x00000000a0000000, 0x00000000a4800000, 0x00000000e0000000)
  object space 73728K, 42% used [0x00000000a0000000,0x00000000a1ec1cc8,0x00000000a4800000)
 Metaspace       used 57420K, capacity 59064K, committed 59096K, reserved 1099776K
  class space    used 7662K, capacity 8035K, committed 8064K, reserved 1048576K
}

Deoptimization events (10 events):
Event: 50.310 Thread 0x000000005a002800 Uncommon trap: reason=unstable_if action=reinterpret pc=0x0000000002ae7e6c method=java.lang.Integer.parseInt(Ljava/lang/String;I)I @ 197
Event: 50.621 Thread 0x000000005a002800 Uncommon trap: reason=unstable_if action=reinterpret pc=0x0000000002e7d5f4 method=java.lang.String.lastIndexOf([CII[CIII)I @ 118
Event: 51.182 Thread 0x000000005a002800 Uncommon trap: reason=unstable_if action=reinterpret pc=0x00000000035384d8 method=java.util.regex.Pattern$GroupTail.match(Ljava/util/regex/Matcher;ILjava/lang/CharSequence;)Z @ 73
Event: 51.380 Thread 0x000000005a002800 Uncommon trap: reason=unstable_if action=reinterpret pc=0x0000000003026ed4 method=com.esotericsoftware.kryo.io.Input.readString()Ljava/lang/String; @ 38
Event: 52.254 Thread 0x0000000059864000 Uncommon trap: reason=bimorphic action=maybe_recompile pc=0x00000000026f1808 method=java.util.Arrays.binarySearch0([Ljava/lang/Object;IILjava/lang/Object;Ljava/util/Comparator;)I @ 48
Event: 52.254 Thread 0x0000000059864000 Uncommon trap: reason=bimorphic action=maybe_recompile pc=0x00000000026f1808 method=java.util.Arrays.binarySearch0([Ljava/lang/Object;IILjava/lang/Object;Ljava/util/Comparator;)I @ 48
Event: 52.254 Thread 0x0000000059864000 Uncommon trap: reason=bimorphic action=maybe_recompile pc=0x00000000026f1808 method=java.util.Arrays.binarySearch0([Ljava/lang/Object;IILjava/lang/Object;Ljava/util/Comparator;)I @ 48
Event: 52.254 Thread 0x0000000059864000 Uncommon trap: reason=bimorphic action=maybe_recompile pc=0x00000000026f1808 method=java.util.Arrays.binarySearch0([Ljava/lang/Object;IILjava/lang/Object;Ljava/util/Comparator;)I @ 48
Event: 52.409 Thread 0x000000005a002800 Uncommon trap: reason=unstable_if action=reinterpret pc=0x0000000002a8d4e0 method=java.util.concurrent.locks.ReentrantLock$Sync.nonfairTryAcquire(I)Z @ 19
Event: 55.757 Thread 0x0000000059864000 Uncommon trap: reason=unstable_if action=reinterpret pc=0x0000000003203ac8 method=com.esotericsoftware.kryo.io.Input.readVarInt(Z)I @ 42

Classes redefined (0 events):
No events

Internal exceptions (10 events):
Event: 30.375 Thread 0x00000000579a8000 Exception <a 'java/lang/NoSuchMethodError': <clinit>> (0x00000000e00763a0) thrown at [D:\src\AOSP-openjdk-cygwin\jdk8u\hotspot\src\share\vm\prims\jni.cpp, line 1614]
Event: 30.667 Thread 0x00000000579a8000 Exception <a 'java/lang/NoSuchMethodError': <clinit>> (0x00000000e09f2740) thrown at [D:\src\AOSP-openjdk-cygwin\jdk8u\hotspot\src\share\vm\prims\jni.cpp, line 1614]
Event: 30.669 Thread 0x00000000579a8000 Exception <a 'java/lang/NoSuchMethodError': <clinit>> (0x00000000e0a0a150) thrown at [D:\src\AOSP-openjdk-cygwin\jdk8u\hotspot\src\share\vm\prims\jni.cpp, line 1614]
Event: 30.670 Thread 0x00000000579a8000 Exception <a 'java/lang/NoSuchMethodError': <clinit>> (0x00000000e0a0bc68) thrown at [D:\src\AOSP-openjdk-cygwin\jdk8u\hotspot\src\share\vm\prims\jni.cpp, line 1614]
Event: 30.670 Thread 0x00000000579a8000 Exception <a 'java/lang/NoSuchMethodError': <clinit>> (0x00000000e0a0daf8) thrown at [D:\src\AOSP-openjdk-cygwin\jdk8u\hotspot\src\share\vm\prims\jni.cpp, line 1614]
Event: 30.671 Thread 0x00000000579a8000 Exception <a 'java/lang/NoSuchMethodError': <clinit>> (0x00000000e0a17938) thrown at [D:\src\AOSP-openjdk-cygwin\jdk8u\hotspot\src\share\vm\prims\jni.cpp, line 1614]
Event: 31.645 Thread 0x00000000579a8000 Exception <a 'java/lang/NoSuchMethodError': <clinit>> (0x00000000e0a382c8) thrown at [D:\src\AOSP-openjdk-cygwin\jdk8u\hotspot\src\share\vm\prims\jni.cpp, line 1614]
Event: 31.911 Thread 0x000000005a002800 Exception <a 'sun/nio/fs/WindowsException'> (0x00000000e0306e60) thrown at [D:\src\AOSP-openjdk-cygwin\jdk8u\hotspot\src\share\vm\prims\jni.cpp, line 710]
Event: 49.043 Thread 0x000000005a002800 Exception <a 'java/lang/ClassNotFoundException': com/sun/org/glassfish/hk2/osgiresourcelocator/ServiceLoader> (0x00000000e4db3368) thrown at [D:\src\AOSP-openjdk-cygwin\jdk8u\hotspot\src\share\vm\classfile\systemDictionary.cpp, line 210]
Event: 49.786 Thread 0x000000005a002800 Exception <a 'java/lang/NullPointerException'> (0x00000000e03505f8) thrown at [D:\src\AOSP-openjdk-cygwin\jdk8u\hotspot\src\share\vm\interpreter\linkResolver.cpp, line 1287]

Events (10 events):
Event: 52.409 Thread 0x000000005a002800 DEOPT UNPACKING pc=0x000000000258557b sp=0x0000000057dfb6d0 mode 2
Event: 53.408 Thread 0x000000005a002800 DEOPT PACKING pc=0x000000000344b7ac sp=0x0000000057df9d90
Event: 53.408 Thread 0x000000005a002800 DEOPT UNPACKING pc=0x00000000025871d0 sp=0x0000000057df9c48 mode 0
Event: 54.862 Thread 0x000000005ef4e800 DEOPT PACKING pc=0x0000000003586a46 sp=0x000000006472e7a0
Event: 54.862 Thread 0x000000005ef4e800 DEOPT UNPACKING pc=0x00000000025871d0 sp=0x000000006472e468 mode 0
Event: 55.476 Thread 0x000000005ef4d000 DEOPT PACKING pc=0x000000000271729b sp=0x00000000643acf20
Event: 55.476 Thread 0x000000005ef4d000 DEOPT UNPACKING pc=0x00000000025871d0 sp=0x00000000643acc48 mode 0
Event: 55.757 Thread 0x0000000059864000 Uncommon trap: trap_request=0xffffff65 fr.pc=0x0000000003203ac8
Event: 55.757 Thread 0x0000000059864000 DEOPT PACKING pc=0x0000000003203ac8 sp=0x000000006074e030
Event: 55.757 Thread 0x0000000059864000 DEOPT UNPACKING pc=0x000000000258557b sp=0x000000006074df30 mode 2


Dynamic libraries:
0x000000013f570000 - 0x000000013f5a1000 	C:\Program Files\Android\Android Studio\jre\bin\java.exe
0x0000000077af0000 - 0x0000000077c9b000 	C:\Windows\SYSTEM32\ntdll.dll
0x00000000778d0000 - 0x00000000779ef000 	C:\Windows\system32\kernel32.dll
0x000007fefdc20000 - 0x000007fefdc8b000 	C:\Windows\system32\KERNELBASE.dll
0x000007fefe8a0000 - 0x000007fefe97b000 	C:\Windows\system32\ADVAPI32.dll
0x000007fefe260000 - 0x000007fefe2ff000 	C:\Windows\system32\msvcrt.dll
0x000007feff930000 - 0x000007feff94f000 	C:\Windows\SYSTEM32\sechost.dll
0x000007feffba0000 - 0x000007feffcce000 	C:\Windows\system32\RPCRT4.dll
0x00000000779f0000 - 0x0000000077aea000 	C:\Windows\system32\USER32.dll
0x000007feff8c0000 - 0x000007feff927000 	C:\Windows\system32\GDI32.dll
0x000007fefe980000 - 0x000007fefe98e000 	C:\Windows\system32\LPK.dll
0x000007feffad0000 - 0x000007feffb9a000 	C:\Windows\system32\USP10.dll
0x000007fefc2c0000 - 0x000007fefc4b4000 	C:\Windows\WinSxS\amd64_microsoft.windows.common-controls_6595b64144ccf1df_6.0.7600.16385_none_fa645303170382f6\COMCTL32.dll
0x000007fefe760000 - 0x000007fefe7d1000 	C:\Windows\system32\SHLWAPI.dll
0x000007fefe7e0000 - 0x000007fefe80e000 	C:\Windows\system32\IMM32.DLL
0x000007fefe300000 - 0x000007fefe409000 	C:\Windows\system32\MSCTF.dll
0x0000000074ee0000 - 0x0000000074fb2000 	C:\Program Files\Android\Android Studio\jre\jre\bin\msvcr100.dll
0x000000006c8d0000 - 0x000000006d116000 	C:\Program Files\Android\Android Studio\jre\jre\bin\server\jvm.dll
0x000007fefd7e0000 - 0x000007fefd7e9000 	C:\Windows\system32\WSOCK32.dll
0x000007fefe710000 - 0x000007fefe75d000 	C:\Windows\system32\WS2_32.dll
0x000007fefe890000 - 0x000007fefe898000 	C:\Windows\system32\NSI.dll
0x000007fefbe50000 - 0x000007fefbe8b000 	C:\Windows\system32\WINMM.dll
0x000007fefc980000 - 0x000007fefc98c000 	C:\Windows\system32\VERSION.dll
0x0000000077cc0000 - 0x0000000077cc7000 	C:\Windows\system32\PSAPI.DLL
0x000007fef4cd0000 - 0x000007fef4cdf000 	C:\Program Files\Android\Android Studio\jre\jre\bin\verify.dll
0x000007fef2d30000 - 0x000007fef2d59000 	C:\Program Files\Android\Android Studio\jre\jre\bin\java.dll
0x000007fef2aa0000 - 0x000007fef2ab6000 	C:\Program Files\Android\Android Studio\jre\jre\bin\zip.dll
0x000007fefe990000 - 0x000007feff716000 	C:\Windows\system32\SHELL32.dll
0x000007fefe4b0000 - 0x000007fefe6b1000 	C:\Windows\system32\ole32.dll
0x000007fefd920000 - 0x000007fefd92f000 	C:\Windows\system32\profapi.dll
0x000007fef2a80000 - 0x000007fef2a9a000 	C:\Program Files\Android\Android Studio\jre\jre\bin\net.dll
0x000007feff950000 - 0x000007feffac8000 	C:\Windows\system32\urlmon.dll
0x000007feff740000 - 0x000007feff817000 	C:\Windows\system32\OLEAUT32.dll
0x000007fefdcb0000 - 0x000007fefde16000 	C:\Windows\system32\CRYPT32.dll
0x000007fefdaf0000 - 0x000007fefdaff000 	C:\Windows\system32\MSASN1.dll
0x000007fefde20000 - 0x000007fefe078000 	C:\Windows\system32\iertutil.dll
0x000007fefd000000 - 0x000007fefd054000 	C:\Windows\system32\mswsock.dll
0x000007fefd200000 - 0x000007fefd207000 	C:\Windows\System32\wship6.dll
0x000007fef25c0000 - 0x000007fef25d3000 	C:\Program Files\Android\Android Studio\jre\jre\bin\nio.dll
0x000007feef6a0000 - 0x000007feef6c6000 	C:\Users\hisham kilany\.gradle\native\30\windows-amd64\native-platform.dll
0x000007fef4cc0000 - 0x000007fef4ccd000 	C:\Program Files\Android\Android Studio\jre\jre\bin\management.dll
0x000007fefd1b0000 - 0x000007fefd1c7000 	C:\Windows\system32\CRYPTSP.dll
0x000007fefcd30000 - 0x000007fefcd77000 	C:\Windows\system32\rsaenh.dll
0x000007fefd930000 - 0x000007fefd94e000 	C:\Windows\system32\USERENV.dll
0x000007fefd6c0000 - 0x000007fefd6cf000 	C:\Windows\system32\CRYPTBASE.dll
0x000007fefd7b0000 - 0x000007fefd7d7000 	C:\Windows\system32\IPHLPAPI.DLL
0x000007fefd7a0000 - 0x000007fefd7ab000 	C:\Windows\system32\WINNSI.DLL
0x000007fefa890000 - 0x000007fefa8a8000 	C:\Windows\system32\dhcpcsvc.DLL
0x000007fefa870000 - 0x000007fefa881000 	C:\Windows\system32\dhcpcsvc6.DLL

VM Arguments:
jvm_args: -Xmx1536m -Dfile.encoding=windows-1256 -Duser.country=US -Duser.language=en -Duser.variant 
java_command: org.gradle.launcher.daemon.bootstrap.GradleDaemon 5.6.4
java_class_path (initial): C:\Users\hisham kilany\.gradle\wrapper\dists\gradle-5.6.4-all\ankdp27end7byghfw1q2sw75f\gradle-5.6.4\lib\gradle-launcher-5.6.4.jar
Launcher Type: SUN_STANDARD

Environment Variables:
PATH=C:\Windows\system32;C:\Windows;C:\Windows\System32\Wbem;C:\Windows\System32\WindowsPowerShell\v1.0\;C:\Program Files\Git\cmd
USERNAME=hisham kilany
OS=Windows_NT
PROCESSOR_IDENTIFIER=Intel64 Family 6 Model 58 Stepping 9, GenuineIntel



---------------  S Y S T E M  ---------------

OS: Windows 7 , 64 bit Build 7600 (6.1.7600.16385)

CPU:total 4 (initial active 4) (2 cores per cpu, 2 threads per core) family 6 model 58 stepping 9, cmov, cx8, fxsr, mmx, sse, sse2, sse3, ssse3, sse4.1, sse4.2, popcnt, aes, clmul, erms, ht, tsc, tscinvbit, tscinv

Memory: 4k page, physical 4056580k(379500k free), swap 4054676k(5232k free)

vm_info: OpenJDK 64-Bit Server VM (25.212-b04) for windows-amd64 JRE (1.8.0_212-release-1586-b04), built by "builder" with MS VC++ 10.0 (VS2010)

time: Sat Apr 25 18:08:23 2020
timezone: Egypt Standard Time
elapsed time: 56 seconds (0d 0h 0m 56s)

