#
# There is insufficient memory for the Java Runtime Environment to continue.
# Native memory allocation (malloc) failed to allocate 32744 bytes for ChunkPool::allocate
# Possible reasons:
#   The system is out of physical RAM or swap space
#   The process is running with CompressedOops enabled, and the Java Heap may be blocking the growth of the native heap
# Possible solutions:
#   Reduce memory load on the system
#   Increase physical memory or swap space
#   Check if swap backing store is full
#   Decrease Java heap size (-Xmx/-Xms)
#   Decrease number of Java threads
#   Decrease Java thread stack sizes (-Xss)
#   Set larger code cache with -XX:ReservedCodeCacheSize=
#   JVM is running with Unscaled Compressed Oops mode in which the Java heap is
#     placed in the first 4GB address space. The Java Heap base address is the
#     maximum limit for the native heap growth. Please use -XX:HeapBaseMinAddress
#     to set the Java Heap base and to place the Java Heap above 4GB virtual address.
# This output file may be truncated or incomplete.
#
#  Out of Memory Error (allocation.cpp:272), pid=4132, tid=0x0000000000001390
#
# JRE version: OpenJDK Runtime Environment (8.0_212-b04) (build 1.8.0_212-release-1586-b04)
# Java VM: OpenJDK 64-Bit Server VM (25.212-b04 mixed mode windows-amd64 compressed oops)
# Failed to write core dump. Minidumps are not enabled by default on client versions of Windows
#

---------------  T H R E A D  ---------------

Current thread (0x0000000057428800):  JavaThread "C2 CompilerThread1" daemon [_thread_in_native, id=5008, stack(0x0000000057820000,0x0000000057920000)]

Stack: [0x0000000057820000,0x0000000057920000]
[error occurred during error reporting (printing stack bounds), id 0xc0000005]

Native frames: (J=compiled Java code, j=interpreted, Vv=VM code, C=native code)


Current CompileTask:
C2:   6051 1476   !   4       java.net.URLClassLoader$1::run (63 bytes)


---------------  P R O C E S S  ---------------

Java Threads: ( => current thread )
  0x0000000059e62000 JavaThread "Cache worker for journal cache (C:\Users\hisham kilany\.gradle\caches\journal-1)" [_thread_blocked, id=4648, stack(0x000000005b810000,0x000000005b910000)]
  0x0000000059e61000 JavaThread "File lock request listener" [_thread_in_native, id=4628, stack(0x000000005c340000,0x000000005c440000)]
  0x00000000581af000 JavaThread "Cache worker for file hash cache (C:\Users\hisham kilany\.gradle\caches\5.6.4\fileHashes)" [_thread_blocked, id=4564, stack(0x000000005c110000,0x000000005c210000)]
  0x00000000581d6000 JavaThread "Thread-9" [_thread_blocked, id=2024, stack(0x000000005be00000,0x000000005bf00000)]
  0x0000000059d99800 JavaThread "Stdin handler" [_thread_blocked, id=4908, stack(0x000000005bca0000,0x000000005bda0000)]
  0x00000000581b5000 JavaThread "Asynchronous log dispatcher for DefaultDaemonConnection: socket connection from /127.0.0.1:49928 to /127.0.0.1:49929" [_thread_blocked, id=4880, stack(0x000000005ba90000,0x000000005bb90000)]
  0x0000000059d6f000 JavaThread "Daemon worker" [_thread_in_native, id=4576, stack(0x000000005b920000,0x000000005ba20000)]
  0x0000000059d6c000 JavaThread "Cancel handler" [_thread_blocked, id=4920, stack(0x000000005b710000,0x000000005b810000)]
  0x0000000059d55800 JavaThread "Handler for socket connection from /127.0.0.1:49928 to /127.0.0.1:49929" [_thread_in_native, id=2192, stack(0x000000005b3b0000,0x000000005b4b0000)]
  0x0000000059d50000 JavaThread "Daemon" [_thread_blocked, id=4560, stack(0x000000005b270000,0x000000005b370000)]
  0x0000000059d36800 JavaThread "Daemon periodic checks" [_thread_blocked, id=4508, stack(0x000000005b150000,0x000000005b250000)]
  0x0000000059d2c000 JavaThread "Incoming local TCP Connector on port 49928" [_thread_in_native, id=4284, stack(0x0000000057220000,0x0000000057320000)]
  0x0000000059c3e800 JavaThread "Daemon health stats" [_thread_blocked, id=4504, stack(0x000000005abc0000,0x000000005acc0000)]
  0x0000000057484000 JavaThread "Service Thread" daemon [_thread_blocked, id=4388, stack(0x0000000057e60000,0x0000000057f60000)]
  0x000000005742c000 JavaThread "C1 CompilerThread2" daemon [_thread_blocked, id=2860, stack(0x0000000057a20000,0x0000000057b20000)]
=>0x0000000057428800 JavaThread "C2 CompilerThread1" daemon [_thread_in_native, id=5008, stack(0x0000000057820000,0x0000000057920000)]
  0x0000000055fdf800 JavaThread "C2 CompilerThread0" daemon [_thread_in_native, id=4264, stack(0x0000000057cf0000,0x0000000057df0000)]
  0x0000000055fdd800 JavaThread "Attach Listener" daemon [_thread_blocked, id=3248, stack(0x0000000057ba0000,0x0000000057ca0000)]
  0x0000000055fdc800 JavaThread "Signal Dispatcher" daemon [_thread_blocked, id=4496, stack(0x0000000057920000,0x0000000057a20000)]
  0x0000000055fbb800 JavaThread "Finalizer" daemon [_thread_blocked, id=1192, stack(0x0000000057320000,0x0000000057420000)]
  0x0000000055fb4800 JavaThread "Reference Handler" daemon [_thread_blocked, id=228, stack(0x0000000057110000,0x0000000057210000)]
  0x0000000001e3e800 JavaThread "main" [_thread_blocked, id=2260, stack(0x00000000020b0000,0x00000000021b0000)]

Other Threads:
  0x0000000055f6d800 VMThread [stack: 0x0000000056f40000,0x0000000057040000] [id=4756]
  0x0000000057488000 WatcherThread [stack: 0x0000000058060000,0x0000000058160000] [id=4180]

VM state:not at safepoint (normal execution)

VM Mutex/Monitor currently owned by a thread: None

heap address: 0x00000000a0000000, size: 1536 MB, Compressed Oops mode: 32-bit
Narrow klass base: 0x0000000000000000, Narrow klass shift: 0
Compressed class space size: 1073741824 Address: 0x00000000155e0000

Heap:
 PSYoungGen      total 34304K, used 28926K [0x00000000e0000000, 0x00000000e2400000, 0x0000000100000000)
  eden space 31744K, 83% used [0x00000000e0000000,0x00000000e19c38d8,0x00000000e1f00000)
  from space 2560K, 99% used [0x00000000e2180000,0x00000000e23fc030,0x00000000e2400000)
  to   space 2560K, 0% used [0x00000000e1f00000,0x00000000e1f00000,0x00000000e2180000)
 ParOldGen       total 42496K, used 8128K [0x00000000a0000000, 0x00000000a2980000, 0x00000000e0000000)
  object space 42496K, 19% used [0x00000000a0000000,0x00000000a07f0178,0x00000000a2980000)
 Metaspace       used 16573K, capacity 16978K, committed 17152K, reserved 1064960K
  class space    used 2337K, capacity 2457K, committed 2560K, reserved 1048576K

Card table byte_map: [0x0000000011840000,0x0000000011b50000] byte_map_base: 0x0000000011340000

Marking Bits: (ParMarkBitMap*) 0x00000000733e9f30
 Begin Bits: [0x00000000122e0000, 0x0000000013ae0000)
 End Bits:   [0x0000000013ae0000, 0x00000000152e0000)

Polling page: 0x0000000000110000

CodeCache: size=245760Kb used=5433Kb max_used=5433Kb free=240326Kb
 bounds [0x0000000002480000, 0x00000000029e0000, 0x0000000011480000]
 total_blobs=1945 nmethods=1547 adapters=312
 compilation: enabled

Compilation events (10 events):
Event: 5.961 Thread 0x000000005742c000 1576       3       java.util.concurrent.locks.AbstractQueuedSynchronizer::isOnSyncQueue (33 bytes)
Event: 5.961 Thread 0x000000005742c000 nmethod 1576 0x00000000029c9c10 code [0x00000000029c9d80, 0x00000000029ca110]
Event: 5.987 Thread 0x000000005742c000 1577       3       java.util.HashMap::putVal (300 bytes)
Event: 5.989 Thread 0x000000005742c000 nmethod 1577 0x00000000029ca250 code [0x00000000029ca4c0, 0x00000000029cb738]
Event: 5.989 Thread 0x000000005742c000 1578       3       sun.misc.ProxyGenerator::codeLocalLoadStore (90 bytes)
Event: 5.991 Thread 0x000000005742c000 nmethod 1578 0x00000000029cbe10 code [0x00000000029cc060, 0x00000000029cd148]
Event: 5.993 Thread 0x000000005742c000 1579       3       sun.misc.ProxyGenerator$ConstantPool::getMethodRef (33 bytes)
Event: 5.995 Thread 0x000000005742c000 nmethod 1579 0x00000000029cd7d0 code [0x00000000029cda60, 0x00000000029ce7e8]
Event: 5.995 Thread 0x000000005742c000 1580       3       sun.misc.ProxyGenerator::access$900 (5 bytes)
Event: 5.995 Thread 0x000000005742c000 nmethod 1580 0x00000000029cf2d0 code [0x00000000029cf440, 0x00000000029cf6a8]

GC Heap History (10 events):
Event: 2.140 GC heap before
{Heap before GC invocations=2 (full 0):
 PSYoungGen      total 18432K, used 18231K [0x00000000e0000000, 0x00000000e1480000, 0x0000000100000000)
  eden space 15872K, 100% used [0x00000000e0000000,0x00000000e0f80000,0x00000000e0f80000)
  from space 2560K, 92% used [0x00000000e0f80000,0x00000000e11cddf8,0x00000000e1200000)
  to   space 2560K, 0% used [0x00000000e1200000,0x00000000e1200000,0x00000000e1480000)
 ParOldGen       total 42496K, used 8K [0x00000000a0000000, 0x00000000a2980000, 0x00000000e0000000)
  object space 42496K, 0% used [0x00000000a0000000,0x00000000a0002000,0x00000000a2980000)
 Metaspace       used 6763K, capacity 6960K, committed 7040K, reserved 1056768K
  class space    used 820K, capacity 876K, committed 896K, reserved 1048576K
Event: 2.171 GC heap after
Heap after GC invocations=2 (full 0):
 PSYoungGen      total 18432K, used 2550K [0x00000000e0000000, 0x00000000e2400000, 0x0000000100000000)
  eden space 15872K, 0% used [0x00000000e0000000,0x00000000e0000000,0x00000000e0f80000)
  from space 2560K, 99% used [0x00000000e1200000,0x00000000e147dbe0,0x00000000e1480000)
  to   space 2560K, 0% used [0x00000000e0f80000,0x00000000e0f80000,0x00000000e1200000)
 ParOldGen       total 42496K, used 770K [0x00000000a0000000, 0x00000000a2980000, 0x00000000e0000000)
  object space 42496K, 1% used [0x00000000a0000000,0x00000000a00c0b18,0x00000000a2980000)
 Metaspace       used 6763K, capacity 6960K, committed 7040K, reserved 1056768K
  class space    used 820K, capacity 876K, committed 896K, reserved 1048576K
}
Event: 2.402 GC heap before
{Heap before GC invocations=3 (full 0):
 PSYoungGen      total 18432K, used 18422K [0x00000000e0000000, 0x00000000e2400000, 0x0000000100000000)
  eden space 15872K, 100% used [0x00000000e0000000,0x00000000e0f80000,0x00000000e0f80000)
  from space 2560K, 99% used [0x00000000e1200000,0x00000000e147dbe0,0x00000000e1480000)
  to   space 2560K, 0% used [0x00000000e0f80000,0x00000000e0f80000,0x00000000e1200000)
 ParOldGen       total 42496K, used 770K [0x00000000a0000000, 0x00000000a2980000, 0x00000000e0000000)
  object space 42496K, 1% used [0x00000000a0000000,0x00000000a00c0b18,0x00000000a2980000)
 Metaspace       used 6792K, capacity 7024K, committed 7296K, reserved 1056768K
  class space    used 820K, capacity 876K, committed 896K, reserved 1048576K
Event: 2.406 GC heap after
Heap after GC invocations=3 (full 0):
 PSYoungGen      total 18432K, used 2112K [0x00000000e0000000, 0x00000000e2400000, 0x0000000100000000)
  eden space 15872K, 0% used [0x00000000e0000000,0x00000000e0000000,0x00000000e0f80000)
  from space 2560K, 82% used [0x00000000e0f80000,0x00000000e1190000,0x00000000e1200000)
  to   space 2560K, 0% used [0x00000000e2180000,0x00000000e2180000,0x00000000e2400000)
 ParOldGen       total 42496K, used 778K [0x00000000a0000000, 0x00000000a2980000, 0x00000000e0000000)
  object space 42496K, 1% used [0x00000000a0000000,0x00000000a00c2b18,0x00000000a2980000)
 Metaspace       used 6792K, capacity 7024K, committed 7296K, reserved 1056768K
  class space    used 820K, capacity 876K, committed 896K, reserved 1048576K
}
Event: 3.323 GC heap before
{Heap before GC invocations=4 (full 0):
 PSYoungGen      total 18432K, used 17984K [0x00000000e0000000, 0x00000000e2400000, 0x0000000100000000)
  eden space 15872K, 100% used [0x00000000e0000000,0x00000000e0f80000,0x00000000e0f80000)
  from space 2560K, 82% used [0x00000000e0f80000,0x00000000e1190000,0x00000000e1200000)
  to   space 2560K, 0% used [0x00000000e2180000,0x00000000e2180000,0x00000000e2400000)
 ParOldGen       total 42496K, used 778K [0x00000000a0000000, 0x00000000a2980000, 0x00000000e0000000)
  object space 42496K, 1% used [0x00000000a0000000,0x00000000a00c2b18,0x00000000a2980000)
 Metaspace       used 6983K, capacity 7208K, committed 7424K, reserved 1056768K
  class space    used 842K, capacity 916K, committed 1024K, reserved 1048576K
Event: 3.334 GC heap after
Heap after GC invocations=4 (full 0):
 PSYoungGen      total 34304K, used 2528K [0x00000000e0000000, 0x00000000e2400000, 0x0000000100000000)
  eden space 31744K, 0% used [0x00000000e0000000,0x00000000e0000000,0x00000000e1f00000)
  from space 2560K, 98% used [0x00000000e2180000,0x00000000e23f8020,0x00000000e2400000)
  to   space 2560K, 0% used [0x00000000e1f00000,0x00000000e1f00000,0x00000000e2180000)
 ParOldGen       total 42496K, used 1232K [0x00000000a0000000, 0x00000000a2980000, 0x00000000e0000000)
  object space 42496K, 2% used [0x00000000a0000000,0x00000000a0134030,0x00000000a2980000)
 Metaspace       used 6983K, capacity 7208K, committed 7424K, reserved 1056768K
  class space    used 842K, capacity 916K, committed 1024K, reserved 1048576K
}
Event: 4.885 GC heap before
{Heap before GC invocations=5 (full 0):
 PSYoungGen      total 34304K, used 34272K [0x00000000e0000000, 0x00000000e2400000, 0x0000000100000000)
  eden space 31744K, 100% used [0x00000000e0000000,0x00000000e1f00000,0x00000000e1f00000)
  from space 2560K, 98% used [0x00000000e2180000,0x00000000e23f8020,0x00000000e2400000)
  to   space 2560K, 0% used [0x00000000e1f00000,0x00000000e1f00000,0x00000000e2180000)
 ParOldGen       total 42496K, used 1232K [0x00000000a0000000, 0x00000000a2980000, 0x00000000e0000000)
  object space 42496K, 2% used [0x00000000a0000000,0x00000000a0134030,0x00000000a2980000)
 Metaspace       used 11889K, capacity 12230K, committed 12544K, reserved 1060864K
  class space    used 1569K, capacity 1677K, committed 1792K, reserved 1048576K
Event: 4.898 GC heap after
Heap after GC invocations=5 (full 0):
 PSYoungGen      total 34304K, used 2528K [0x00000000e0000000, 0x00000000e2400000, 0x0000000100000000)
  eden space 31744K, 0% used [0x00000000e0000000,0x00000000e0000000,0x00000000e1f00000)
  from space 2560K, 98% used [0x00000000e1f00000,0x00000000e2178020,0x00000000e2180000)
  to   space 2560K, 0% used [0x00000000e2180000,0x00000000e2180000,0x00000000e2400000)
 ParOldGen       total 42496K, used 4760K [0x00000000a0000000, 0x00000000a2980000, 0x00000000e0000000)
  object space 42496K, 11% used [0x00000000a0000000,0x00000000a04a6310,0x00000000a2980000)
 Metaspace       used 11889K, capacity 12230K, committed 12544K, reserved 1060864K
  class space    used 1569K, capacity 1677K, committed 1792K, reserved 1048576K
}
Event: 5.479 GC heap before
{Heap before GC invocations=6 (full 0):
 PSYoungGen      total 34304K, used 34272K [0x00000000e0000000, 0x00000000e2400000, 0x0000000100000000)
  eden space 31744K, 100% used [0x00000000e0000000,0x00000000e1f00000,0x00000000e1f00000)
  from space 2560K, 98% used [0x00000000e1f00000,0x00000000e2178020,0x00000000e2180000)
  to   space 2560K, 0% used [0x00000000e2180000,0x00000000e2180000,0x00000000e2400000)
 ParOldGen       total 42496K, used 4760K [0x00000000a0000000, 0x00000000a2980000, 0x00000000e0000000)
  object space 42496K, 11% used [0x00000000a0000000,0x00000000a04a6310,0x00000000a2980000)
 Metaspace       used 14441K, capacity 14758K, committed 14976K, reserved 1062912K
  class space    used 2001K, capacity 2117K, committed 2176K, reserved 1048576K
Event: 5.489 GC heap after
Heap after GC invocations=6 (full 0):
 PSYoungGen      total 34304K, used 2544K [0x00000000e0000000, 0x00000000e2400000, 0x0000000100000000)
  eden space 31744K, 0% used [0x00000000e0000000,0x00000000e0000000,0x00000000e1f00000)
  from space 2560K, 99% used [0x00000000e2180000,0x00000000e23fc030,0x00000000e2400000)
  to   space 2560K, 0% used [0x00000000e1f00000,0x00000000e1f00000,0x00000000e2180000)
 ParOldGen       total 42496K, used 8128K [0x00000000a0000000, 0x00000000a2980000, 0x00000000e0000000)
  object space 42496K, 19% used [0x00000000a0000000,0x00000000a07f0178,0x00000000a2980000)
 Metaspace       used 14441K, capacity 14758K, committed 14976K, reserved 1062912K
  class space    used 2001K, capacity 2117K, committed 2176K, reserved 1048576K
}

Deoptimization events (10 events):
Event: 4.776 Thread 0x0000000059d55800 Uncommon trap: reason=unstable_if action=reinterpret pc=0x000000000289bf10 method=java.util.concurrent.ConcurrentHashMap.putVal(Ljava/lang/Object;Ljava/lang/Object;Z)Ljava/lang/Object; @ 206
Event: 4.908 Thread 0x0000000059d6f000 Uncommon trap: reason=bimorphic action=maybe_recompile pc=0x0000000002719af4 method=java.util.HashMap.putVal(ILjava/lang/Object;Ljava/lang/Object;ZZ)Ljava/lang/Object; @ 253
Event: 4.908 Thread 0x0000000059d6f000 Uncommon trap: reason=bimorphic action=maybe_recompile pc=0x0000000002719af4 method=java.util.HashMap.putVal(ILjava/lang/Object;Ljava/lang/Object;ZZ)Ljava/lang/Object; @ 253
Event: 4.909 Thread 0x0000000059d6f000 Uncommon trap: reason=bimorphic action=maybe_recompile pc=0x0000000002719af4 method=java.util.HashMap.putVal(ILjava/lang/Object;Ljava/lang/Object;ZZ)Ljava/lang/Object; @ 253
Event: 5.281 Thread 0x0000000059d6f000 Uncommon trap: reason=class_check action=maybe_recompile pc=0x000000000277b0c8 method=java.util.regex.Matcher.match(II)Z @ 86
Event: 5.310 Thread 0x0000000059d6f000 Uncommon trap: reason=class_check action=maybe_recompile pc=0x000000000277b0c8 method=java.util.regex.Matcher.match(II)Z @ 86
Event: 5.311 Thread 0x0000000059d6f000 Uncommon trap: reason=class_check action=maybe_recompile pc=0x000000000277b0c8 method=java.util.regex.Matcher.match(II)Z @ 86
Event: 5.311 Thread 0x0000000059d6f000 Uncommon trap: reason=class_check action=maybe_recompile pc=0x00000000025f04fc method=java.util.regex.Matcher.match(II)Z @ 86
Event: 5.756 Thread 0x0000000059d6f000 Uncommon trap: reason=unstable_if action=reinterpret pc=0x000000000290aaf4 method=java.lang.String.lastIndexOf([CII[CIII)I @ 66
Event: 5.975 Thread 0x0000000059d6f000 Uncommon trap: reason=unstable_if action=reinterpret pc=0x000000000290dfa4 method=java.util.HashMap.putVal(ILjava/lang/Object;Ljava/lang/Object;ZZ)Ljava/lang/Object; @ 236

Classes redefined (0 events):
No events

Internal exceptions (10 events):
Event: 4.777 Thread 0x0000000059d55800 Exception <a 'java/lang/NoSuchMethodError': <clinit>> (0x00000000e1d24c68) thrown at [D:\src\AOSP-openjdk-cygwin\jdk8u\hotspot\src\share\vm\prims\jni.cpp, line 1614]
Event: 4.780 Thread 0x0000000059d55800 Exception <a 'java/lang/NoSuchMethodError': <clinit>> (0x00000000e1d2ea18) thrown at [D:\src\AOSP-openjdk-cygwin\jdk8u\hotspot\src\share\vm\prims\jni.cpp, line 1614]
Event: 4.783 Thread 0x0000000059d55800 Exception <a 'java/lang/NoSuchMethodError': <clinit>> (0x00000000e1d43500) thrown at [D:\src\AOSP-openjdk-cygwin\jdk8u\hotspot\src\share\vm\prims\jni.cpp, line 1614]
Event: 4.829 Thread 0x0000000059d55800 Exception <a 'java/lang/NoSuchMethodError': <clinit>> (0x00000000e1d9efa8) thrown at [D:\src\AOSP-openjdk-cygwin\jdk8u\hotspot\src\share\vm\prims\jni.cpp, line 1614]
Event: 4.842 Thread 0x0000000059d55800 Exception <a 'java/lang/NoSuchMethodError': <clinit>> (0x00000000e1dd6a90) thrown at [D:\src\AOSP-openjdk-cygwin\jdk8u\hotspot\src\share\vm\prims\jni.cpp, line 1614]
Event: 4.856 Thread 0x0000000059d55800 Exception <a 'java/lang/NoSuchMethodError': <clinit>> (0x00000000e1e0cea8) thrown at [D:\src\AOSP-openjdk-cygwin\jdk8u\hotspot\src\share\vm\prims\jni.cpp, line 1614]
Event: 4.858 Thread 0x0000000059d55800 Exception <a 'java/lang/NoSuchMethodError': <clinit>> (0x00000000e1e182b0) thrown at [D:\src\AOSP-openjdk-cygwin\jdk8u\hotspot\src\share\vm\prims\jni.cpp, line 1614]
Event: 5.695 Thread 0x0000000059d6f000 Exception <a 'java/lang/NoSuchMethodError': java.lang.Object.lambda$and$0(Ljava/util/function/Predicate;Ljava/lang/Object;)Z> (0x00000000e0e39ea0) thrown at [D:\src\AOSP-openjdk-cygwin\jdk8u\hotspot\src\share\vm\interpreter\linkResolver.cpp, line 620]
Event: 5.705 Thread 0x0000000059d6f000 Exception <a 'java/lang/IncompatibleClassChangeError': Found class java.lang.Object, but interface was expected> (0x00000000e0e50188) thrown at [D:\src\AOSP-openjdk-cygwin\jdk8u\hotspot\src\share\vm\interpreter\linkResolver.cpp, line 653]
Event: 5.710 Thread 0x0000000059d6f000 Exception <a 'java/lang/NoSuchMethodError': java.lang.Object.lambda$or$2(Ljava/util/function/Predicate;Ljava/lang/Object;)Z> (0x00000000e0e55098) thrown at [D:\src\AOSP-openjdk-cygwin\jdk8u\hotspot\src\share\vm\interpreter\linkResolver.cpp, line 620]

Events (10 events):
Event: 6.040 loading class org/objectweb/asm/ByteVector
Event: 6.040 loading class org/objectweb/asm/ByteVector done
Event: 6.043 loading class org/objectweb/asm/MethodTooLargeException
Event: 6.043 loading class org/objectweb/asm/MethodTooLargeException done
Event: 6.045 loading class org/objectweb/asm/Frame
Event: 6.045 loading class org/objectweb/asm/Frame done
Event: 6.046 loading class org/objectweb/asm/CurrentFrame
Event: 6.046 loading class org/objectweb/asm/CurrentFrame done
Event: 6.048 loading class org/objectweb/asm/Label
Event: 6.048 loading class org/objectweb/asm/Label done


Dynamic libraries:
0x000000013faf0000 - 0x000000013fb21000 	C:\Program Files\Android\Android Studio\jre\bin\java.exe
0x0000000077af0000 - 0x0000000077c9b000 	C:\Windows\SYSTEM32\ntdll.dll
0x00000000778d0000 - 0x00000000779ef000 	C:\Windows\system32\kernel32.dll
0x000007fefdc20000 - 0x000007fefdc8b000 	C:\Windows\system32\KERNELBASE.dll
0x000007fefe8a0000 - 0x000007fefe97b000 	C:\Windows\system32\ADVAPI32.dll
0x000007fefe260000 - 0x000007fefe2ff000 	C:\Windows\system32\msvcrt.dll
0x000007feff930000 - 0x000007feff94f000 	C:\Windows\SYSTEM32\sechost.dll
0x000007feffba0000 - 0x000007feffcce000 	C:\Windows\system32\RPCRT4.dll
0x00000000779f0000 - 0x0000000077aea000 	C:\Windows\system32\USER32.dll
0x000007feff8c0000 - 0x000007feff927000 	C:\Windows\system32\GDI32.dll
0x000007fefe980000 - 0x000007fefe98e000 	C:\Windows\system32\LPK.dll
0x000007feffad0000 - 0x000007feffb9a000 	C:\Windows\system32\USP10.dll
0x000007fefc2c0000 - 0x000007fefc4b4000 	C:\Windows\WinSxS\amd64_microsoft.windows.common-controls_6595b64144ccf1df_6.0.7600.16385_none_fa645303170382f6\COMCTL32.dll
0x000007fefe760000 - 0x000007fefe7d1000 	C:\Windows\system32\SHLWAPI.dll
0x000007fefe7e0000 - 0x000007fefe80e000 	C:\Windows\system32\IMM32.DLL
0x000007fefe300000 - 0x000007fefe409000 	C:\Windows\system32\MSCTF.dll
0x00000000740c0000 - 0x0000000074192000 	C:\Program Files\Android\Android Studio\jre\jre\bin\msvcr100.dll
0x0000000072c20000 - 0x0000000073466000 	C:\Program Files\Android\Android Studio\jre\jre\bin\server\jvm.dll
0x000007fefd7e0000 - 0x000007fefd7e9000 	C:\Windows\system32\WSOCK32.dll
0x000007fefe710000 - 0x000007fefe75d000 	C:\Windows\system32\WS2_32.dll
0x000007fefe890000 - 0x000007fefe898000 	C:\Windows\system32\NSI.dll
0x000007fefbe50000 - 0x000007fefbe8b000 	C:\Windows\system32\WINMM.dll
0x000007fefc980000 - 0x000007fefc98c000 	C:\Windows\system32\VERSION.dll
0x0000000077cc0000 - 0x0000000077cc7000 	C:\Windows\system32\PSAPI.DLL
0x000007fef2550000 - 0x000007fef255f000 	C:\Program Files\Android\Android Studio\jre\jre\bin\verify.dll
0x000007fef0ac0000 - 0x000007fef0ae9000 	C:\Program Files\Android\Android Studio\jre\jre\bin\java.dll
0x000007fef0820000 - 0x000007fef0836000 	C:\Program Files\Android\Android Studio\jre\jre\bin\zip.dll
0x000007fefe990000 - 0x000007feff716000 	C:\Windows\system32\SHELL32.dll
0x000007fefe4b0000 - 0x000007fefe6b1000 	C:\Windows\system32\ole32.dll
0x000007fefd920000 - 0x000007fefd92f000 	C:\Windows\system32\profapi.dll
0x000007fef0dc0000 - 0x000007fef0dda000 	C:\Program Files\Android\Android Studio\jre\jre\bin\net.dll
0x000007feff950000 - 0x000007feffac8000 	C:\Windows\system32\urlmon.dll
0x000007feff740000 - 0x000007feff817000 	C:\Windows\system32\OLEAUT32.dll
0x000007fefdcb0000 - 0x000007fefde16000 	C:\Windows\system32\CRYPT32.dll
0x000007fefdaf0000 - 0x000007fefdaff000 	C:\Windows\system32\MSASN1.dll
0x000007fefde20000 - 0x000007fefe078000 	C:\Windows\system32\iertutil.dll
0x000007fefd000000 - 0x000007fefd054000 	C:\Windows\system32\mswsock.dll
0x000007fefd200000 - 0x000007fefd207000 	C:\Windows\System32\wship6.dll
0x000007fef0da0000 - 0x000007fef0db3000 	C:\Program Files\Android\Android Studio\jre\jre\bin\nio.dll
0x000007fef2a90000 - 0x000007fef2ab6000 	C:\Users\hisham kilany\.gradle\native\30\windows-amd64\native-platform.dll
0x000007fef3020000 - 0x000007fef302d000 	C:\Program Files\Android\Android Studio\jre\jre\bin\management.dll
0x000007fefd1b0000 - 0x000007fefd1c7000 	C:\Windows\system32\CRYPTSP.dll
0x000007fefcd30000 - 0x000007fefcd77000 	C:\Windows\system32\rsaenh.dll
0x000007fefd930000 - 0x000007fefd94e000 	C:\Windows\system32\USERENV.dll
0x000007fefd6c0000 - 0x000007fefd6cf000 	C:\Windows\system32\CRYPTBASE.dll
0x000007fefd7b0000 - 0x000007fefd7d7000 	C:\Windows\system32\IPHLPAPI.DLL
0x000007fefd7a0000 - 0x000007fefd7ab000 	C:\Windows\system32\WINNSI.DLL
0x000007fefa890000 - 0x000007fefa8a8000 	C:\Windows\system32\dhcpcsvc.DLL
0x000007fefa870000 - 0x000007fefa881000 	C:\Windows\system32\dhcpcsvc6.DLL

VM Arguments:
jvm_args: -Xmx1536m -Dfile.encoding=windows-1256 -Duser.country=US -Duser.language=en -Duser.variant 
java_command: org.gradle.launcher.daemon.bootstrap.GradleDaemon 5.6.4
java_class_path (initial): C:\Users\hisham kilany\.gradle\wrapper\dists\gradle-5.6.4-all\ankdp27end7byghfw1q2sw75f\gradle-5.6.4\lib\gradle-launcher-5.6.4.jar
Launcher Type: SUN_STANDARD

Environment Variables:
PATH=C:\Windows\system32;C:\Windows;C:\Windows\System32\Wbem;C:\Windows\System32\WindowsPowerShell\v1.0\;C:\Program Files\Git\cmd
USERNAME=hisham kilany
OS=Windows_NT
PROCESSOR_IDENTIFIER=Intel64 Family 6 Model 58 Stepping 9, GenuineIntel



---------------  S Y S T E M  ---------------

OS: Windows 7 , 64 bit Build 7600 (6.1.7600.16385)

CPU:total 4 (initial active 4) (2 cores per cpu, 2 threads per core) family 6 model 58 stepping 9, cmov, cx8, fxsr, mmx, sse, sse2, sse3, ssse3, sse4.1, sse4.2, popcnt, aes, clmul, erms, ht, tsc, tscinvbit, tscinv

Memory: 4k page, physical 4056580k(467660k free), swap 4054676k(5072k free)

vm_info: OpenJDK 64-Bit Server VM (25.212-b04) for windows-amd64 JRE (1.8.0_212-release-1586-b04), built by "builder" with MS VC++ 10.0 (VS2010)

time: Sat Apr 25 18:00:39 2020
timezone: Egypt Standard Time
elapsed time: 6 seconds (0d 0h 0m 6s)

