#
# There is insufficient memory for the Java Runtime Environment to continue.
# Native memory allocation (malloc) failed to allocate 1251840 bytes for Chunk::new
# Possible reasons:
#   The system is out of physical RAM or swap space
#   The process is running with CompressedOops enabled, and the Java Heap may be blocking the growth of the native heap
# Possible solutions:
#   Reduce memory load on the system
#   Increase physical memory or swap space
#   Check if swap backing store is full
#   Decrease Java heap size (-Xmx/-Xms)
#   Decrease number of Java threads
#   Decrease Java thread stack sizes (-Xss)
#   Set larger code cache with -XX:ReservedCodeCacheSize=
#   JVM is running with Unscaled Compressed Oops mode in which the Java heap is
#     placed in the first 4GB address space. The Java Heap base address is the
#     maximum limit for the native heap growth. Please use -XX:HeapBaseMinAddress
#     to set the Java Heap base and to place the Java Heap above 4GB virtual address.
# This output file may be truncated or incomplete.
#
#  Out of Memory Error (allocation.cpp:389), pid=792, tid=0x0000000000000ec4
#
# JRE version: OpenJDK Runtime Environment (8.0_212-b04) (build 1.8.0_212-release-1586-b04)
# Java VM: OpenJDK 64-Bit Server VM (25.212-b04 mixed mode windows-amd64 compressed oops)
# Failed to write core dump. Minidumps are not enabled by default on client versions of Windows
#

---------------  T H R E A D  ---------------

Current thread (0x000000005740b800):  JavaThread "C2 CompilerThread0" daemon [_thread_in_native, id=3780, stack(0x0000000057880000,0x0000000057980000)]

Stack: [0x0000000057880000,0x0000000057980000]
[error occurred during error reporting (printing stack bounds), id 0xc0000005]

Native frames: (J=compiled Java code, j=interpreted, Vv=VM code, C=native code)


Current CompileTask:
C2:  23521 4525   !   4       com.sun.beans.TypeResolver::resolve (274 bytes)


---------------  P R O C E S S  ---------------

Java Threads: ( => current thread )
  0x000000005a07b000 JavaThread "Cache worker for Build Output Cleanup Cache (C:\Users\hisham kilany\myappliction\.gradle\buildOutputCleanup)" [_thread_blocked, id=5752, stack(0x0000000062080000,0x0000000062180000)]
  0x000000005a07a000 JavaThread "Build operations Thread 4" [_thread_blocked, id=700, stack(0x0000000062180000,0x0000000062280000)]
  0x000000005a079800 JavaThread "Build operations Thread 3" [_thread_blocked, id=980, stack(0x0000000060930000,0x0000000060a30000)]
  0x000000005a078800 JavaThread "Build operations Thread 2" [_thread_blocked, id=4752, stack(0x0000000061f60000,0x0000000062060000)]
  0x000000005a078000 JavaThread "Build operations" [_thread_blocked, id=6132, stack(0x0000000060a40000,0x0000000060b40000)]
  0x000000005a076800 JavaThread "Cache worker for execution history cache (C:\Users\hisham kilany\.gradle\caches\5.6.4\executionHistory)" [_thread_blocked, id=5996, stack(0x000000005eb30000,0x000000005ec30000)]
  0x000000005a075800 JavaThread "Cache worker for cache directory md-rule (C:\Users\hisham kilany\.gradle\caches\5.6.4\md-rule)" [_thread_blocked, id=5184, stack(0x000000005b1a0000,0x000000005b2a0000)]
  0x000000005a075000 JavaThread "Cache worker for cache directory md-supplier (C:\Users\hisham kilany\.gradle\caches\5.6.4\md-supplier)" [_thread_blocked, id=4588, stack(0x000000005b930000,0x000000005ba30000)]
  0x000000005a071000 JavaThread "Cache worker for file hash cache (C:\Users\hisham kilany\myappliction\.gradle\5.6.4\fileHashes)" [_thread_blocked, id=860, stack(0x000000005e820000,0x000000005e920000)]
  0x000000005a070800 JavaThread "Cache worker for journal cache (C:\Users\hisham kilany\.gradle\caches\journal-1)" [_thread_blocked, id=3880, stack(0x000000005c4d0000,0x000000005c5d0000)]
  0x000000005a06f800 JavaThread "File lock request listener" [_thread_in_native, id=4880, stack(0x000000005c390000,0x000000005c490000)]
  0x000000005a06f000 JavaThread "Cache worker for file hash cache (C:\Users\hisham kilany\.gradle\caches\5.6.4\fileHashes)" [_thread_blocked, id=5768, stack(0x000000005c210000,0x000000005c310000)]
  0x00000000577fc000 JavaThread "Thread-9" [_thread_blocked, id=6048, stack(0x000000005be30000,0x000000005bf30000)]
  0x0000000058489800 JavaThread "Stdin handler" [_thread_blocked, id=1076, stack(0x000000005bd10000,0x000000005be10000)]
  0x00000000584ee000 JavaThread "Asynchronous log dispatcher for DefaultDaemonConnection: socket connection from /127.0.0.1:51228 to /127.0.0.1:51229" [_thread_blocked, id=4292, stack(0x000000005bbb0000,0x000000005bcb0000)]
  0x0000000058485000 JavaThread "Daemon worker" [_thread_in_Java, id=5848, stack(0x0000000057ad0000,0x0000000057bd0000)]
  0x0000000059f61800 JavaThread "Cancel handler" [_thread_blocked, id=4132, stack(0x000000005ba40000,0x000000005bb40000)]
  0x0000000059f47000 JavaThread "Handler for socket connection from /127.0.0.1:51228 to /127.0.0.1:51229" [_thread_in_native, id=6136, stack(0x000000005b5e0000,0x000000005b6e0000)]
  0x0000000059f45800 JavaThread "Daemon" [_thread_blocked, id=5792, stack(0x0000000059b40000,0x0000000059c40000)]
  0x0000000059f2e000 JavaThread "Daemon periodic checks" [_thread_blocked, id=3512, stack(0x000000005b440000,0x000000005b540000)]
  0x0000000059f0c000 JavaThread "Incoming local TCP Connector on port 51228" [_thread_in_native, id=6080, stack(0x000000005b2a0000,0x000000005b3a0000)]
  0x00000000597f8800 JavaThread "Daemon health stats" [_thread_blocked, id=4756, stack(0x000000005ad00000,0x000000005ae00000)]
  0x000000005748e800 JavaThread "Service Thread" daemon [_thread_blocked, id=5856, stack(0x0000000058210000,0x0000000058310000)]
  0x0000000057412800 JavaThread "C1 CompilerThread2" daemon [_thread_in_vm, id=5864, stack(0x0000000057ff0000,0x00000000580f0000)]
  0x000000005610f800 JavaThread "C2 CompilerThread1" daemon [_thread_blocked, id=3556, stack(0x0000000057e40000,0x0000000057f40000)]
=>0x000000005740b800 JavaThread "C2 CompilerThread0" daemon [_thread_in_native, id=3780, stack(0x0000000057880000,0x0000000057980000)]
  0x0000000057401000 JavaThread "Attach Listener" daemon [_thread_blocked, id=3588, stack(0x0000000057bd0000,0x0000000057cd0000)]
  0x0000000057400800 JavaThread "Signal Dispatcher" daemon [_thread_blocked, id=5364, stack(0x00000000579d0000,0x0000000057ad0000)]
  0x00000000560e8000 JavaThread "Finalizer" daemon [_thread_blocked, id=3824, stack(0x0000000057300000,0x0000000057400000)]
  0x00000000560e1000 JavaThread "Reference Handler" daemon [_thread_blocked, id=5308, stack(0x0000000057100000,0x0000000057200000)]
  0x0000000001f5e800 JavaThread "main" [_thread_blocked, id=5744, stack(0x00000000021c0000,0x00000000022c0000)]

Other Threads:
  0x0000000056099800 VMThread [stack: 0x0000000057000000,0x0000000057100000] [id=5304]
  0x0000000057445800 WatcherThread [stack: 0x0000000057ce0000,0x0000000057de0000] [id=4432]

VM state:not at safepoint (normal execution)

VM Mutex/Monitor currently owned by a thread:  ([mutex/lock_event])
[0x0000000001f5cf40] CompiledIC_lock - owner thread: 0x0000000057412800

heap address: 0x00000000a0000000, size: 1536 MB, Compressed Oops mode: 32-bit
Narrow klass base: 0x0000000000000000, Narrow klass shift: 0
Compressed class space size: 1073741824 Address: 0x0000000015710000

Heap:
 PSYoungGen      total 186368K, used 17000K [0x00000000e0000000, 0x00000000ec700000, 0x0000000100000000)
  eden space 172544K, 1% used [0x00000000e0000000,0x00000000e031ec08,0x00000000ea880000)
  from space 13824K, 99% used [0x00000000ea880000,0x00000000eb5fb798,0x00000000eb600000)
  to   space 12288K, 0% used [0x00000000eb600000,0x00000000eb600000,0x00000000ec200000)
 ParOldGen       total 52736K, used 25198K [0x00000000a0000000, 0x00000000a3380000, 0x00000000e0000000)
  object space 52736K, 47% used [0x00000000a0000000,0x00000000a189bb70,0x00000000a3380000)
 Metaspace       used 49870K, capacity 51460K, committed 51752K, reserved 1093632K
  class space    used 6698K, capacity 7114K, committed 7208K, reserved 1048576K

Card table byte_map: [0x0000000011950000,0x0000000011c60000] byte_map_base: 0x0000000011450000

Marking Bits: (ParMarkBitMap*) 0x000000006c1f9f30
 Begin Bits: [0x0000000012410000, 0x0000000013c10000)
 End Bits:   [0x0000000013c10000, 0x0000000015410000)

Polling page: 0x0000000000110000

CodeCache: size=245760Kb used=15093Kb max_used=15112Kb free=230666Kb
 bounds [0x0000000002590000, 0x0000000003460000, 0x0000000011590000]
 total_blobs=5005 nmethods=4237 adapters=681
 compilation: enabled

Compilation events (10 events):
Event: 23.481 Thread 0x0000000057412800 4662       3       com.google.common.collect.SingletonImmutableList::get (11 bytes)
Event: 23.482 Thread 0x0000000057412800 nmethod 4662 0x0000000002a02650 code [0x0000000002a027e0, 0x0000000002a02b78]
Event: 23.482 Thread 0x0000000057412800 4663       3       com.google.common.collect.RegularImmutableMap::makeImmutable (44 bytes)
Event: 23.483 Thread 0x0000000057412800 nmethod 4663 0x000000000344fbd0 code [0x000000000344fd80, 0x0000000003450578]
Event: 23.483 Thread 0x0000000057412800 4664       3       java.lang.invoke.MemberName::<init> (47 bytes)
Event: 23.484 Thread 0x0000000057412800 nmethod 4664 0x0000000002ab6d50 code [0x0000000002ab6f00, 0x0000000002ab72d8]
Event: 23.488 Thread 0x0000000057412800 4665       3       java.util.ArrayList::<init> (67 bytes)
Event: 23.489 Thread 0x000000005610f800 4666       4       java.lang.reflect.Method::isBridge (16 bytes)
Event: 23.489 Thread 0x0000000057412800 nmethod 4665 0x0000000002824150 code [0x0000000002824300, 0x0000000002824838]
Event: 23.489 Thread 0x000000005610f800 nmethod 4666 0x00000000033c5dd0 code [0x00000000033c5f00, 0x00000000033c5f58]

GC Heap History (10 events):
Event: 7.331 GC heap before
{Heap before GC invocations=9 (full 1):
 PSYoungGen      total 134656K, used 5668K [0x00000000e0000000, 0x00000000e8d00000, 0x0000000100000000)
  eden space 124928K, 0% used [0x00000000e0000000,0x00000000e0000000,0x00000000e7a00000)
  from space 9728K, 58% used [0x00000000e8380000,0x00000000e8909220,0x00000000e8d00000)
  to   space 9728K, 0% used [0x00000000e7a00000,0x00000000e7a00000,0x00000000e8380000)
 ParOldGen       total 42496K, used 8301K [0x00000000a0000000, 0x00000000a2980000, 0x00000000e0000000)
  object space 42496K, 19% used [0x00000000a0000000,0x00000000a081b530,0x00000000a2980000)
 Metaspace       used 20723K, capacity 21194K, committed 21296K, reserved 1067008K
  class space    used 2988K, capacity 3136K, committed 3200K, reserved 1048576K
Event: 7.415 GC heap after
Heap after GC invocations=9 (full 1):
 PSYoungGen      total 134656K, used 0K [0x00000000e0000000, 0x00000000e8d00000, 0x0000000100000000)
  eden space 124928K, 0% used [0x00000000e0000000,0x00000000e0000000,0x00000000e7a00000)
  from space 9728K, 0% used [0x00000000e8380000,0x00000000e8380000,0x00000000e8d00000)
  to   space 9728K, 0% used [0x00000000e7a00000,0x00000000e7a00000,0x00000000e8380000)
 ParOldGen       total 33280K, used 8522K [0x00000000a0000000, 0x00000000a2080000, 0x00000000e0000000)
  object space 33280K, 25% used [0x00000000a0000000,0x00000000a0852a78,0x00000000a2080000)
 Metaspace       used 20723K, capacity 21194K, committed 21296K, reserved 1067008K
  class space    used 2988K, capacity 3136K, committed 3200K, reserved 1048576K
}
Event: 10.069 GC heap before
{Heap before GC invocations=10 (full 1):
 PSYoungGen      total 134656K, used 124928K [0x00000000e0000000, 0x00000000e8d00000, 0x0000000100000000)
  eden space 124928K, 100% used [0x00000000e0000000,0x00000000e7a00000,0x00000000e7a00000)
  from space 9728K, 0% used [0x00000000e8380000,0x00000000e8380000,0x00000000e8d00000)
  to   space 9728K, 0% used [0x00000000e7a00000,0x00000000e7a00000,0x00000000e8380000)
 ParOldGen       total 33280K, used 8522K [0x00000000a0000000, 0x00000000a2080000, 0x00000000e0000000)
  object space 33280K, 25% used [0x00000000a0000000,0x00000000a0852a78,0x00000000a2080000)
 Metaspace       used 31812K, capacity 32568K, committed 32768K, reserved 1077248K
  class space    used 4292K, capacity 4545K, committed 4608K, reserved 1048576K
Event: 10.094 GC heap after
Heap after GC invocations=10 (full 1):
 PSYoungGen      total 134656K, used 9726K [0x00000000e0000000, 0x00000000ec200000, 0x0000000100000000)
  eden space 124928K, 0% used [0x00000000e0000000,0x00000000e0000000,0x00000000e7a00000)
  from space 9728K, 99% used [0x00000000e7a00000,0x00000000e837fa10,0x00000000e8380000)
  to   space 12288K, 0% used [0x00000000eb600000,0x00000000eb600000,0x00000000ec200000)
 ParOldGen       total 33280K, used 11044K [0x00000000a0000000, 0x00000000a2080000, 0x00000000e0000000)
  object space 33280K, 33% used [0x00000000a0000000,0x00000000a0ac9390,0x00000000a2080000)
 Metaspace       used 31812K, capacity 32568K, committed 32768K, reserved 1077248K
  class space    used 4292K, capacity 4545K, committed 4608K, reserved 1048576K
}
Event: 11.157 GC heap before
{Heap before GC invocations=11 (full 1):
 PSYoungGen      total 134656K, used 76349K [0x00000000e0000000, 0x00000000ec200000, 0x0000000100000000)
  eden space 124928K, 53% used [0x00000000e0000000,0x00000000e410fcd8,0x00000000e7a00000)
  from space 9728K, 99% used [0x00000000e7a00000,0x00000000e837fa10,0x00000000e8380000)
  to   space 12288K, 0% used [0x00000000eb600000,0x00000000eb600000,0x00000000ec200000)
 ParOldGen       total 33280K, used 11044K [0x00000000a0000000, 0x00000000a2080000, 0x00000000e0000000)
  object space 33280K, 33% used [0x00000000a0000000,0x00000000a0ac9390,0x00000000a2080000)
 Metaspace       used 34713K, capacity 35438K, committed 35496K, reserved 1079296K
  class space    used 4779K, capacity 5026K, committed 5032K, reserved 1048576K
Event: 11.190 GC heap after
Heap after GC invocations=11 (full 1):
 PSYoungGen      total 184832K, used 11441K [0x00000000e0000000, 0x00000000ec700000, 0x0000000100000000)
  eden space 172544K, 0% used [0x00000000e0000000,0x00000000e0000000,0x00000000ea880000)
  from space 12288K, 93% used [0x00000000eb600000,0x00000000ec12c650,0x00000000ec200000)
  to   space 13824K, 0% used [0x00000000ea880000,0x00000000ea880000,0x00000000eb600000)
 ParOldGen       total 33280K, used 11052K [0x00000000a0000000, 0x00000000a2080000, 0x00000000e0000000)
  object space 33280K, 33% used [0x00000000a0000000,0x00000000a0acb390,0x00000000a2080000)
 Metaspace       used 34713K, capacity 35438K, committed 35496K, reserved 1079296K
  class space    used 4779K, capacity 5026K, committed 5032K, reserved 1048576K
}
Event: 11.190 GC heap before
{Heap before GC invocations=12 (full 2):
 PSYoungGen      total 184832K, used 11441K [0x00000000e0000000, 0x00000000ec700000, 0x0000000100000000)
  eden space 172544K, 0% used [0x00000000e0000000,0x00000000e0000000,0x00000000ea880000)
  from space 12288K, 93% used [0x00000000eb600000,0x00000000ec12c650,0x00000000ec200000)
  to   space 13824K, 0% used [0x00000000ea880000,0x00000000ea880000,0x00000000eb600000)
 ParOldGen       total 33280K, used 11052K [0x00000000a0000000, 0x00000000a2080000, 0x00000000e0000000)
  object space 33280K, 33% used [0x00000000a0000000,0x00000000a0acb390,0x00000000a2080000)
 Metaspace       used 34713K, capacity 35438K, committed 35496K, reserved 1079296K
  class space    used 4779K, capacity 5026K, committed 5032K, reserved 1048576K
Event: 11.280 GC heap after
Heap after GC invocations=12 (full 2):
 PSYoungGen      total 184832K, used 0K [0x00000000e0000000, 0x00000000ec700000, 0x0000000100000000)
  eden space 172544K, 0% used [0x00000000e0000000,0x00000000e0000000,0x00000000ea880000)
  from space 12288K, 0% used [0x00000000eb600000,0x00000000eb600000,0x00000000ec200000)
  to   space 13824K, 0% used [0x00000000ea880000,0x00000000ea880000,0x00000000eb600000)
 ParOldGen       total 52736K, used 18532K [0x00000000a0000000, 0x00000000a3380000, 0x00000000e0000000)
  object space 52736K, 35% used [0x00000000a0000000,0x00000000a1219270,0x00000000a3380000)
 Metaspace       used 34713K, capacity 35438K, committed 35496K, reserved 1079296K
  class space    used 4779K, capacity 5026K, committed 5032K, reserved 1048576K
}
Event: 23.412 GC heap before
{Heap before GC invocations=13 (full 2):
 PSYoungGen      total 184832K, used 172544K [0x00000000e0000000, 0x00000000ec700000, 0x0000000100000000)
  eden space 172544K, 100% used [0x00000000e0000000,0x00000000ea880000,0x00000000ea880000)
  from space 12288K, 0% used [0x00000000eb600000,0x00000000eb600000,0x00000000ec200000)
  to   space 13824K, 0% used [0x00000000ea880000,0x00000000ea880000,0x00000000eb600000)
 ParOldGen       total 52736K, used 18532K [0x00000000a0000000, 0x00000000a3380000, 0x00000000e0000000)
  object space 52736K, 35% used [0x00000000a0000000,0x00000000a1219270,0x00000000a3380000)
 Metaspace       used 49675K, capacity 51224K, committed 51368K, reserved 1093632K
  class space    used 6664K, capacity 7080K, committed 7080K, reserved 1048576K
Event: 23.455 GC heap after
Heap after GC invocations=13 (full 2):
 PSYoungGen      total 186368K, used 13805K [0x00000000e0000000, 0x00000000ec700000, 0x0000000100000000)
  eden space 172544K, 0% used [0x00000000e0000000,0x00000000e0000000,0x00000000ea880000)
  from space 13824K, 99% used [0x00000000ea880000,0x00000000eb5fb798,0x00000000eb600000)
  to   space 12288K, 0% used [0x00000000eb600000,0x00000000eb600000,0x00000000ec200000)
 ParOldGen       total 52736K, used 25198K [0x00000000a0000000, 0x00000000a3380000, 0x00000000e0000000)
  object space 52736K, 47% used [0x00000000a0000000,0x00000000a189bb70,0x00000000a3380000)
 Metaspace       used 49675K, capacity 51224K, committed 51368K, reserved 1093632K
  class space    used 6664K, capacity 7080K, committed 7080K, reserved 1048576K
}

Deoptimization events (10 events):
Event: 20.934 Thread 0x0000000058485000 Uncommon trap: reason=range_check action=make_not_entrant pc=0x00000000031e3704 method=java.lang.String.charAt(I)C @ 27
Event: 21.148 Thread 0x0000000058485000 Uncommon trap: reason=unstable_if action=reinterpret pc=0x0000000002ddbaa0 method=org.objectweb.asm.ByteVector.putUTF8(Ljava/lang/String;)Lorg/objectweb/asm/ByteVector; @ 93
Event: 22.140 Thread 0x0000000058485000 Uncommon trap: reason=unstable_if action=reinterpret pc=0x0000000003180170 method=org.gradle.internal.reflect.PropertyAccessorType.of(Ljava/lang/reflect/Method;)Lorg/gradle/internal/reflect/PropertyAccessorType; @ 56
Event: 22.487 Thread 0x0000000058485000 Uncommon trap: reason=unstable_if action=reinterpret pc=0x00000000033663f0 method=com.sun.org.apache.xerces.internal.util.SymbolTable.addSymbol([CII)Ljava/lang/String; @ 38
Event: 22.487 Thread 0x0000000058485000 Uncommon trap: reason=unstable_if action=reinterpret pc=0x00000000033646c8 method=com.sun.org.apache.xerces.internal.impl.XMLEntityScanner.skipSpaces()Z @ 72
Event: 22.613 Thread 0x0000000058485000 Uncommon trap: reason=speculate_class_check action=maybe_recompile pc=0x0000000003032ad8 method=com.google.common.collect.AbstractIndexedListIterator.next()Ljava/lang/Object; @ 27
Event: 22.614 Thread 0x0000000058485000 Uncommon trap: reason=speculate_class_check action=maybe_recompile pc=0x0000000003032ad8 method=com.google.common.collect.AbstractIndexedListIterator.next()Ljava/lang/Object; @ 27
Event: 22.614 Thread 0x0000000058485000 Uncommon trap: reason=speculate_class_check action=maybe_recompile pc=0x0000000003032ad8 method=com.google.common.collect.AbstractIndexedListIterator.next()Ljava/lang/Object; @ 27
Event: 22.614 Thread 0x0000000058485000 Uncommon trap: reason=speculate_class_check action=maybe_recompile pc=0x0000000003032ad8 method=com.google.common.collect.AbstractIndexedListIterator.next()Ljava/lang/Object; @ 27
Event: 22.635 Thread 0x0000000058485000 Uncommon trap: reason=unstable_if action=reinterpret pc=0x0000000003197458 method=org.gradle.internal.instantiation.AbstractClassGenerator$InjectionAnnotationValidator.validateMethod(Ljava/lang/reflect/Method;Lorg/gradle/internal/reflect/PropertyAccessorT

Classes redefined (0 events):
No events

Internal exceptions (10 events):
Event: 22.913 Thread 0x0000000058485000 Exception <a 'java/lang/ClassNotFoundException': org/gradle/api/internal/file/CompositeFileCollectionBeanInfo> (0x00000000e9e84598) thrown at [D:\src\AOSP-openjdk-cygwin\jdk8u\hotspot\src\share\vm\classfile\systemDictionary.cpp, line 210]
Event: 22.914 Thread 0x0000000058485000 Exception <a 'java/lang/ClassNotFoundException': org/gradle/api/internal/file/AbstractFileCollectionBeanInfo> (0x00000000e9ec13e0) thrown at [D:\src\AOSP-openjdk-cygwin\jdk8u\hotspot\src\share\vm\classfile\systemDictionary.cpp, line 210]
Event: 22.916 Thread 0x0000000058485000 Exception <a 'java/lang/ClassNotFoundException': org/gradle/api/internal/file/AbstractFileCollectionCustomizer> (0x00000000e9efec70) thrown at [D:\src\AOSP-openjdk-cygwin\jdk8u\hotspot\src\share\vm\classfile\systemDictionary.cpp, line 210]
Event: 22.921 Thread 0x0000000058485000 Exception <a 'java/lang/ClassNotFoundException': org/gradle/api/internal/file/CompositeFileCollectionCustomizer> (0x00000000e9f4c5e0) thrown at [D:\src\AOSP-openjdk-cygwin\jdk8u\hotspot\src\share\vm\classfile\systemDictionary.cpp, line 210]
Event: 22.923 Thread 0x0000000058485000 Exception <a 'java/lang/ClassNotFoundException': org/gradle/api/internal/file/CompositeFileTreeCustomizer> (0x00000000e9f96e70) thrown at [D:\src\AOSP-openjdk-cygwin\jdk8u\hotspot\src\share\vm\classfile\systemDictionary.cpp, line 210]
Event: 22.926 Thread 0x0000000058485000 Exception <a 'java/lang/ClassNotFoundException': org/gradle/api/internal/file/collections/DefaultConfigurableFileTreeCustomizer> (0x00000000e9febcf8) thrown at [D:\src\AOSP-openjdk-cygwin\jdk8u\hotspot\src\share\vm\classfile\systemDictionary.cpp, line 210
Event: 23.491 Thread 0x0000000058485000 Exception <a 'java/lang/ClassNotFoundException': org/gradle/api/plugins/internal/DefaultBasePluginConventionBeanInfo> (0x00000000e01a1a50) thrown at [D:\src\AOSP-openjdk-cygwin\jdk8u\hotspot\src\share\vm\classfile\systemDictionary.cpp, line 210]
Event: 23.492 Thread 0x0000000058485000 Exception <a 'java/lang/ClassNotFoundException': org/gradle/api/plugins/BasePluginConventionBeanInfo> (0x00000000e01cc110) thrown at [D:\src\AOSP-openjdk-cygwin\jdk8u\hotspot\src\share\vm\classfile\systemDictionary.cpp, line 210]
Event: 23.493 Thread 0x0000000058485000 Exception <a 'java/lang/ClassNotFoundException': org/gradle/api/plugins/BasePluginConventionCustomizer> (0x00000000e01f6eb0) thrown at [D:\src\AOSP-openjdk-cygwin\jdk8u\hotspot\src\share\vm\classfile\systemDictionary.cpp, line 210]
Event: 23.496 Thread 0x0000000058485000 Exception <a 'java/lang/ClassNotFoundException': org/gradle/api/plugins/internal/DefaultBasePluginConventionCustomizer> (0x00000000e023bc20) thrown at [D:\src\AOSP-openjdk-cygwin\jdk8u\hotspot\src\share\vm\classfile\systemDictionary.cpp, line 210]

Events (10 events):
Event: 23.515 loading class com/android/build/gradle/internal/variant/BaseVariantData$DiscoverableFilterType$3
Event: 23.515 loading class com/android/build/gradle/internal/variant/BaseVariantData$DiscoverableFilterType$3 done
Event: 23.516 loading class com/android/build/VariantOutput$FilterType
Event: 23.516 loading class com/android/build/VariantOutput$FilterType done
Event: 23.516 Executing VM operation: RevokeBias
Event: 23.516 Executing VM operation: RevokeBias done
Event: 23.517 loading class com/android/build/gradle/internal/variant/BaseVariantData$1
Event: 23.517 loading class com/android/build/gradle/internal/variant/BaseVariantData$1 done
Event: 23.517 loading class com/android/build/gradle/internal/variant/ApplicationVariantFactory$1
Event: 23.517 loading class com/android/build/gradle/internal/variant/ApplicationVariantFactory$1 done


Dynamic libraries:
0x000000013f1f0000 - 0x000000013f221000 	C:\Program Files\Android\Android Studio\jre\bin\java.exe
0x0000000077af0000 - 0x0000000077c9b000 	C:\Windows\SYSTEM32\ntdll.dll
0x00000000778d0000 - 0x00000000779ef000 	C:\Windows\system32\kernel32.dll
0x000007fefdc20000 - 0x000007fefdc8b000 	C:\Windows\system32\KERNELBASE.dll
0x000007fefe8a0000 - 0x000007fefe97b000 	C:\Windows\system32\ADVAPI32.dll
0x000007fefe260000 - 0x000007fefe2ff000 	C:\Windows\system32\msvcrt.dll
0x000007feff930000 - 0x000007feff94f000 	C:\Windows\SYSTEM32\sechost.dll
0x000007feffba0000 - 0x000007feffcce000 	C:\Windows\system32\RPCRT4.dll
0x00000000779f0000 - 0x0000000077aea000 	C:\Windows\system32\USER32.dll
0x000007feff8c0000 - 0x000007feff927000 	C:\Windows\system32\GDI32.dll
0x000007fefe980000 - 0x000007fefe98e000 	C:\Windows\system32\LPK.dll
0x000007feffad0000 - 0x000007feffb9a000 	C:\Windows\system32\USP10.dll
0x000007fefc2c0000 - 0x000007fefc4b4000 	C:\Windows\WinSxS\amd64_microsoft.windows.common-controls_6595b64144ccf1df_6.0.7600.16385_none_fa645303170382f6\COMCTL32.dll
0x000007fefe760000 - 0x000007fefe7d1000 	C:\Windows\system32\SHLWAPI.dll
0x000007fefe7e0000 - 0x000007fefe80e000 	C:\Windows\system32\IMM32.DLL
0x000007fefe300000 - 0x000007fefe409000 	C:\Windows\system32\MSCTF.dll
0x00000000740c0000 - 0x0000000074192000 	C:\Program Files\Android\Android Studio\jre\jre\bin\msvcr100.dll
0x000000006ba30000 - 0x000000006c276000 	C:\Program Files\Android\Android Studio\jre\jre\bin\server\jvm.dll
0x000007fefd7e0000 - 0x000007fefd7e9000 	C:\Windows\system32\WSOCK32.dll
0x000007fefe710000 - 0x000007fefe75d000 	C:\Windows\system32\WS2_32.dll
0x000007fefe890000 - 0x000007fefe898000 	C:\Windows\system32\NSI.dll
0x000007fefbe50000 - 0x000007fefbe8b000 	C:\Windows\system32\WINMM.dll
0x000007fefc980000 - 0x000007fefc98c000 	C:\Windows\system32\VERSION.dll
0x0000000077cc0000 - 0x0000000077cc7000 	C:\Windows\system32\PSAPI.DLL
0x000007fefb670000 - 0x000007fefb67f000 	C:\Program Files\Android\Android Studio\jre\jre\bin\verify.dll
0x000007fef2a90000 - 0x000007fef2ab9000 	C:\Program Files\Android\Android Studio\jre\jre\bin\java.dll
0x000007fef25c0000 - 0x000007fef25d6000 	C:\Program Files\Android\Android Studio\jre\jre\bin\zip.dll
0x000007fefe990000 - 0x000007feff716000 	C:\Windows\system32\SHELL32.dll
0x000007fefe4b0000 - 0x000007fefe6b1000 	C:\Windows\system32\ole32.dll
0x000007fefd920000 - 0x000007fefd92f000 	C:\Windows\system32\profapi.dll
0x000007fef2520000 - 0x000007fef253a000 	C:\Program Files\Android\Android Studio\jre\jre\bin\net.dll
0x000007feff950000 - 0x000007feffac8000 	C:\Windows\system32\urlmon.dll
0x000007feff740000 - 0x000007feff817000 	C:\Windows\system32\OLEAUT32.dll
0x000007fefdcb0000 - 0x000007fefde16000 	C:\Windows\system32\CRYPT32.dll
0x000007fefdaf0000 - 0x000007fefdaff000 	C:\Windows\system32\MSASN1.dll
0x000007fefde20000 - 0x000007fefe078000 	C:\Windows\system32\iertutil.dll
0x000007fefd000000 - 0x000007fefd054000 	C:\Windows\system32\mswsock.dll
0x000007fefd200000 - 0x000007fefd207000 	C:\Windows\System32\wship6.dll
0x000007fef2500000 - 0x000007fef2513000 	C:\Program Files\Android\Android Studio\jre\jre\bin\nio.dll
0x000007fef0b00000 - 0x000007fef0b26000 	C:\Users\hisham kilany\.gradle\native\30\windows-amd64\native-platform.dll
0x000007fef7d00000 - 0x000007fef7d0d000 	C:\Program Files\Android\Android Studio\jre\jre\bin\management.dll
0x000007fefd1b0000 - 0x000007fefd1c7000 	C:\Windows\system32\CRYPTSP.dll
0x000007fefcd30000 - 0x000007fefcd77000 	C:\Windows\system32\rsaenh.dll
0x000007fefd930000 - 0x000007fefd94e000 	C:\Windows\system32\USERENV.dll
0x000007fefd6c0000 - 0x000007fefd6cf000 	C:\Windows\system32\CRYPTBASE.dll
0x000007fefd7b0000 - 0x000007fefd7d7000 	C:\Windows\system32\IPHLPAPI.DLL
0x000007fefd7a0000 - 0x000007fefd7ab000 	C:\Windows\system32\WINNSI.DLL
0x000007fefa890000 - 0x000007fefa8a8000 	C:\Windows\system32\dhcpcsvc.DLL
0x000007fefa870000 - 0x000007fefa881000 	C:\Windows\system32\dhcpcsvc6.DLL

VM Arguments:
jvm_args: -Xmx1536m -Dfile.encoding=windows-1256 -Duser.country=US -Duser.language=en -Duser.variant 
java_command: org.gradle.launcher.daemon.bootstrap.GradleDaemon 5.6.4
java_class_path (initial): C:\Users\hisham kilany\.gradle\wrapper\dists\gradle-5.6.4-all\ankdp27end7byghfw1q2sw75f\gradle-5.6.4\lib\gradle-launcher-5.6.4.jar
Launcher Type: SUN_STANDARD

Environment Variables:
PATH=C:\Windows\system32;C:\Windows;C:\Windows\System32\Wbem;C:\Windows\System32\WindowsPowerShell\v1.0\;C:\Program Files\Git\cmd
USERNAME=hisham kilany
OS=Windows_NT
PROCESSOR_IDENTIFIER=Intel64 Family 6 Model 58 Stepping 9, GenuineIntel



---------------  S Y S T E M  ---------------

OS: Windows 7 , 64 bit Build 7600 (6.1.7600.16385)

CPU:total 4 (initial active 4) (2 cores per cpu, 2 threads per core) family 6 model 58 stepping 9, cmov, cx8, fxsr, mmx, sse, sse2, sse3, ssse3, sse4.1, sse4.2, popcnt, aes, clmul, erms, ht, tsc, tscinvbit, tscinv

Memory: 4k page, physical 4056580k(437548k free), swap 4054676k(5608k free)

vm_info: OpenJDK 64-Bit Server VM (25.212-b04) for windows-amd64 JRE (1.8.0_212-release-1586-b04), built by "builder" with MS VC++ 10.0 (VS2010)

time: Sat Apr 25 18:23:46 2020
timezone: Egypt Standard Time
elapsed time: 23 seconds (0d 0h 0m 23s)

