#
# There is insufficient memory for the Java Runtime Environment to continue.
# Native memory allocation (malloc) failed to allocate 1510000 bytes for Chunk::new
# Possible reasons:
#   The system is out of physical RAM or swap space
#   The process is running with CompressedOops enabled, and the Java Heap may be blocking the growth of the native heap
# Possible solutions:
#   Reduce memory load on the system
#   Increase physical memory or swap space
#   Check if swap backing store is full
#   Decrease Java heap size (-Xmx/-Xms)
#   Decrease number of Java threads
#   Decrease Java thread stack sizes (-Xss)
#   Set larger code cache with -XX:ReservedCodeCacheSize=
#   JVM is running with Unscaled Compressed Oops mode in which the Java heap is
#     placed in the first 4GB address space. The Java Heap base address is the
#     maximum limit for the native heap growth. Please use -XX:HeapBaseMinAddress
#     to set the Java Heap base and to place the Java Heap above 4GB virtual address.
# This output file may be truncated or incomplete.
#
#  Out of Memory Error (allocation.cpp:389), pid=5612, tid=0x00000000000009c0
#
# JRE version: OpenJDK Runtime Environment (8.0_212-b04) (build 1.8.0_212-release-1586-b04)
# Java VM: OpenJDK 64-Bit Server VM (25.212-b04 mixed mode windows-amd64 compressed oops)
# Failed to write core dump. Minidumps are not enabled by default on client versions of Windows
#

---------------  T H R E A D  ---------------

Current thread (0x0000000055f9c000):  JavaThread "C2 CompilerThread1" daemon [_thread_in_native, id=2496, stack(0x0000000057eb0000,0x0000000057fb0000)]

Stack: [0x0000000057eb0000,0x0000000057fb0000]
[error occurred during error reporting (printing stack bounds), id 0xc0000005]

Native frames: (J=compiled Java code, j=interpreted, Vv=VM code, C=native code)


Current CompileTask:
C2:  25507 4961       4       com.sun.beans.TypeResolver::resolve (37 bytes)


---------------  P R O C E S S  ---------------

Java Threads: ( => current thread )
  0x000000005a14c000 JavaThread "Cache worker for Build Output Cleanup Cache (C:\Users\hisham kilany\myappliction\.gradle\buildOutputCleanup)" [_thread_blocked, id=5764, stack(0x0000000062790000,0x0000000062890000)]
  0x000000005a14b000 JavaThread "Build operations Thread 4" [_thread_blocked, id=5212, stack(0x000000005c360000,0x000000005c460000)]
  0x000000005a14a800 JavaThread "Build operations Thread 3" [_thread_blocked, id=5148, stack(0x0000000061fc0000,0x00000000620c0000)]
  0x000000005a149800 JavaThread "Build operations Thread 2" [_thread_blocked, id=1112, stack(0x0000000061d50000,0x0000000061e50000)]
  0x000000005a149000 JavaThread "Build operations" [_thread_blocked, id=5336, stack(0x0000000061e50000,0x0000000061f50000)]
  0x000000005a147800 JavaThread "Cache worker for execution history cache (C:\Users\hisham kilany\.gradle\caches\5.6.4\executionHistory)" [_thread_blocked, id=5804, stack(0x0000000061120000,0x0000000061220000)]
  0x000000005a146800 JavaThread "Cache worker for cache directory md-rule (C:\Users\hisham kilany\.gradle\caches\5.6.4\md-rule)" [_thread_blocked, id=5368, stack(0x0000000061250000,0x0000000061350000)]
  0x000000005a146000 JavaThread "Cache worker for cache directory md-supplier (C:\Users\hisham kilany\.gradle\caches\5.6.4\md-supplier)" [_thread_blocked, id=5372, stack(0x000000005e910000,0x000000005ea10000)]
  0x000000005a142000 JavaThread "Cache worker for file hash cache (C:\Users\hisham kilany\myappliction\.gradle\5.6.4\fileHashes)" [_thread_blocked, id=5360, stack(0x0000000057820000,0x0000000057920000)]
  0x000000005a141800 JavaThread "Cache worker for journal cache (C:\Users\hisham kilany\.gradle\caches\journal-1)" [_thread_blocked, id=5356, stack(0x000000005c470000,0x000000005c570000)]
  0x000000005a140800 JavaThread "File lock request listener" [_thread_in_native, id=5352, stack(0x000000005c250000,0x000000005c350000)]
  0x000000005a140000 JavaThread "Cache worker for file hash cache (C:\Users\hisham kilany\.gradle\caches\5.6.4\fileHashes)" [_thread_blocked, id=5152, stack(0x000000005bad0000,0x000000005bbd0000)]
  0x0000000059db3000 JavaThread "Thread-9" [_thread_blocked, id=5340, stack(0x000000005bf20000,0x000000005c020000)]
  0x0000000059dac000 JavaThread "Stdin handler" [_thread_blocked, id=5332, stack(0x000000005bde0000,0x000000005bee0000)]
  0x0000000059da9800 JavaThread "Asynchronous log dispatcher for DefaultDaemonConnection: socket connection from /127.0.0.1:51126 to /127.0.0.1:51127" [_thread_blocked, id=5328, stack(0x000000005bc30000,0x000000005bd30000)]
  0x0000000059e12800 JavaThread "Daemon worker" [_thread_in_vm, id=1016, stack(0x000000005b7f0000,0x000000005b8f0000)]
  0x0000000059d7e800 JavaThread "Cancel handler" [_thread_blocked, id=5240, stack(0x000000005b990000,0x000000005ba90000)]
  0x0000000059ea4800 JavaThread "Handler for socket connection from /127.0.0.1:51126 to /127.0.0.1:51127" [_thread_in_native, id=5904, stack(0x000000005b320000,0x000000005b420000)]
  0x0000000059ea2800 JavaThread "Daemon" [_thread_blocked, id=5780, stack(0x000000005b4c0000,0x000000005b5c0000)]
  0x0000000059e7a800 JavaThread "Daemon periodic checks" [_thread_blocked, id=4508, stack(0x000000005b220000,0x000000005b320000)]
  0x0000000059e69800 JavaThread "Incoming local TCP Connector on port 51126" [_thread_in_native, id=3476, stack(0x0000000059b30000,0x0000000059c30000)]
  0x0000000059d56800 JavaThread "Daemon health stats" [_thread_blocked, id=3832, stack(0x000000005ad40000,0x000000005ae40000)]
  0x00000000574a9000 JavaThread "Service Thread" daemon [_thread_blocked, id=5284, stack(0x0000000057a50000,0x0000000057b50000)]
  0x0000000057435000 JavaThread "C1 CompilerThread2" daemon [_thread_blocked, id=5280, stack(0x0000000057fc0000,0x00000000580c0000)]
=>0x0000000055f9c000 JavaThread "C2 CompilerThread1" daemon [_thread_in_native, id=2496, stack(0x0000000057eb0000,0x0000000057fb0000)]
  0x0000000057428000 JavaThread "C2 CompilerThread0" daemon [_thread_in_native, id=5244, stack(0x0000000057cf0000,0x0000000057df0000)]
  0x0000000057421000 JavaThread "Attach Listener" daemon [_thread_blocked, id=5232, stack(0x0000000057bd0000,0x0000000057cd0000)]
  0x0000000057420800 JavaThread "Signal Dispatcher" daemon [_thread_blocked, id=5264, stack(0x0000000057930000,0x0000000057a30000)]
  0x0000000055f78000 JavaThread "Finalizer" daemon [_thread_blocked, id=5248, stack(0x00000000571a0000,0x00000000572a0000)]
  0x0000000055f71000 JavaThread "Reference Handler" daemon [_thread_blocked, id=4152, stack(0x0000000057320000,0x0000000057420000)]
  0x000000000204e800 JavaThread "main" [_thread_blocked, id=5292, stack(0x00000000020d0000,0x00000000021d0000)]

Other Threads:
  0x0000000055f29800 VMThread [stack: 0x0000000057080000,0x0000000057180000] [id=5896]
  0x0000000057468000 WatcherThread [stack: 0x00000000581a0000,0x00000000582a0000] [id=5296]

VM state:not at safepoint (normal execution)

VM Mutex/Monitor currently owned by a thread: None

heap address: 0x00000000a0000000, size: 1536 MB, Compressed Oops mode: 32-bit
Narrow klass base: 0x0000000000000000, Narrow klass shift: 0
Compressed class space size: 1073741824 Address: 0x00000000155a0000

Heap:
 PSYoungGen      total 240128K, used 37444K [0x00000000e0000000, 0x00000000efc00000, 0x0000000100000000)
  eden space 226304K, 10% used [0x00000000e0000000,0x00000000e1715c68,0x00000000edd00000)
  from space 13824K, 99% used [0x00000000edd00000,0x00000000eea7b508,0x00000000eea80000)
  to   space 14336K, 0% used [0x00000000eea80000,0x00000000eea80000,0x00000000ef880000)
 ParOldGen       total 45568K, used 25680K [0x00000000a0000000, 0x00000000a2c80000, 0x00000000e0000000)
  object space 45568K, 56% used [0x00000000a0000000,0x00000000a1914358,0x00000000a2c80000)
 Metaspace       used 53026K, capacity 54544K, committed 54784K, reserved 1097728K
  class space    used 6992K, capacity 7370K, committed 7424K, reserved 1048576K

Card table byte_map: [0x00000000118e0000,0x0000000011bf0000] byte_map_base: 0x00000000113e0000

Marking Bits: (ParMarkBitMap*) 0x000000006c1f9f30
 Begin Bits: [0x00000000122a0000, 0x0000000013aa0000)
 End Bits:   [0x0000000013aa0000, 0x00000000152a0000)

Polling page: 0x0000000000210000

CodeCache: size=245760Kb used=16851Kb max_used=16851Kb free=228908Kb
 bounds [0x0000000002520000, 0x00000000035b0000, 0x0000000011520000]
 total_blobs=5453 nmethods=4660 adapters=705
 compilation: enabled

Compilation events (10 events):
Event: 25.494 Thread 0x0000000057435000 5088       1       com.android.build.gradle.internal.publishing.OutputSpecImpl::getPublishedConfigTypes (5 bytes)
Event: 25.494 Thread 0x0000000057435000 nmethod 5088 0x000000000359e250 code [0x000000000359e3a0, 0x000000000359e4b0]
Event: 25.497 Thread 0x0000000057435000 5089       1       com.google.common.collect.SingletonImmutableList::size (2 bytes)
Event: 25.497 Thread 0x0000000057435000 nmethod 5089 0x000000000359e510 code [0x000000000359e660, 0x000000000359e770]
Event: 25.499 Thread 0x0000000057435000 5091       3       com.google.common.collect.ImmutableList::hashCode (42 bytes)
Event: 25.499 Thread 0x0000000057435000 nmethod 5091 0x000000000359e7d0 code [0x000000000359e960, 0x000000000359edc8]
Event: 25.499 Thread 0x0000000057435000 5090       3       com.android.build.gradle.internal.publishing.OutputSpecImpl::hashCode (57 bytes)
Event: 25.500 Thread 0x0000000057435000 nmethod 5090 0x000000000359ef50 code [0x000000000359f100, 0x000000000359f7a8]
Event: 25.500 Thread 0x0000000057435000 5092       3       com.google.common.collect.SingletonImmutableList::get (11 bytes)
Event: 25.501 Thread 0x0000000057435000 nmethod 5092 0x000000000359f950 code [0x000000000359fae0, 0x000000000359fe78]

GC Heap History (10 events):
Event: 8.230 GC heap before
{Heap before GC invocations=7 (full 1):
 PSYoungGen      total 135168K, used 7787K [0x00000000e0000000, 0x00000000e9000000, 0x0000000100000000)
  eden space 125952K, 0% used [0x00000000e0000000,0x00000000e0000000,0x00000000e7b00000)
  from space 9216K, 84% used [0x00000000e8500000,0x00000000e8c9af90,0x00000000e8e00000)
  to   space 10240K, 0% used [0x00000000e7b00000,0x00000000e7b00000,0x00000000e8500000)
 ParOldGen       total 42496K, used 11292K [0x00000000a0000000, 0x00000000a2980000, 0x00000000e0000000)
  object space 42496K, 26% used [0x00000000a0000000,0x00000000a0b07020,0x00000000a2980000)
 Metaspace       used 20725K, capacity 21206K, committed 21296K, reserved 1067008K
  class space    used 2994K, capacity 3136K, committed 3200K, reserved 1048576K
Event: 8.350 GC heap after
Heap after GC invocations=7 (full 1):
 PSYoungGen      total 135168K, used 0K [0x00000000e0000000, 0x00000000e9000000, 0x0000000100000000)
  eden space 125952K, 0% used [0x00000000e0000000,0x00000000e0000000,0x00000000e7b00000)
  from space 9216K, 0% used [0x00000000e8500000,0x00000000e8500000,0x00000000e8e00000)
  to   space 10240K, 0% used [0x00000000e7b00000,0x00000000e7b00000,0x00000000e8500000)
 ParOldGen       total 42496K, used 17045K [0x00000000a0000000, 0x00000000a2980000, 0x00000000e0000000)
  object space 42496K, 40% used [0x00000000a0000000,0x00000000a10a54b0,0x00000000a2980000)
 Metaspace       used 20725K, capacity 21206K, committed 21296K, reserved 1067008K
  class space    used 2994K, capacity 3136K, committed 3200K, reserved 1048576K
}
Event: 11.702 GC heap before
{Heap before GC invocations=8 (full 1):
 PSYoungGen      total 135168K, used 125952K [0x00000000e0000000, 0x00000000e9000000, 0x0000000100000000)
  eden space 125952K, 100% used [0x00000000e0000000,0x00000000e7b00000,0x00000000e7b00000)
  from space 9216K, 0% used [0x00000000e8500000,0x00000000e8500000,0x00000000e8e00000)
  to   space 10240K, 0% used [0x00000000e7b00000,0x00000000e7b00000,0x00000000e8500000)
 ParOldGen       total 42496K, used 17045K [0x00000000a0000000, 0x00000000a2980000, 0x00000000e0000000)
  object space 42496K, 40% used [0x00000000a0000000,0x00000000a10a54b0,0x00000000a2980000)
 Metaspace       used 33313K, capacity 33980K, committed 34176K, reserved 1079296K
  class space    used 4477K, capacity 4692K, committed 4736K, reserved 1048576K
Event: 11.739 GC heap after
Heap after GC invocations=8 (full 1):
 PSYoungGen      total 136192K, used 10231K [0x00000000e0000000, 0x00000000ef880000, 0x0000000100000000)
  eden space 125952K, 0% used [0x00000000e0000000,0x00000000e0000000,0x00000000e7b00000)
  from space 10240K, 99% used [0x00000000e7b00000,0x00000000e84fdef8,0x00000000e8500000)
  to   space 14336K, 0% used [0x00000000eea80000,0x00000000eea80000,0x00000000ef880000)
 ParOldGen       total 42496K, used 21009K [0x00000000a0000000, 0x00000000a2980000, 0x00000000e0000000)
  object space 42496K, 49% used [0x00000000a0000000,0x00000000a1484540,0x00000000a2980000)
 Metaspace       used 33313K, capacity 33980K, committed 34176K, reserved 1079296K
  class space    used 4477K, capacity 4692K, committed 4736K, reserved 1048576K
}
Event: 12.117 GC heap before
{Heap before GC invocations=9 (full 1):
 PSYoungGen      total 136192K, used 32742K [0x00000000e0000000, 0x00000000ef880000, 0x0000000100000000)
  eden space 125952K, 17% used [0x00000000e0000000,0x00000000e15fbb00,0x00000000e7b00000)
  from space 10240K, 99% used [0x00000000e7b00000,0x00000000e84fdef8,0x00000000e8500000)
  to   space 14336K, 0% used [0x00000000eea80000,0x00000000eea80000,0x00000000ef880000)
 ParOldGen       total 42496K, used 21009K [0x00000000a0000000, 0x00000000a2980000, 0x00000000e0000000)
  object space 42496K, 49% used [0x00000000a0000000,0x00000000a1484540,0x00000000a2980000)
 Metaspace       used 34647K, capacity 35436K, committed 35496K, reserved 1079296K
  class space    used 4575K, capacity 4811K, committed 4864K, reserved 1048576K
Event: 12.165 GC heap after
Heap after GC invocations=9 (full 1):
 PSYoungGen      total 240640K, used 7881K [0x00000000e0000000, 0x00000000efc00000, 0x0000000100000000)
  eden space 226304K, 0% used [0x00000000e0000000,0x00000000e0000000,0x00000000edd00000)
  from space 14336K, 54% used [0x00000000eea80000,0x00000000ef232580,0x00000000ef880000)
  to   space 13824K, 0% used [0x00000000edd00000,0x00000000edd00000,0x00000000eea80000)
 ParOldGen       total 42496K, used 21017K [0x00000000a0000000, 0x00000000a2980000, 0x00000000e0000000)
  object space 42496K, 49% used [0x00000000a0000000,0x00000000a1486540,0x00000000a2980000)
 Metaspace       used 34647K, capacity 35436K, committed 35496K, reserved 1079296K
  class space    used 4575K, capacity 4811K, committed 4864K, reserved 1048576K
}
Event: 12.165 GC heap before
{Heap before GC invocations=10 (full 2):
 PSYoungGen      total 240640K, used 7881K [0x00000000e0000000, 0x00000000efc00000, 0x0000000100000000)
  eden space 226304K, 0% used [0x00000000e0000000,0x00000000e0000000,0x00000000edd00000)
  from space 14336K, 54% used [0x00000000eea80000,0x00000000ef232580,0x00000000ef880000)
  to   space 13824K, 0% used [0x00000000edd00000,0x00000000edd00000,0x00000000eea80000)
 ParOldGen       total 42496K, used 21017K [0x00000000a0000000, 0x00000000a2980000, 0x00000000e0000000)
  object space 42496K, 49% used [0x00000000a0000000,0x00000000a1486540,0x00000000a2980000)
 Metaspace       used 34647K, capacity 35436K, committed 35496K, reserved 1079296K
  class space    used 4575K, capacity 4811K, committed 4864K, reserved 1048576K
Event: 12.261 GC heap after
Heap after GC invocations=10 (full 2):
 PSYoungGen      total 240640K, used 0K [0x00000000e0000000, 0x00000000efc00000, 0x0000000100000000)
  eden space 226304K, 0% used [0x00000000e0000000,0x00000000e0000000,0x00000000edd00000)
  from space 14336K, 0% used [0x00000000eea80000,0x00000000eea80000,0x00000000ef880000)
  to   space 13824K, 0% used [0x00000000edd00000,0x00000000edd00000,0x00000000eea80000)
 ParOldGen       total 45568K, used 15151K [0x00000000a0000000, 0x00000000a2c80000, 0x00000000e0000000)
  object space 45568K, 33% used [0x00000000a0000000,0x00000000a0ecbc50,0x00000000a2c80000)
 Metaspace       used 34601K, capacity 35332K, committed 35496K, reserved 1079296K
  class space    used 4564K, capacity 4799K, committed 4864K, reserved 1048576K
}
Event: 24.885 GC heap before
{Heap before GC invocations=11 (full 2):
 PSYoungGen      total 240640K, used 226304K [0x00000000e0000000, 0x00000000efc00000, 0x0000000100000000)
  eden space 226304K, 100% used [0x00000000e0000000,0x00000000edd00000,0x00000000edd00000)
  from space 14336K, 0% used [0x00000000eea80000,0x00000000eea80000,0x00000000ef880000)
  to   space 13824K, 0% used [0x00000000edd00000,0x00000000edd00000,0x00000000eea80000)
 ParOldGen       total 45568K, used 15151K [0x00000000a0000000, 0x00000000a2c80000, 0x00000000e0000000)
  object space 45568K, 33% used [0x00000000a0000000,0x00000000a0ecbc50,0x00000000a2c80000)
 Metaspace       used 51850K, capacity 53146K, committed 53248K, reserved 1095680K
  class space    used 6808K, capacity 7140K, committed 7168K, reserved 1048576K
Event: 24.918 GC heap after
Heap after GC invocations=11 (full 2):
 PSYoungGen      total 240128K, used 13805K [0x00000000e0000000, 0x00000000efc00000, 0x0000000100000000)
  eden space 226304K, 0% used [0x00000000e0000000,0x00000000e0000000,0x00000000edd00000)
  from space 13824K, 99% used [0x00000000edd00000,0x00000000eea7b508,0x00000000eea80000)
  to   space 14336K, 0% used [0x00000000eea80000,0x00000000eea80000,0x00000000ef880000)
 ParOldGen       total 45568K, used 25680K [0x00000000a0000000, 0x00000000a2c80000, 0x00000000e0000000)
  object space 45568K, 56% used [0x00000000a0000000,0x00000000a1914358,0x00000000a2c80000)
 Metaspace       used 51850K, capacity 53146K, committed 53248K, reserved 1095680K
  class space    used 6808K, capacity 7140K, committed 7168K, reserved 1048576K
}

Deoptimization events (10 events):
Event: 22.682 Thread 0x0000000059e12800 Uncommon trap: reason=unstable_if action=reinterpret pc=0x00000000032d34a8 method=java.security.CodeSource.matchCerts(Ljava/security/CodeSource;Z)Z @ 11
Event: 22.833 Thread 0x0000000059e12800 Uncommon trap: reason=unstable_if action=reinterpret pc=0x00000000032fde78 method=java.security.CodeSource.matchCerts(Ljava/security/CodeSource;Z)Z @ 11
Event: 22.973 Thread 0x0000000059e12800 Uncommon trap: reason=unstable_if action=reinterpret pc=0x0000000002e24c54 method=org.objectweb.asm.ByteVector.putUTF8(Ljava/lang/String;)Lorg/objectweb/asm/ByteVector; @ 93
Event: 23.151 Thread 0x0000000059e12800 Uncommon trap: reason=unstable_if action=reinterpret pc=0x0000000002d877e0 method=org.objectweb.asm.ByteVector.putUTF8(Ljava/lang/String;)Lorg/objectweb/asm/ByteVector; @ 93
Event: 23.248 Thread 0x0000000059e12800 Uncommon trap: reason=unstable_if action=reinterpret pc=0x0000000003295e74 method=groovy.lang.MetaClassImpl.filterPropertyMethod(Ljava/lang/Object;ZZ)Ljava/lang/Object; @ 192
Event: 24.105 Thread 0x0000000059e12800 Uncommon trap: reason=unstable_if action=reinterpret pc=0x0000000003333870 method=org.gradle.internal.reflect.PropertyAccessorType.of(Ljava/lang/reflect/Method;)Lorg/gradle/internal/reflect/PropertyAccessorType; @ 56
Event: 24.711 Thread 0x0000000059e12800 Uncommon trap: reason=speculate_class_check action=maybe_recompile pc=0x00000000031705d8 method=com.google.common.collect.AbstractIndexedListIterator.next()Ljava/lang/Object; @ 27
Event: 24.711 Thread 0x0000000059e12800 Uncommon trap: reason=speculate_class_check action=maybe_recompile pc=0x00000000031705d8 method=com.google.common.collect.AbstractIndexedListIterator.next()Ljava/lang/Object; @ 27
Event: 24.711 Thread 0x0000000059e12800 Uncommon trap: reason=speculate_class_check action=maybe_recompile pc=0x00000000031705d8 method=com.google.common.collect.AbstractIndexedListIterator.next()Ljava/lang/Object; @ 27
Event: 24.712 Thread 0x0000000059e12800 Uncommon trap: reason=speculate_class_check action=maybe_recompile pc=0x00000000031705d8 method=com.google.common.collect.AbstractIndexedListIterator.next()Ljava/lang/Object; @ 27

Classes redefined (0 events):
No events

Internal exceptions (10 events):
Event: 25.001 Thread 0x0000000059e12800 Exception <a 'java/lang/ClassNotFoundException': build_askj8jf15510tlqoqqrlcma2o$_run_closure1BeanInfo> (0x00000000e081cea0) thrown at [D:\src\AOSP-openjdk-cygwin\jdk8u\hotspot\src\share\vm\classfile\systemDictionary.cpp, line 210]
Event: 25.001 Thread 0x0000000059e12800 Exception <a 'java/lang/ClassNotFoundException': build_askj8jf15510tlqoqqrlcma2o$_run_closure1Customizer> (0x00000000e082e310) thrown at [D:\src\AOSP-openjdk-cygwin\jdk8u\hotspot\src\share\vm\classfile\systemDictionary.cpp, line 210]
Event: 25.022 Thread 0x0000000059e12800 Exception <a 'java/lang/ClassNotFoundException': org/gradle/api/internal/file/collections/DefaultConfigurableFileTreeBeanInfo> (0x00000000e09c0cc8) thrown at [D:\src\AOSP-openjdk-cygwin\jdk8u\hotspot\src\share\vm\classfile\systemDictionary.cpp, line 210]
Event: 25.023 Thread 0x0000000059e12800 Exception <a 'java/lang/ClassNotFoundException': org/gradle/api/internal/file/CompositeFileTreeBeanInfo> (0x00000000e09f8e90) thrown at [D:\src\AOSP-openjdk-cygwin\jdk8u\hotspot\src\share\vm\classfile\systemDictionary.cpp, line 210]
Event: 25.023 Thread 0x0000000059e12800 Exception <a 'java/lang/ClassNotFoundException': org/gradle/api/internal/file/CompositeFileCollectionBeanInfo> (0x00000000e0a355c8) thrown at [D:\src\AOSP-openjdk-cygwin\jdk8u\hotspot\src\share\vm\classfile\systemDictionary.cpp, line 210]
Event: 25.025 Thread 0x0000000059e12800 Exception <a 'java/lang/ClassNotFoundException': org/gradle/api/internal/file/AbstractFileCollectionBeanInfo> (0x00000000e0a72410) thrown at [D:\src\AOSP-openjdk-cygwin\jdk8u\hotspot\src\share\vm\classfile\systemDictionary.cpp, line 210]
Event: 25.028 Thread 0x0000000059e12800 Exception <a 'java/lang/ClassNotFoundException': org/gradle/api/internal/file/AbstractFileCollectionCustomizer> (0x00000000e0aafca0) thrown at [D:\src\AOSP-openjdk-cygwin\jdk8u\hotspot\src\share\vm\classfile\systemDictionary.cpp, line 210]
Event: 25.031 Thread 0x0000000059e12800 Exception <a 'java/lang/ClassNotFoundException': org/gradle/api/internal/file/CompositeFileCollectionCustomizer> (0x00000000e0afd4a0) thrown at [D:\src\AOSP-openjdk-cygwin\jdk8u\hotspot\src\share\vm\classfile\systemDictionary.cpp, line 210]
Event: 25.033 Thread 0x0000000059e12800 Exception <a 'java/lang/ClassNotFoundException': org/gradle/api/internal/file/CompositeFileTreeCustomizer> (0x00000000e0b47bc0) thrown at [D:\src\AOSP-openjdk-cygwin\jdk8u\hotspot\src\share\vm\classfile\systemDictionary.cpp, line 210]
Event: 25.034 Thread 0x0000000059e12800 Exception <a 'java/lang/ClassNotFoundException': org/gradle/api/internal/file/collections/DefaultConfigurableFileTreeCustomizer> (0x00000000e0b9c8a0) thrown at [D:\src\AOSP-openjdk-cygwin\jdk8u\hotspot\src\share\vm\classfile\systemDictionary.cpp, line 210

Events (10 events):
Event: 25.501 loading class org/gradle/api/file/ConfigurableFileCollection
Event: 25.501 loading class org/gradle/api/file/ConfigurableFileCollection done
Event: 25.501 loading class com/android/build/gradle/internal/scope/VariantScopeImpl
Event: 25.501 loading class com/android/build/gradle/internal/scope/VariantScopeImpl done
Event: 25.501 loading class com/android/build/gradle/internal/core/OldPostProcessingOptions
Event: 25.501 loading class com/android/build/gradle/internal/core/OldPostProcessingOptions done
Event: 25.502 loading class com/android/build/gradle/internal/scope/OutputFactory
Event: 25.502 loading class com/android/build/gradle/internal/scope/OutputFactory done
Event: 25.503 loading class com/android/build/gradle/internal/scope/ApkData
Event: 25.503 loading class com/android/build/gradle/internal/scope/ApkData done


Dynamic libraries:
0x000000013f7e0000 - 0x000000013f811000 	C:\Program Files\Android\Android Studio\jre\bin\java.exe
0x0000000077af0000 - 0x0000000077c9b000 	C:\Windows\SYSTEM32\ntdll.dll
0x00000000778d0000 - 0x00000000779ef000 	C:\Windows\system32\kernel32.dll
0x000007fefdc20000 - 0x000007fefdc8b000 	C:\Windows\system32\KERNELBASE.dll
0x000007fefe8a0000 - 0x000007fefe97b000 	C:\Windows\system32\ADVAPI32.dll
0x000007fefe260000 - 0x000007fefe2ff000 	C:\Windows\system32\msvcrt.dll
0x000007feff930000 - 0x000007feff94f000 	C:\Windows\SYSTEM32\sechost.dll
0x000007feffba0000 - 0x000007feffcce000 	C:\Windows\system32\RPCRT4.dll
0x00000000779f0000 - 0x0000000077aea000 	C:\Windows\system32\USER32.dll
0x000007feff8c0000 - 0x000007feff927000 	C:\Windows\system32\GDI32.dll
0x000007fefe980000 - 0x000007fefe98e000 	C:\Windows\system32\LPK.dll
0x000007feffad0000 - 0x000007feffb9a000 	C:\Windows\system32\USP10.dll
0x000007fefc2c0000 - 0x000007fefc4b4000 	C:\Windows\WinSxS\amd64_microsoft.windows.common-controls_6595b64144ccf1df_6.0.7600.16385_none_fa645303170382f6\COMCTL32.dll
0x000007fefe760000 - 0x000007fefe7d1000 	C:\Windows\system32\SHLWAPI.dll
0x000007fefe7e0000 - 0x000007fefe80e000 	C:\Windows\system32\IMM32.DLL
0x000007fefe300000 - 0x000007fefe409000 	C:\Windows\system32\MSCTF.dll
0x00000000740c0000 - 0x0000000074192000 	C:\Program Files\Android\Android Studio\jre\jre\bin\msvcr100.dll
0x000000006ba30000 - 0x000000006c276000 	C:\Program Files\Android\Android Studio\jre\jre\bin\server\jvm.dll
0x000007fefd7e0000 - 0x000007fefd7e9000 	C:\Windows\system32\WSOCK32.dll
0x000007fefe710000 - 0x000007fefe75d000 	C:\Windows\system32\WS2_32.dll
0x000007fefe890000 - 0x000007fefe898000 	C:\Windows\system32\NSI.dll
0x000007fefbe50000 - 0x000007fefbe8b000 	C:\Windows\system32\WINMM.dll
0x000007fefc980000 - 0x000007fefc98c000 	C:\Windows\system32\VERSION.dll
0x0000000077cc0000 - 0x0000000077cc7000 	C:\Windows\system32\PSAPI.DLL
0x000007fefb670000 - 0x000007fefb67f000 	C:\Program Files\Android\Android Studio\jre\jre\bin\verify.dll
0x000007fef2a90000 - 0x000007fef2ab9000 	C:\Program Files\Android\Android Studio\jre\jre\bin\java.dll
0x000007fef25c0000 - 0x000007fef25d6000 	C:\Program Files\Android\Android Studio\jre\jre\bin\zip.dll
0x000007fefe990000 - 0x000007feff716000 	C:\Windows\system32\SHELL32.dll
0x000007fefe4b0000 - 0x000007fefe6b1000 	C:\Windows\system32\ole32.dll
0x000007fefd920000 - 0x000007fefd92f000 	C:\Windows\system32\profapi.dll
0x000007fef2520000 - 0x000007fef253a000 	C:\Program Files\Android\Android Studio\jre\jre\bin\net.dll
0x000007feff950000 - 0x000007feffac8000 	C:\Windows\system32\urlmon.dll
0x000007feff740000 - 0x000007feff817000 	C:\Windows\system32\OLEAUT32.dll
0x000007fefdcb0000 - 0x000007fefde16000 	C:\Windows\system32\CRYPT32.dll
0x000007fefdaf0000 - 0x000007fefdaff000 	C:\Windows\system32\MSASN1.dll
0x000007fefde20000 - 0x000007fefe078000 	C:\Windows\system32\iertutil.dll
0x000007fefd000000 - 0x000007fefd054000 	C:\Windows\system32\mswsock.dll
0x000007fefd200000 - 0x000007fefd207000 	C:\Windows\System32\wship6.dll
0x000007fef2500000 - 0x000007fef2513000 	C:\Program Files\Android\Android Studio\jre\jre\bin\nio.dll
0x000007fef0b00000 - 0x000007fef0b26000 	C:\Users\hisham kilany\.gradle\native\30\windows-amd64\native-platform.dll
0x000007fef7d00000 - 0x000007fef7d0d000 	C:\Program Files\Android\Android Studio\jre\jre\bin\management.dll
0x000007fefd1b0000 - 0x000007fefd1c7000 	C:\Windows\system32\CRYPTSP.dll
0x000007fefcd30000 - 0x000007fefcd77000 	C:\Windows\system32\rsaenh.dll
0x000007fefd930000 - 0x000007fefd94e000 	C:\Windows\system32\USERENV.dll
0x000007fefd6c0000 - 0x000007fefd6cf000 	C:\Windows\system32\CRYPTBASE.dll
0x000007fefd7b0000 - 0x000007fefd7d7000 	C:\Windows\system32\IPHLPAPI.DLL
0x000007fefd7a0000 - 0x000007fefd7ab000 	C:\Windows\system32\WINNSI.DLL
0x000007fefa890000 - 0x000007fefa8a8000 	C:\Windows\system32\dhcpcsvc.DLL
0x000007fefa870000 - 0x000007fefa881000 	C:\Windows\system32\dhcpcsvc6.DLL

VM Arguments:
jvm_args: -Xmx1536m -Dfile.encoding=windows-1256 -Duser.country=US -Duser.language=en -Duser.variant 
java_command: org.gradle.launcher.daemon.bootstrap.GradleDaemon 5.6.4
java_class_path (initial): C:\Users\hisham kilany\.gradle\wrapper\dists\gradle-5.6.4-all\ankdp27end7byghfw1q2sw75f\gradle-5.6.4\lib\gradle-launcher-5.6.4.jar
Launcher Type: SUN_STANDARD

Environment Variables:
PATH=C:\Windows\system32;C:\Windows;C:\Windows\System32\Wbem;C:\Windows\System32\WindowsPowerShell\v1.0\;C:\Program Files\Git\cmd
USERNAME=hisham kilany
OS=Windows_NT
PROCESSOR_IDENTIFIER=Intel64 Family 6 Model 58 Stepping 9, GenuineIntel



---------------  S Y S T E M  ---------------

OS: Windows 7 , 64 bit Build 7600 (6.1.7600.16385)

CPU:total 4 (initial active 4) (2 cores per cpu, 2 threads per core) family 6 model 58 stepping 9, cmov, cx8, fxsr, mmx, sse, sse2, sse3, ssse3, sse4.1, sse4.2, popcnt, aes, clmul, erms, ht, tsc, tscinvbit, tscinv

Memory: 4k page, physical 4056580k(469244k free), swap 4054676k(5836k free)

vm_info: OpenJDK 64-Bit Server VM (25.212-b04) for windows-amd64 JRE (1.8.0_212-release-1586-b04), built by "builder" with MS VC++ 10.0 (VS2010)

time: Sat Apr 25 18:21:02 2020
timezone: Egypt Standard Time
elapsed time: 25 seconds (0d 0h 0m 25s)

